d:\vpes_git\vpes_git\poppad3_vs2015\x64\debug\vc140.pdb
d:\vpes_git\vpes_git\poppad3_vs2015\x64\debug\vc140.idb
d:\vpes_git\vpes_git\poppad3_vs2015\x64\debug\popfile.obj
d:\vpes_git\vpes_git\poppad3_vs2015\x64\debug\popfind.obj
d:\vpes_git\vpes_git\poppad3_vs2015\x64\debug\popfont.obj
d:\vpes_git\vpes_git\poppad3_vs2015\x64\debug\poppad.obj
d:\vpes_git\vpes_git\poppad3_vs2015\x64\debug\popprnt0.obj
d:\vpes_git\vpes_git\poppad3_vs2015\x64\debug\vs2015_poppad.ilk
d:\vpes_git\vpes_git\poppad3_vs2015\x64\debug\vs2015_poppad.exe
d:\vpes_git\vpes_git\poppad3_vs2015\x64\debug\vs2015_poppad.pdb
d:\vpes_git\vpes_git\poppad3_vs2015\x64\debug\poppad.res
d:\vpes_git\vpes_git\poppad3_vs2015\x64\debug\vs2015_poppad.tlog\cl.command.1.tlog
d:\vpes_git\vpes_git\poppad3_vs2015\x64\debug\vs2015_poppad.tlog\cl.read.1.tlog
d:\vpes_git\vpes_git\poppad3_vs2015\x64\debug\vs2015_poppad.tlog\cl.write.1.tlog
d:\vpes_git\vpes_git\poppad3_vs2015\x64\debug\vs2015_poppad.tlog\link.command.1.tlog
d:\vpes_git\vpes_git\poppad3_vs2015\x64\debug\vs2015_poppad.tlog\link.read.1.tlog
d:\vpes_git\vpes_git\poppad3_vs2015\x64\debug\vs2015_poppad.tlog\link.write.1.tlog
d:\vpes_git\vpes_git\poppad3_vs2015\x64\debug\vs2015_poppad.tlog\rc.command.1.tlog
d:\vpes_git\vpes_git\poppad3_vs2015\x64\debug\vs2015_poppad.tlog\rc.read.1.tlog
d:\vpes_git\vpes_git\poppad3_vs2015\x64\debug\vs2015_poppad.tlog\rc.write.1.tlog
