==================================================================
2020/11/09_22:05:15:157
processName:conhost
PID:  30900
PPID: 24376
csID: 1
==================================================================
==================================================================
2020/11/09_22:05:15:201
processName:msbuild
PID:  24376
PPID: 14508
csID: 2
==================================================================
==================================================================
2020/11/09_22:05:15:874
processName:csc
PID:  21016
PPID: 24376
csID: 3
==================================================================
==================================================================
2020/11/09_22:05:15:994
processName:cvtres
PID:  9556
PPID: 21016
csID: 4
==================================================================
==================================================================
2020/11/09_22:05:16:143
processName:conhost
PID:  38636
PPID: 43780
csID: 5
==================================================================
==================================================================
2020/11/09_22:05:16:184
processName:Tracker
PID:  43780
PPID: 24376
csID: 6
==================================================================
==================================================================
2020/11/09_22:05:16:239
processName:CL
PID:  45376
PPID: 43780
csID: 7
==================================================================
==================================================================
2020/11/09_22:05:16:752
processName:conhost
PID:  44012
PPID: 26888
csID: 8
==================================================================
==================================================================
2020/11/09_22:05:16:793
processName:Tracker
PID:  26888
PPID: 24376
csID: 9
==================================================================
==================================================================
2020/11/09_22:05:16:847
processName:link
PID:  23112
PPID: 26888
csID: 10
==================================================================
==================================================================
2020/11/09_22:05:17:38
processName:rc
PID:  33128
PPID: 23112
csID: 11
==================================================================
==================================================================
2020/11/09_22:05:17:112
processName:cvtres
PID:  38940
PPID: 23112
csID: 12
==================================================================
==================================================================
2020/11/09_22:05:17:185
processName:mspdbsrv
PID:  24008
PPID: 23112
csID: 13
==================================================================
==================================================================
2020/11/09_22:05:17:604
processName:VCTIP
PID:  43924
PPID: 23112
csID: 14
==================================================================
