(30900)(    1)ME: C:\WINDOWS\system32\conhost.exe
(30900)(    1) + HOME: C:\Users\ysgo\AppData\Local\Suresofttech\STATIC Toolbox\apps\STATIC Client for C, C++ v1.1.4\
(30900)(    1) + WORKING: C:\Users\ysgo\Desktop\Selenium\STATIC_Automation\src\ccpp\Compatibility\English\2015_C_x86_address\.staticdata
(30900) + IGNORE: msbuild xxxxx // INTEREST: cl gcc cc g++ ar link ld xxx xc8 cpp cpstm8 castm8 clnk tricore-gcc tricore-g++ ctoa etoa ecomppc elxr
(30900)(    1) + Ignored EXENAME: conhost
(24376)(    2)ME: C:\Program Files (x86)\MSBuild\14.0\bin\msbuild.exe
(24376)(    2) + HOME: C:\Users\ysgo\AppData\Local\Suresofttech\STATIC Toolbox\apps\STATIC Client for C, C++ v1.1.4\
(24376)(    2) + WORKING: C:\Users\ysgo\Desktop\Selenium\STATIC_Automation\src\ccpp\Compatibility\English\2015_C_x86_address\.staticdata
(24376) + IGNORE: msbuild xxxxx // INTEREST: cl gcc cc g++ ar link ld xxx xc8 cpp cpstm8 castm8 clnk tricore-gcc tricore-g++ ctoa etoa ecomppc elxr
(24376)(    2)ME: C:\Program Files (x86)\MSBuild\14.0\bin\msbuild.exe
(24376)(    2) + HOME: C:\Users\ysgo\AppData\Local\Suresofttech\STATIC Toolbox\apps\STATIC Client for C, C++ v1.1.4\
(24376)(    2) + WORKING: C:\Users\ysgo\Desktop\Selenium\STATIC_Automation\src\ccpp\Compatibility\English\2015_C_x86_address\.staticdata
(24376) + IGNORE: msbuild xxxxx // INTEREST: cl gcc cc g++ ar link ld xxx xc8 cpp cpstm8 castm8 clnk tricore-gcc tricore-g++ ctoa etoa ecomppc elxr
(21016)(    3)ME: C:\Windows\Microsoft.NET\Framework\v4.0.30319\csc.exe
(21016)(    3) + HOME: C:\Users\ysgo\AppData\Local\Suresofttech\STATIC Toolbox\apps\STATIC Client for C, C++ v1.1.4\
(21016)(    3) + WORKING: C:\Users\ysgo\Desktop\Selenium\STATIC_Automation\src\ccpp\Compatibility\English\2015_C_x86_address\.staticdata
(21016) + IGNORE: msbuild xxxxx // INTEREST: cl gcc cc g++ ar link ld xxx xc8 cpp cpstm8 castm8 clnk tricore-gcc tricore-g++ ctoa etoa ecomppc elxr
(21016)(    3) + Ignored EXENAME: csc
( 9556)(    4)ME: C:\Windows\Microsoft.NET\Framework\v4.0.30319\cvtres.exe
( 9556)(    4) + HOME: C:\Users\ysgo\AppData\Local\Suresofttech\STATIC Toolbox\apps\STATIC Client for C, C++ v1.1.4\
( 9556)(    4) + WORKING: C:\Users\ysgo\Desktop\Selenium\STATIC_Automation\src\ccpp\Compatibility\English\2015_C_x86_address\.staticdata
( 9556) + IGNORE: msbuild xxxxx // INTEREST: cl gcc cc g++ ar link ld xxx xc8 cpp cpstm8 castm8 clnk tricore-gcc tricore-g++ ctoa etoa ecomppc elxr
( 9556)(    4) + Ignored EXENAME: cvtres
(38636)(    5)ME: C:\WINDOWS\system32\conhost.exe
(38636)(    5) + HOME: C:\Users\ysgo\AppData\Local\Suresofttech\STATIC Toolbox\apps\STATIC Client for C, C++ v1.1.4\
(38636)(    5) + WORKING: C:\Users\ysgo\Desktop\Selenium\STATIC_Automation\src\ccpp\Compatibility\English\2015_C_x86_address\.staticdata
(38636) + IGNORE: msbuild xxxxx // INTEREST: cl gcc cc g++ ar link ld xxx xc8 cpp cpstm8 castm8 clnk tricore-gcc tricore-g++ ctoa etoa ecomppc elxr
(38636)(    5) + Ignored EXENAME: conhost
(43780)(    6)ME: C:\Program Files (x86)\MSBuild\14.0\bin\Tracker.exe
(43780)(    6) + HOME: C:\Users\ysgo\AppData\Local\Suresofttech\STATIC Toolbox\apps\STATIC Client for C, C++ v1.1.4\
(43780)(    6) + WORKING: C:\Users\ysgo\Desktop\Selenium\STATIC_Automation\src\ccpp\Compatibility\English\2015_C_x86_address\.staticdata
(43780) + IGNORE: msbuild xxxxx // INTEREST: cl gcc cc g++ ar link ld xxx xc8 cpp cpstm8 castm8 clnk tricore-gcc tricore-g++ ctoa etoa ecomppc elxr
(43780)(    6) + Ignored EXENAME: tracker
(45376)(    7)ME: C:\Program Files (x86)\Microsoft Visual Studio 14.0\VC\bin\CL.exe
(45376)(    7) + HOME: C:\Users\ysgo\AppData\Local\Suresofttech\STATIC Toolbox\apps\STATIC Client for C, C++ v1.1.4\
(45376)(    7) + WORKING: C:\Users\ysgo\Desktop\Selenium\STATIC_Automation\src\ccpp\Compatibility\English\2015_C_x86_address\.staticdata
(45376) + IGNORE: msbuild xxxxx // INTEREST: cl gcc cc g++ ar link ld xxx xc8 cpp cpstm8 castm8 clnk tricore-gcc tricore-g++ ctoa etoa ecomppc elxr
(45376)(    7)ME: C:\Program Files (x86)\Microsoft Visual Studio 14.0\VC\bin\CL.exe
(45376)(    7) + HOME: C:\Users\ysgo\AppData\Local\Suresofttech\STATIC Toolbox\apps\STATIC Client for C, C++ v1.1.4\
(45376)(    7) + WORKING: C:\Users\ysgo\Desktop\Selenium\STATIC_Automation\src\ccpp\Compatibility\English\2015_C_x86_address\.staticdata
(45376) + IGNORE: msbuild xxxxx // INTEREST: cl gcc cc g++ ar link ld xxx xc8 cpp cpstm8 castm8 clnk tricore-gcc tricore-g++ ctoa etoa ecomppc elxr
(44012)(    8)ME: C:\WINDOWS\system32\conhost.exe
(44012)(    8) + HOME: C:\Users\ysgo\AppData\Local\Suresofttech\STATIC Toolbox\apps\STATIC Client for C, C++ v1.1.4\
(44012)(    8) + WORKING: C:\Users\ysgo\Desktop\Selenium\STATIC_Automation\src\ccpp\Compatibility\English\2015_C_x86_address\.staticdata
(44012) + IGNORE: msbuild xxxxx // INTEREST: cl gcc cc g++ ar link ld xxx xc8 cpp cpstm8 castm8 clnk tricore-gcc tricore-g++ ctoa etoa ecomppc elxr
(44012)(    8) + Ignored EXENAME: conhost
(26888)(    9)ME: C:\Program Files (x86)\MSBuild\14.0\bin\Tracker.exe
(26888)(    9) + HOME: C:\Users\ysgo\AppData\Local\Suresofttech\STATIC Toolbox\apps\STATIC Client for C, C++ v1.1.4\
(26888)(    9) + WORKING: C:\Users\ysgo\Desktop\Selenium\STATIC_Automation\src\ccpp\Compatibility\English\2015_C_x86_address\.staticdata
(26888) + IGNORE: msbuild xxxxx // INTEREST: cl gcc cc g++ ar link ld xxx xc8 cpp cpstm8 castm8 clnk tricore-gcc tricore-g++ ctoa etoa ecomppc elxr
(26888)(    9) + Ignored EXENAME: tracker
(33128)(   11)ME: C:\Program Files (x86)\Windows Kits\8.1\bin\x86\rc.exe
(33128)(   11) + HOME: C:\Users\ysgo\AppData\Local\Suresofttech\STATIC Toolbox\apps\STATIC Client for C, C++ v1.1.4\
(33128)(   11) + WORKING: C:\Users\ysgo\Desktop\Selenium\STATIC_Automation\src\ccpp\Compatibility\English\2015_C_x86_address\.staticdata
(33128) + IGNORE: msbuild xxxxx // INTEREST: cl gcc cc g++ ar link ld xxx xc8 cpp cpstm8 castm8 clnk tricore-gcc tricore-g++ ctoa etoa ecomppc elxr
(33128)(   11) + Ignored EXENAME: rc
(38940)(   12)ME: C:\Program Files (x86)\Microsoft Visual Studio 14.0\VC\bin\cvtres.exe
(38940)(   12) + HOME: C:\Users\ysgo\AppData\Local\Suresofttech\STATIC Toolbox\apps\STATIC Client for C, C++ v1.1.4\
(38940)(   12) + WORKING: C:\Users\ysgo\Desktop\Selenium\STATIC_Automation\src\ccpp\Compatibility\English\2015_C_x86_address\.staticdata
(38940) + IGNORE: msbuild xxxxx // INTEREST: cl gcc cc g++ ar link ld xxx xc8 cpp cpstm8 castm8 clnk tricore-gcc tricore-g++ ctoa etoa ecomppc elxr
(38940)(   12) + Ignored EXENAME: cvtres
(24008)(   13)ME: C:\Program Files (x86)\Microsoft Visual Studio 14.0\VC\bin\mspdbsrv.exe
(24008)(   13) + HOME: C:\Users\ysgo\AppData\Local\Suresofttech\STATIC Toolbox\apps\STATIC Client for C, C++ v1.1.4\
(24008)(   13) + WORKING: C:\Users\ysgo\Desktop\Selenium\STATIC_Automation\src\ccpp\Compatibility\English\2015_C_x86_address\.staticdata
(24008) + IGNORE: msbuild xxxxx // INTEREST: cl gcc cc g++ ar link ld xxx xc8 cpp cpstm8 castm8 clnk tricore-gcc tricore-g++ ctoa etoa ecomppc elxr
(24008)(   13) + Ignored EXENAME: mspdbsrv
(43924)(   14)ME: C:\Program Files (x86)\Microsoft Visual Studio 14.0\VC\bin\VCTIP.EXE
(43924)(   14) + HOME: C:\Users\ysgo\AppData\Local\Suresofttech\STATIC Toolbox\apps\STATIC Client for C, C++ v1.1.4\
(43924)(   14) + WORKING: C:\Users\ysgo\Desktop\Selenium\STATIC_Automation\src\ccpp\Compatibility\English\2015_C_x86_address\.staticdata
(43924) + IGNORE: msbuild xxxxx // INTEREST: cl gcc cc g++ ar link ld xxx xc8 cpp cpstm8 castm8 clnk tricore-gcc tricore-g++ ctoa etoa ecomppc elxr
(43924)(   14) + Ignored EXENAME: vctip
(23112)(   10)ME: C:\Program Files (x86)\Microsoft Visual Studio 14.0\VC\bin\link.exe
(23112)(   10) + HOME: C:\Users\ysgo\AppData\Local\Suresofttech\STATIC Toolbox\apps\STATIC Client for C, C++ v1.1.4\
(23112)(   10) + WORKING: C:\Users\ysgo\Desktop\Selenium\STATIC_Automation\src\ccpp\Compatibility\English\2015_C_x86_address\.staticdata
(23112) + IGNORE: msbuild xxxxx // INTEREST: cl gcc cc g++ ar link ld xxx xc8 cpp cpstm8 castm8 clnk tricore-gcc tricore-g++ ctoa etoa ecomppc elxr
(23112)(   10)ME: C:\Program Files (x86)\Microsoft Visual Studio 14.0\VC\bin\link.exe
(23112)(   10) + HOME: C:\Users\ysgo\AppData\Local\Suresofttech\STATIC Toolbox\apps\STATIC Client for C, C++ v1.1.4\
(23112)(   10) + WORKING: C:\Users\ysgo\Desktop\Selenium\STATIC_Automation\src\ccpp\Compatibility\English\2015_C_x86_address\.staticdata
(23112) + IGNORE: msbuild xxxxx // INTEREST: cl gcc cc g++ ar link ld xxx xc8 cpp cpstm8 castm8 clnk tricore-gcc tricore-g++ ctoa etoa ecomppc elxr
(43924)(   14)ME: C:\Program Files (x86)\Microsoft Visual Studio 14.0\VC\bin\VCTIP.EXE
(43924)(   14) + HOME: C:\Users\ysgo\AppData\Local\Suresofttech\STATIC Toolbox\apps\STATIC Client for C, C++ v1.1.4\
(43924)(   14) + WORKING: C:\Users\ysgo\Desktop\Selenium\STATIC_Automation\src\ccpp\Compatibility\English\2015_C_x86_address\.staticdata
(43924) + IGNORE: msbuild xxxxx // INTEREST: cl gcc cc g++ ar link ld xxx xc8 cpp cpstm8 castm8 clnk tricore-gcc tricore-g++ ctoa etoa ecomppc elxr
(24008)(   13)ME: C:\Program Files (x86)\Microsoft Visual Studio 14.0\VC\bin\mspdbsrv.exe
(24008)(   13) + HOME: C:\Users\ysgo\AppData\Local\Suresofttech\STATIC Toolbox\apps\STATIC Client for C, C++ v1.1.4\
(24008)(   13) + WORKING: C:\Users\ysgo\Desktop\Selenium\STATIC_Automation\src\ccpp\Compatibility\English\2015_C_x86_address\.staticdata
(24008) + IGNORE: msbuild xxxxx // INTEREST: cl gcc cc g++ ar link ld xxx xc8 cpp cpstm8 castm8 clnk tricore-gcc tricore-g++ ctoa etoa ecomppc elxr
