==================================================================
2023/06/07_12:03:19:525
processName:conhost
PID:  24596
PPID: 22168
csID: 1
==================================================================
==================================================================
2023/06/07_12:03:19:546
processName:cmd
PID:  22168
PPID: 28540
csID: 2
==================================================================
==================================================================
2023/06/07_12:03:19:576
processName:chcp
PID:  23284
PPID: 22168
csID: 3
==================================================================
==================================================================
2023/06/07_12:03:19:646
processName:MSBuild
PID:  25976
PPID: 22168
csID: 4
==================================================================
==================================================================
2023/06/07_12:03:19:795
processName:chcp
PID:  20380
PPID: 22168
csID: 5
==================================================================
