( 2028)(    1)ME: C:\Windows\system32\conhost.exe
( 2028)(    1) + HOME: C:\Users\nryun\AppData\Local\Suresofttech\STATIC Toolbox\apps\STATIC Client for C, C++ v1.1.8\
( 2028)(    1) + WORKING: D:\VPES_mini\nari\visual_studio_c_cpp\.staticdata
( 2028) + IGNORE: msbuild xxxxx // INTEREST: cl gcc cc g++ ar link ld xxx xc8 cpp cpstm8 castm8 clnk tricore-gcc tricore-g++ ctoa etoa ecomppc elxr
( 2028)(    1) + Ignored EXENAME: conhost
(10936)(    2)ME: C:\Windows\system32\cmd.exe
(10936)(    2) + HOME: C:\Users\nryun\AppData\Local\Suresofttech\STATIC Toolbox\apps\STATIC Client for C, C++ v1.1.8\
(10936)(    2) + WORKING: D:\VPES_mini\nari\visual_studio_c_cpp\.staticdata
(10936) + IGNORE: msbuild xxxxx // INTEREST: cl gcc cc g++ ar link ld xxx xc8 cpp cpstm8 castm8 clnk tricore-gcc tricore-g++ ctoa etoa ecomppc elxr
(10936)(    2) + Ignored EXENAME: cmd
(  708)(    3)ME: C:\Windows\system32\chcp.com
(  708)(    3) + HOME: C:\Users\nryun\AppData\Local\Suresofttech\STATIC Toolbox\apps\STATIC Client for C, C++ v1.1.8\
(  708)(    3) + WORKING: D:\VPES_mini\nari\visual_studio_c_cpp\.staticdata
(  708) + IGNORE: msbuild xxxxx // INTEREST: cl gcc cc g++ ar link ld xxx xc8 cpp cpstm8 castm8 clnk tricore-gcc tricore-g++ ctoa etoa ecomppc elxr
(  708)(    3) + Ignored EXENAME: chcp
( 2384)(    4)ME: C:\Program Files (x86)\MSBuild\14.0\bin\MSBuild.exe
( 2384)(    4) + HOME: C:\Users\nryun\AppData\Local\Suresofttech\STATIC Toolbox\apps\STATIC Client for C, C++ v1.1.8\
( 2384)(    4) + WORKING: D:\VPES_mini\nari\visual_studio_c_cpp\.staticdata
( 2384) + IGNORE: msbuild xxxxx // INTEREST: cl gcc cc g++ ar link ld xxx xc8 cpp cpstm8 castm8 clnk tricore-gcc tricore-g++ ctoa etoa ecomppc elxr
( 2384)(    4)ME: C:\Program Files (x86)\MSBuild\14.0\bin\MSBuild.exe
( 2384)(    4) + HOME: C:\Users\nryun\AppData\Local\Suresofttech\STATIC Toolbox\apps\STATIC Client for C, C++ v1.1.8\
( 2384)(    4) + WORKING: D:\VPES_mini\nari\visual_studio_c_cpp\.staticdata
( 2384) + IGNORE: msbuild xxxxx // INTEREST: cl gcc cc g++ ar link ld xxx xc8 cpp cpstm8 castm8 clnk tricore-gcc tricore-g++ ctoa etoa ecomppc elxr
( 1724)(    5)ME: C:\Windows\Microsoft.NET\Framework\v4.0.30319\csc.exe
( 1724)(    5) + HOME: C:\Users\nryun\AppData\Local\Suresofttech\STATIC Toolbox\apps\STATIC Client for C, C++ v1.1.8\
( 1724)(    5) + WORKING: D:\VPES_mini\nari\visual_studio_c_cpp\.staticdata
( 1724) + IGNORE: msbuild xxxxx // INTEREST: cl gcc cc g++ ar link ld xxx xc8 cpp cpstm8 castm8 clnk tricore-gcc tricore-g++ ctoa etoa ecomppc elxr
( 1724)(    5) + Ignored EXENAME: csc
(15280)(    6)ME: C:\Windows\Microsoft.NET\Framework\v4.0.30319\cvtres.exe
(15280)(    6) + HOME: C:\Users\nryun\AppData\Local\Suresofttech\STATIC Toolbox\apps\STATIC Client for C, C++ v1.1.8\
(15280)(    6) + WORKING: D:\VPES_mini\nari\visual_studio_c_cpp\.staticdata
(15280) + IGNORE: msbuild xxxxx // INTEREST: cl gcc cc g++ ar link ld xxx xc8 cpp cpstm8 castm8 clnk tricore-gcc tricore-g++ ctoa etoa ecomppc elxr
(15280)(    6) + Ignored EXENAME: cvtres
(15280)(    6)ME: C:\Windows\Microsoft.NET\Framework\v4.0.30319\cvtres.exe
(15280)(    6) + HOME: C:\Users\nryun\AppData\Local\Suresofttech\STATIC Toolbox\apps\STATIC Client for C, C++ v1.1.8\
(15280)(    6) + WORKING: D:\VPES_mini\nari\visual_studio_c_cpp\.staticdata
(15280) + IGNORE: msbuild xxxxx // INTEREST: cl gcc cc g++ ar link ld xxx xc8 cpp cpstm8 castm8 clnk tricore-gcc tricore-g++ ctoa etoa ecomppc elxr
( 1724)(    5)ME: C:\Windows\Microsoft.NET\Framework\v4.0.30319\csc.exe
( 1724)(    5) + HOME: C:\Users\nryun\AppData\Local\Suresofttech\STATIC Toolbox\apps\STATIC Client for C, C++ v1.1.8\
( 1724)(    5) + WORKING: D:\VPES_mini\nari\visual_studio_c_cpp\.staticdata
( 1724) + IGNORE: msbuild xxxxx // INTEREST: cl gcc cc g++ ar link ld xxx xc8 cpp cpstm8 castm8 clnk tricore-gcc tricore-g++ ctoa etoa ecomppc elxr
(14624)(    7)ME: C:\Windows\system32\conhost.exe
(14624)(    7) + HOME: C:\Users\nryun\AppData\Local\Suresofttech\STATIC Toolbox\apps\STATIC Client for C, C++ v1.1.8\
(14624)(    7) + WORKING: D:\VPES_mini\nari\visual_studio_c_cpp\.staticdata
(14624) + IGNORE: msbuild xxxxx // INTEREST: cl gcc cc g++ ar link ld xxx xc8 cpp cpstm8 castm8 clnk tricore-gcc tricore-g++ ctoa etoa ecomppc elxr
(14624)(    7) + Ignored EXENAME: conhost
( 9900)(    8)ME: C:\Program Files (x86)\MSBuild\14.0\bin\Tracker.exe
( 9900)(    8) + HOME: C:\Users\nryun\AppData\Local\Suresofttech\STATIC Toolbox\apps\STATIC Client for C, C++ v1.1.8\
( 9900)(    8) + WORKING: D:\VPES_mini\nari\visual_studio_c_cpp\.staticdata
( 9900) + IGNORE: msbuild xxxxx // INTEREST: cl gcc cc g++ ar link ld xxx xc8 cpp cpstm8 castm8 clnk tricore-gcc tricore-g++ ctoa etoa ecomppc elxr
( 9900)(    8) + Ignored EXENAME: tracker
( 8944)(   10)ME: C:\Program Files (x86)\Microsoft Visual Studio 14.0\VC\bin\mspdbsrv.exe
( 8944)(   10) + HOME: C:\Users\nryun\AppData\Local\Suresofttech\STATIC Toolbox\apps\STATIC Client for C, C++ v1.1.8\
( 8944)(   10) + WORKING: D:\VPES_mini\nari\visual_studio_c_cpp\.staticdata
( 8944) + IGNORE: msbuild xxxxx // INTEREST: cl gcc cc g++ ar link ld xxx xc8 cpp cpstm8 castm8 clnk tricore-gcc tricore-g++ ctoa etoa ecomppc elxr
( 8944)(   10) + Ignored EXENAME: mspdbsrv
(15308)(    9)ME: C:\Program Files (x86)\Microsoft Visual Studio 14.0\VC\bin\x86_amd64\CL.exe
(15308)(    9) + HOME: C:\Users\nryun\AppData\Local\Suresofttech\STATIC Toolbox\apps\STATIC Client for C, C++ v1.1.8\
(15308)(    9) + WORKING: D:\VPES_mini\nari\visual_studio_c_cpp\.staticdata
(15308) + IGNORE: msbuild xxxxx // INTEREST: cl gcc cc g++ ar link ld xxx xc8 cpp cpstm8 castm8 clnk tricore-gcc tricore-g++ ctoa etoa ecomppc elxr
(15308)(    9)ME: C:\Program Files (x86)\Microsoft Visual Studio 14.0\VC\bin\x86_amd64\CL.exe
(15308)(    9) + HOME: C:\Users\nryun\AppData\Local\Suresofttech\STATIC Toolbox\apps\STATIC Client for C, C++ v1.1.8\
(15308)(    9) + WORKING: D:\VPES_mini\nari\visual_studio_c_cpp\.staticdata
(15308) + IGNORE: msbuild xxxxx // INTEREST: cl gcc cc g++ ar link ld xxx xc8 cpp cpstm8 castm8 clnk tricore-gcc tricore-g++ ctoa etoa ecomppc elxr
( 9900)(    8)ME: C:\Program Files (x86)\MSBuild\14.0\bin\Tracker.exe
( 9900)(    8) + HOME: C:\Users\nryun\AppData\Local\Suresofttech\STATIC Toolbox\apps\STATIC Client for C, C++ v1.1.8\
( 9900)(    8) + WORKING: D:\VPES_mini\nari\visual_studio_c_cpp\.staticdata
( 9900) + IGNORE: msbuild xxxxx // INTEREST: cl gcc cc g++ ar link ld xxx xc8 cpp cpstm8 castm8 clnk tricore-gcc tricore-g++ ctoa etoa ecomppc elxr
( 1508)(   11)ME: C:\Windows\system32\conhost.exe
( 1508)(   11) + HOME: C:\Users\nryun\AppData\Local\Suresofttech\STATIC Toolbox\apps\STATIC Client for C, C++ v1.1.8\
( 1508)(   11) + WORKING: D:\VPES_mini\nari\visual_studio_c_cpp\.staticdata
( 1508) + IGNORE: msbuild xxxxx // INTEREST: cl gcc cc g++ ar link ld xxx xc8 cpp cpstm8 castm8 clnk tricore-gcc tricore-g++ ctoa etoa ecomppc elxr
( 1508)(   11) + Ignored EXENAME: conhost
( 6168)(   12)ME: C:\Program Files (x86)\MSBuild\14.0\bin\Tracker.exe
( 6168)(   12) + HOME: C:\Users\nryun\AppData\Local\Suresofttech\STATIC Toolbox\apps\STATIC Client for C, C++ v1.1.8\
( 6168)(   12) + WORKING: D:\VPES_mini\nari\visual_studio_c_cpp\.staticdata
( 6168) + IGNORE: msbuild xxxxx // INTEREST: cl gcc cc g++ ar link ld xxx xc8 cpp cpstm8 castm8 clnk tricore-gcc tricore-g++ ctoa etoa ecomppc elxr
( 6168)(   12) + Ignored EXENAME: tracker
( 1216)(   14)ME: C:\Program Files (x86)\Windows Kits\8.1\bin\x86\rc.exe
( 1216)(   14) + HOME: C:\Users\nryun\AppData\Local\Suresofttech\STATIC Toolbox\apps\STATIC Client for C, C++ v1.1.8\
( 1216)(   14) + WORKING: D:\VPES_mini\nari\visual_studio_c_cpp\.staticdata
( 1216) + IGNORE: msbuild xxxxx // INTEREST: cl gcc cc g++ ar link ld xxx xc8 cpp cpstm8 castm8 clnk tricore-gcc tricore-g++ ctoa etoa ecomppc elxr
( 1216)(   14) + Ignored EXENAME: rc
( 1216)(   14)ME: C:\Program Files (x86)\Windows Kits\8.1\bin\x86\rc.exe
( 1216)(   14) + HOME: C:\Users\nryun\AppData\Local\Suresofttech\STATIC Toolbox\apps\STATIC Client for C, C++ v1.1.8\
( 1216)(   14) + WORKING: D:\VPES_mini\nari\visual_studio_c_cpp\.staticdata
( 1216) + IGNORE: msbuild xxxxx // INTEREST: cl gcc cc g++ ar link ld xxx xc8 cpp cpstm8 castm8 clnk tricore-gcc tricore-g++ ctoa etoa ecomppc elxr
(11552)(   15)ME: C:\Program Files (x86)\Microsoft Visual Studio 14.0\VC\bin\cvtres.exe
(11552)(   15) + HOME: C:\Users\nryun\AppData\Local\Suresofttech\STATIC Toolbox\apps\STATIC Client for C, C++ v1.1.8\
(11552)(   15) + WORKING: D:\VPES_mini\nari\visual_studio_c_cpp\.staticdata
(11552) + IGNORE: msbuild xxxxx // INTEREST: cl gcc cc g++ ar link ld xxx xc8 cpp cpstm8 castm8 clnk tricore-gcc tricore-g++ ctoa etoa ecomppc elxr
(11552)(   15) + Ignored EXENAME: cvtres
(11552)(   15)ME: C:\Program Files (x86)\Microsoft Visual Studio 14.0\VC\bin\cvtres.exe
(11552)(   15) + HOME: C:\Users\nryun\AppData\Local\Suresofttech\STATIC Toolbox\apps\STATIC Client for C, C++ v1.1.8\
(11552)(   15) + WORKING: D:\VPES_mini\nari\visual_studio_c_cpp\.staticdata
(11552) + IGNORE: msbuild xxxxx // INTEREST: cl gcc cc g++ ar link ld xxx xc8 cpp cpstm8 castm8 clnk tricore-gcc tricore-g++ ctoa etoa ecomppc elxr
( 3980)(   13)ME: C:\Program Files (x86)\Microsoft Visual Studio 14.0\VC\bin\x86_amd64\link.exe
( 3980)(   13) + HOME: C:\Users\nryun\AppData\Local\Suresofttech\STATIC Toolbox\apps\STATIC Client for C, C++ v1.1.8\
( 3980)(   13) + WORKING: D:\VPES_mini\nari\visual_studio_c_cpp\.staticdata
( 3980) + IGNORE: msbuild xxxxx // INTEREST: cl gcc cc g++ ar link ld xxx xc8 cpp cpstm8 castm8 clnk tricore-gcc tricore-g++ ctoa etoa ecomppc elxr
( 3980)(   13)ME: C:\Program Files (x86)\Microsoft Visual Studio 14.0\VC\bin\x86_amd64\link.exe
( 3980)(   13) + HOME: C:\Users\nryun\AppData\Local\Suresofttech\STATIC Toolbox\apps\STATIC Client for C, C++ v1.1.8\
( 3980)(   13) + WORKING: D:\VPES_mini\nari\visual_studio_c_cpp\.staticdata
( 3980) + IGNORE: msbuild xxxxx // INTEREST: cl gcc cc g++ ar link ld xxx xc8 cpp cpstm8 castm8 clnk tricore-gcc tricore-g++ ctoa etoa ecomppc elxr
( 6168)(   12)ME: C:\Program Files (x86)\MSBuild\14.0\bin\Tracker.exe
( 6168)(   12) + HOME: C:\Users\nryun\AppData\Local\Suresofttech\STATIC Toolbox\apps\STATIC Client for C, C++ v1.1.8\
( 6168)(   12) + WORKING: D:\VPES_mini\nari\visual_studio_c_cpp\.staticdata
( 6168) + IGNORE: msbuild xxxxx // INTEREST: cl gcc cc g++ ar link ld xxx xc8 cpp cpstm8 castm8 clnk tricore-gcc tricore-g++ ctoa etoa ecomppc elxr
( 8296)(   16)ME: C:\Windows\system32\chcp.com
( 8296)(   16) + HOME: C:\Users\nryun\AppData\Local\Suresofttech\STATIC Toolbox\apps\STATIC Client for C, C++ v1.1.8\
( 8296)(   16) + WORKING: D:\VPES_mini\nari\visual_studio_c_cpp\.staticdata
( 8296) + IGNORE: msbuild xxxxx // INTEREST: cl gcc cc g++ ar link ld xxx xc8 cpp cpstm8 castm8 clnk tricore-gcc tricore-g++ ctoa etoa ecomppc elxr
( 8296)(   16) + Ignored EXENAME: chcp
( 8944)(   10)ME: C:\Program Files (x86)\Microsoft Visual Studio 14.0\VC\bin\mspdbsrv.exe
( 8944)(   10) + HOME: C:\Users\nryun\AppData\Local\Suresofttech\STATIC Toolbox\apps\STATIC Client for C, C++ v1.1.8\
( 8944)(   10) + WORKING: D:\VPES_mini\nari\visual_studio_c_cpp\.staticdata
( 8944) + IGNORE: msbuild xxxxx // INTEREST: cl gcc cc g++ ar link ld xxx xc8 cpp cpstm8 castm8 clnk tricore-gcc tricore-g++ ctoa etoa ecomppc elxr
