c:\users\ysgo\desktop\selenium\static_automation\src\ccpp\compatibility\english\2015_c_x86_address\.staticdata\wtrace.csid.log
c:\users\ysgo\desktop\selenium\static_automation\src\ccpp\compatibility\english\2015_c_x86_address\.staticdata\wtrace.cl.8
c:\users\ysgo\desktop\selenium\static_automation\src\ccpp\compatibility\english\2015_c_x86_address\address_manager\release\vc140.pdb
c:\users\ysgo\desktop\selenium\static_automation\src\ccpp\compatibility\english\2015_c_x86_address\address_manager\release\manager.obj
c:\users\ysgo\desktop\selenium\static_automation\src\ccpp\compatibility\english\2015_c_x86_address\.staticdata\wtrace.error.log
c:\users\ysgo\desktop\selenium\static_automation\src\ccpp\compatibility\english\2015_c_x86_address\.staticdata\wtrace.log
c:\users\ysgo\appdata\local\microsoft\applicationinsights\vstelaif-312cbd79-9dbb-4c48-a7da-3cc2a931cb70\20201203123415_d8ce6c968aa44decb3eddfbf38f58ebc.trn
c:\users\ysgo\desktop\selenium\static_automation\src\ccpp\compatibility\english\2015_c_x86_address\.staticdata\wtrace.link.11
c:\users\ysgo\desktop\selenium\static_automation\src\ccpp\compatibility\english\2015_c_x86_address\release\address_manager.exe
c:\users\ysgo\desktop\selenium\static_automation\src\ccpp\compatibility\english\2015_c_x86_address\release\address_manager.ipdb
c:\users\ysgo\desktop\selenium\static_automation\src\ccpp\compatibility\english\2015_c_x86_address\release\address_manager.iobj
c:\users\ysgo\desktop\selenium\static_automation\src\ccpp\compatibility\english\2015_c_x86_address\release\address_manager.pdb
c:\users\ysgo\desktop\vpes\repository\dir\coverse\2015_c_x86_address\address_manager\release\address_manager.tlog\cl.command.1.tlog
c:\users\ysgo\desktop\vpes\repository\dir\coverse\2015_c_x86_address\address_manager\release\address_manager.tlog\cl.read.1.tlog
c:\users\ysgo\desktop\vpes\repository\dir\coverse\2015_c_x86_address\address_manager\release\address_manager.tlog\cl.write.1.tlog
c:\users\ysgo\desktop\vpes\repository\dir\coverse\2015_c_x86_address\address_manager\release\address_manager.tlog\link-vctip.delete.1.tlog
c:\users\ysgo\desktop\vpes\repository\dir\coverse\2015_c_x86_address\address_manager\release\address_manager.tlog\link-vctip.delete.16.tlog
c:\users\ysgo\desktop\vpes\repository\dir\coverse\2015_c_x86_address\address_manager\release\address_manager.tlog\link-vctip.delete.47.tlog
c:\users\ysgo\desktop\vpes\repository\dir\coverse\2015_c_x86_address\address_manager\release\address_manager.tlog\link-vctip.delete.67.tlog
c:\users\ysgo\desktop\vpes\repository\dir\coverse\2015_c_x86_address\address_manager\release\address_manager.tlog\link-vctip.delete.79.tlog
c:\users\ysgo\desktop\vpes\repository\dir\coverse\2015_c_x86_address\address_manager\release\address_manager.tlog\link-vctip.read.1.tlog
c:\users\ysgo\desktop\vpes\repository\dir\coverse\2015_c_x86_address\address_manager\release\address_manager.tlog\link-vctip.read.10.tlog
c:\users\ysgo\desktop\vpes\repository\dir\coverse\2015_c_x86_address\address_manager\release\address_manager.tlog\link-vctip.read.11.tlog
c:\users\ysgo\desktop\vpes\repository\dir\coverse\2015_c_x86_address\address_manager\release\address_manager.tlog\link-vctip.read.12.tlog
c:\users\ysgo\desktop\vpes\repository\dir\coverse\2015_c_x86_address\address_manager\release\address_manager.tlog\link-vctip.read.16.tlog
c:\users\ysgo\desktop\vpes\repository\dir\coverse\2015_c_x86_address\address_manager\release\address_manager.tlog\link-vctip.read.18.tlog
c:\users\ysgo\desktop\vpes\repository\dir\coverse\2015_c_x86_address\address_manager\release\address_manager.tlog\link-vctip.read.22.tlog
c:\users\ysgo\desktop\vpes\repository\dir\coverse\2015_c_x86_address\address_manager\release\address_manager.tlog\link-vctip.read.23.tlog
c:\users\ysgo\desktop\vpes\repository\dir\coverse\2015_c_x86_address\address_manager\release\address_manager.tlog\link-vctip.read.27.tlog
c:\users\ysgo\desktop\vpes\repository\dir\coverse\2015_c_x86_address\address_manager\release\address_manager.tlog\link-vctip.read.29.tlog
c:\users\ysgo\desktop\vpes\repository\dir\coverse\2015_c_x86_address\address_manager\release\address_manager.tlog\link-vctip.read.33.tlog
c:\users\ysgo\desktop\vpes\repository\dir\coverse\2015_c_x86_address\address_manager\release\address_manager.tlog\link-vctip.read.34.tlog
c:\users\ysgo\desktop\vpes\repository\dir\coverse\2015_c_x86_address\address_manager\release\address_manager.tlog\link-vctip.read.35.tlog
c:\users\ysgo\desktop\vpes\repository\dir\coverse\2015_c_x86_address\address_manager\release\address_manager.tlog\link-vctip.read.36.tlog
c:\users\ysgo\desktop\vpes\repository\dir\coverse\2015_c_x86_address\address_manager\release\address_manager.tlog\link-vctip.read.4.tlog
c:\users\ysgo\desktop\vpes\repository\dir\coverse\2015_c_x86_address\address_manager\release\address_manager.tlog\link-vctip.read.47.tlog
c:\users\ysgo\desktop\vpes\repository\dir\coverse\2015_c_x86_address\address_manager\release\address_manager.tlog\link-vctip.read.50.tlog
c:\users\ysgo\desktop\vpes\repository\dir\coverse\2015_c_x86_address\address_manager\release\address_manager.tlog\link-vctip.read.61.tlog
c:\users\ysgo\desktop\vpes\repository\dir\coverse\2015_c_x86_address\address_manager\release\address_manager.tlog\link-vctip.read.66.tlog
c:\users\ysgo\desktop\vpes\repository\dir\coverse\2015_c_x86_address\address_manager\release\address_manager.tlog\link-vctip.read.67.tlog
c:\users\ysgo\desktop\vpes\repository\dir\coverse\2015_c_x86_address\address_manager\release\address_manager.tlog\link-vctip.read.7.tlog
c:\users\ysgo\desktop\vpes\repository\dir\coverse\2015_c_x86_address\address_manager\release\address_manager.tlog\link-vctip.read.74.tlog
c:\users\ysgo\desktop\vpes\repository\dir\coverse\2015_c_x86_address\address_manager\release\address_manager.tlog\link-vctip.read.79.tlog
c:\users\ysgo\desktop\vpes\repository\dir\coverse\2015_c_x86_address\address_manager\release\address_manager.tlog\link-vctip.read.8.tlog
c:\users\ysgo\desktop\vpes\repository\dir\coverse\2015_c_x86_address\address_manager\release\address_manager.tlog\link-vctip.read.9.tlog
c:\users\ysgo\desktop\vpes\repository\dir\coverse\2015_c_x86_address\address_manager\release\address_manager.tlog\link-vctip.write.1.tlog
c:\users\ysgo\desktop\vpes\repository\dir\coverse\2015_c_x86_address\address_manager\release\address_manager.tlog\link-vctip.write.10.tlog
c:\users\ysgo\desktop\vpes\repository\dir\coverse\2015_c_x86_address\address_manager\release\address_manager.tlog\link-vctip.write.11.tlog
c:\users\ysgo\desktop\vpes\repository\dir\coverse\2015_c_x86_address\address_manager\release\address_manager.tlog\link-vctip.write.12.tlog
c:\users\ysgo\desktop\vpes\repository\dir\coverse\2015_c_x86_address\address_manager\release\address_manager.tlog\link-vctip.write.16.tlog
c:\users\ysgo\desktop\vpes\repository\dir\coverse\2015_c_x86_address\address_manager\release\address_manager.tlog\link-vctip.write.33.tlog
c:\users\ysgo\desktop\vpes\repository\dir\coverse\2015_c_x86_address\address_manager\release\address_manager.tlog\link-vctip.write.4.tlog
c:\users\ysgo\desktop\vpes\repository\dir\coverse\2015_c_x86_address\address_manager\release\address_manager.tlog\link-vctip.write.47.tlog
c:\users\ysgo\desktop\vpes\repository\dir\coverse\2015_c_x86_address\address_manager\release\address_manager.tlog\link-vctip.write.67.tlog
c:\users\ysgo\desktop\vpes\repository\dir\coverse\2015_c_x86_address\address_manager\release\address_manager.tlog\link-vctip.write.7.tlog
c:\users\ysgo\desktop\vpes\repository\dir\coverse\2015_c_x86_address\address_manager\release\address_manager.tlog\link-vctip.write.79.tlog
c:\users\ysgo\desktop\vpes\repository\dir\coverse\2015_c_x86_address\address_manager\release\address_manager.tlog\link-vctip.write.8.tlog
c:\users\ysgo\desktop\vpes\repository\dir\coverse\2015_c_x86_address\address_manager\release\address_manager.tlog\link-vctip.write.9.tlog
c:\users\ysgo\desktop\vpes\repository\dir\coverse\2015_c_x86_address\address_manager\release\address_manager.tlog\link.command.1.tlog
c:\users\ysgo\desktop\vpes\repository\dir\coverse\2015_c_x86_address\address_manager\release\address_manager.tlog\link.read.1.tlog
c:\users\ysgo\desktop\vpes\repository\dir\coverse\2015_c_x86_address\address_manager\release\address_manager.tlog\link.write.1.tlog
