==================================================================
2022/11/24_14:12:28:414
processName:conhost
PID:  11816
PPID: 23016
csID: 1
==================================================================
==================================================================
2022/11/24_14:12:28:435
processName:cmd
PID:  23016
PPID: 21580
csID: 2
==================================================================
==================================================================
2022/11/24_14:12:28:461
processName:chcp
PID:  9024
PPID: 23016
csID: 3
==================================================================
==================================================================
2022/11/24_14:12:28:526
processName:MSBuild
PID:  1176
PPID: 23016
csID: 4
==================================================================
==================================================================
2022/11/24_14:12:28:926
processName:csc
PID:  19736
PPID: 1176
csID: 5
==================================================================
==================================================================
2022/11/24_14:12:28:981
processName:cvtres
PID:  14492
PPID: 19736
csID: 6
==================================================================
==================================================================
2022/11/24_14:12:29:173
processName:conhost
PID:  17500
PPID: 16628
csID: 7
==================================================================
==================================================================
2022/11/24_14:12:29:196
processName:Tracker
PID:  16628
PPID: 1176
csID: 8
==================================================================
==================================================================
2022/11/24_14:12:29:220
processName:CL
PID:  17524
PPID: 16628
csID: 9
==================================================================
==================================================================
2022/11/24_14:12:29:254
processName:mspdbsrv
PID:  22060
PPID: 17524
csID: 10
==================================================================
==================================================================
2022/11/24_14:12:29:692
processName:conhost
PID:  8688
PPID: 21408
csID: 11
==================================================================
==================================================================
2022/11/24_14:12:29:712
processName:Tracker
PID:  21408
PPID: 1176
csID: 12
==================================================================
==================================================================
2022/11/24_14:12:29:735
processName:link
PID:  14740
PPID: 21408
csID: 13
==================================================================
==================================================================
2022/11/24_14:12:29:776
processName:rc
PID:  23236
PPID: 14740
csID: 14
==================================================================
==================================================================
2022/11/24_14:12:29:805
processName:cvtres
PID:  11252
PPID: 14740
csID: 15
==================================================================
==================================================================
2022/11/24_14:12:29:951
processName:VCTIP
PID:  4736
PPID: 14740
csID: 16
==================================================================
==================================================================
2022/11/24_14:12:30:0
processName:chcp
PID:  13908
PPID: 23016
csID: 17
==================================================================
