==================================================================
2020/11/20_03:38:13:163
processName:conhost
PID:  54924
PPID: 69436
csID: 1
==================================================================
==================================================================
2020/11/20_03:38:13:216
processName:msbuild
PID:  69436
PPID: 21460
csID: 2
==================================================================
==================================================================
2020/11/20_03:38:13:801
processName:csc
PID:  49512
PPID: 69436
csID: 3
==================================================================
==================================================================
2020/11/20_03:38:13:922
processName:cvtres
PID:  44896
PPID: 49512
csID: 4
==================================================================
==================================================================
2020/11/20_03:38:14:106
processName:conhost
PID:  35820
PPID: 38928
csID: 5
==================================================================
==================================================================
2020/11/20_03:38:14:150
processName:Tracker
PID:  38928
PPID: 69436
csID: 6
==================================================================
==================================================================
2020/11/20_03:38:14:227
processName:CL
PID:  35952
PPID: 38928
csID: 7
==================================================================
==================================================================
2020/11/20_03:38:14:578
processName:conhost
PID:  66116
PPID: 29912
csID: 8
==================================================================
==================================================================
2020/11/20_03:38:14:622
processName:Tracker
PID:  29912
PPID: 69436
csID: 9
==================================================================
==================================================================
2020/11/20_03:38:14:683
processName:link
PID:  51616
PPID: 29912
csID: 10
==================================================================
==================================================================
2020/11/20_03:38:14:860
processName:rc
PID:  55824
PPID: 51616
csID: 11
==================================================================
==================================================================
2020/11/20_03:38:14:941
processName:cvtres
PID:  47544
PPID: 51616
csID: 12
==================================================================
==================================================================
2020/11/20_03:38:15:18
processName:mspdbsrv
PID:  37056
PPID: 51616
csID: 13
==================================================================
==================================================================
2020/11/20_03:38:15:430
processName:VCTIP
PID:  19932
PPID: 51616
csID: 14
==================================================================
