(54924)(    1)ME: C:\WINDOWS\system32\conhost.exe
(54924)(    1) + HOME: C:\Users\ysgo\AppData\Local\Suresofttech\STATIC Toolbox\apps\STATIC Client for C, C++ v1.1.4\
(54924)(    1) + WORKING: C:\Users\ysgo\Desktop\Selenium\STATIC_Automation\src\ccpp\Compatibility\English\2015_C_x86_address\.staticdata
(54924) + IGNORE: msbuild xxxxx // INTEREST: cl gcc cc g++ ar link ld xxx xc8 cpp cpstm8 castm8 clnk tricore-gcc tricore-g++ ctoa etoa ecomppc elxr
(54924)(    1) + Ignored EXENAME: conhost
(69436)(    2)ME: C:\Program Files (x86)\MSBuild\14.0\bin\msbuild.exe
(69436)(    2) + HOME: C:\Users\ysgo\AppData\Local\Suresofttech\STATIC Toolbox\apps\STATIC Client for C, C++ v1.1.4\
(69436)(    2) + WORKING: C:\Users\ysgo\Desktop\Selenium\STATIC_Automation\src\ccpp\Compatibility\English\2015_C_x86_address\.staticdata
(69436) + IGNORE: msbuild xxxxx // INTEREST: cl gcc cc g++ ar link ld xxx xc8 cpp cpstm8 castm8 clnk tricore-gcc tricore-g++ ctoa etoa ecomppc elxr
(69436)(    2)ME: C:\Program Files (x86)\MSBuild\14.0\bin\msbuild.exe
(69436)(    2) + HOME: C:\Users\ysgo\AppData\Local\Suresofttech\STATIC Toolbox\apps\STATIC Client for C, C++ v1.1.4\
(69436)(    2) + WORKING: C:\Users\ysgo\Desktop\Selenium\STATIC_Automation\src\ccpp\Compatibility\English\2015_C_x86_address\.staticdata
(69436) + IGNORE: msbuild xxxxx // INTEREST: cl gcc cc g++ ar link ld xxx xc8 cpp cpstm8 castm8 clnk tricore-gcc tricore-g++ ctoa etoa ecomppc elxr
(49512)(    3)ME: C:\Windows\Microsoft.NET\Framework\v4.0.30319\csc.exe
(49512)(    3) + HOME: C:\Users\ysgo\AppData\Local\Suresofttech\STATIC Toolbox\apps\STATIC Client for C, C++ v1.1.4\
(49512)(    3) + WORKING: C:\Users\ysgo\Desktop\Selenium\STATIC_Automation\src\ccpp\Compatibility\English\2015_C_x86_address\.staticdata
(49512) + IGNORE: msbuild xxxxx // INTEREST: cl gcc cc g++ ar link ld xxx xc8 cpp cpstm8 castm8 clnk tricore-gcc tricore-g++ ctoa etoa ecomppc elxr
(49512)(    3) + Ignored EXENAME: csc
(44896)(    4)ME: C:\Windows\Microsoft.NET\Framework\v4.0.30319\cvtres.exe
(44896)(    4) + HOME: C:\Users\ysgo\AppData\Local\Suresofttech\STATIC Toolbox\apps\STATIC Client for C, C++ v1.1.4\
(44896)(    4) + WORKING: C:\Users\ysgo\Desktop\Selenium\STATIC_Automation\src\ccpp\Compatibility\English\2015_C_x86_address\.staticdata
(44896) + IGNORE: msbuild xxxxx // INTEREST: cl gcc cc g++ ar link ld xxx xc8 cpp cpstm8 castm8 clnk tricore-gcc tricore-g++ ctoa etoa ecomppc elxr
(44896)(    4) + Ignored EXENAME: cvtres
(35820)(    5)ME: C:\WINDOWS\system32\conhost.exe
(35820)(    5) + HOME: C:\Users\ysgo\AppData\Local\Suresofttech\STATIC Toolbox\apps\STATIC Client for C, C++ v1.1.4\
(35820)(    5) + WORKING: C:\Users\ysgo\Desktop\Selenium\STATIC_Automation\src\ccpp\Compatibility\English\2015_C_x86_address\.staticdata
(35820) + IGNORE: msbuild xxxxx // INTEREST: cl gcc cc g++ ar link ld xxx xc8 cpp cpstm8 castm8 clnk tricore-gcc tricore-g++ ctoa etoa ecomppc elxr
(35820)(    5) + Ignored EXENAME: conhost
(38928)(    6)ME: C:\Program Files (x86)\MSBuild\14.0\bin\Tracker.exe
(38928)(    6) + HOME: C:\Users\ysgo\AppData\Local\Suresofttech\STATIC Toolbox\apps\STATIC Client for C, C++ v1.1.4\
(38928)(    6) + WORKING: C:\Users\ysgo\Desktop\Selenium\STATIC_Automation\src\ccpp\Compatibility\English\2015_C_x86_address\.staticdata
(38928) + IGNORE: msbuild xxxxx // INTEREST: cl gcc cc g++ ar link ld xxx xc8 cpp cpstm8 castm8 clnk tricore-gcc tricore-g++ ctoa etoa ecomppc elxr
(38928)(    6) + Ignored EXENAME: tracker
(35952)(    7)ME: C:\Program Files (x86)\Microsoft Visual Studio 14.0\VC\bin\CL.exe
(35952)(    7) + HOME: C:\Users\ysgo\AppData\Local\Suresofttech\STATIC Toolbox\apps\STATIC Client for C, C++ v1.1.4\
(35952)(    7) + WORKING: C:\Users\ysgo\Desktop\Selenium\STATIC_Automation\src\ccpp\Compatibility\English\2015_C_x86_address\.staticdata
(35952) + IGNORE: msbuild xxxxx // INTEREST: cl gcc cc g++ ar link ld xxx xc8 cpp cpstm8 castm8 clnk tricore-gcc tricore-g++ ctoa etoa ecomppc elxr
(35952)(    7)ME: C:\Program Files (x86)\Microsoft Visual Studio 14.0\VC\bin\CL.exe
(35952)(    7) + HOME: C:\Users\ysgo\AppData\Local\Suresofttech\STATIC Toolbox\apps\STATIC Client for C, C++ v1.1.4\
(35952)(    7) + WORKING: C:\Users\ysgo\Desktop\Selenium\STATIC_Automation\src\ccpp\Compatibility\English\2015_C_x86_address\.staticdata
(35952) + IGNORE: msbuild xxxxx // INTEREST: cl gcc cc g++ ar link ld xxx xc8 cpp cpstm8 castm8 clnk tricore-gcc tricore-g++ ctoa etoa ecomppc elxr
(66116)(    8)ME: C:\WINDOWS\system32\conhost.exe
(66116)(    8) + HOME: C:\Users\ysgo\AppData\Local\Suresofttech\STATIC Toolbox\apps\STATIC Client for C, C++ v1.1.4\
(66116)(    8) + WORKING: C:\Users\ysgo\Desktop\Selenium\STATIC_Automation\src\ccpp\Compatibility\English\2015_C_x86_address\.staticdata
(66116) + IGNORE: msbuild xxxxx // INTEREST: cl gcc cc g++ ar link ld xxx xc8 cpp cpstm8 castm8 clnk tricore-gcc tricore-g++ ctoa etoa ecomppc elxr
(66116)(    8) + Ignored EXENAME: conhost
(29912)(    9)ME: C:\Program Files (x86)\MSBuild\14.0\bin\Tracker.exe
(29912)(    9) + HOME: C:\Users\ysgo\AppData\Local\Suresofttech\STATIC Toolbox\apps\STATIC Client for C, C++ v1.1.4\
(29912)(    9) + WORKING: C:\Users\ysgo\Desktop\Selenium\STATIC_Automation\src\ccpp\Compatibility\English\2015_C_x86_address\.staticdata
(29912) + IGNORE: msbuild xxxxx // INTEREST: cl gcc cc g++ ar link ld xxx xc8 cpp cpstm8 castm8 clnk tricore-gcc tricore-g++ ctoa etoa ecomppc elxr
(29912)(    9) + Ignored EXENAME: tracker
(55824)(   11)ME: C:\Program Files (x86)\Windows Kits\8.1\bin\x86\rc.exe
(55824)(   11) + HOME: C:\Users\ysgo\AppData\Local\Suresofttech\STATIC Toolbox\apps\STATIC Client for C, C++ v1.1.4\
(55824)(   11) + WORKING: C:\Users\ysgo\Desktop\Selenium\STATIC_Automation\src\ccpp\Compatibility\English\2015_C_x86_address\.staticdata
(55824) + IGNORE: msbuild xxxxx // INTEREST: cl gcc cc g++ ar link ld xxx xc8 cpp cpstm8 castm8 clnk tricore-gcc tricore-g++ ctoa etoa ecomppc elxr
(55824)(   11) + Ignored EXENAME: rc
(47544)(   12)ME: C:\Program Files (x86)\Microsoft Visual Studio 14.0\VC\bin\cvtres.exe
(47544)(   12) + HOME: C:\Users\ysgo\AppData\Local\Suresofttech\STATIC Toolbox\apps\STATIC Client for C, C++ v1.1.4\
(47544)(   12) + WORKING: C:\Users\ysgo\Desktop\Selenium\STATIC_Automation\src\ccpp\Compatibility\English\2015_C_x86_address\.staticdata
(47544) + IGNORE: msbuild xxxxx // INTEREST: cl gcc cc g++ ar link ld xxx xc8 cpp cpstm8 castm8 clnk tricore-gcc tricore-g++ ctoa etoa ecomppc elxr
(47544)(   12) + Ignored EXENAME: cvtres
(37056)(   13)ME: C:\Program Files (x86)\Microsoft Visual Studio 14.0\VC\bin\mspdbsrv.exe
(37056)(   13) + HOME: C:\Users\ysgo\AppData\Local\Suresofttech\STATIC Toolbox\apps\STATIC Client for C, C++ v1.1.4\
(37056)(   13) + WORKING: C:\Users\ysgo\Desktop\Selenium\STATIC_Automation\src\ccpp\Compatibility\English\2015_C_x86_address\.staticdata
(37056) + IGNORE: msbuild xxxxx // INTEREST: cl gcc cc g++ ar link ld xxx xc8 cpp cpstm8 castm8 clnk tricore-gcc tricore-g++ ctoa etoa ecomppc elxr
(37056)(   13) + Ignored EXENAME: mspdbsrv
(19932)(   14)ME: C:\Program Files (x86)\Microsoft Visual Studio 14.0\VC\bin\VCTIP.EXE
(19932)(   14) + HOME: C:\Users\ysgo\AppData\Local\Suresofttech\STATIC Toolbox\apps\STATIC Client for C, C++ v1.1.4\
(19932)(   14) + WORKING: C:\Users\ysgo\Desktop\Selenium\STATIC_Automation\src\ccpp\Compatibility\English\2015_C_x86_address\.staticdata
(19932) + IGNORE: msbuild xxxxx // INTEREST: cl gcc cc g++ ar link ld xxx xc8 cpp cpstm8 castm8 clnk tricore-gcc tricore-g++ ctoa etoa ecomppc elxr
(19932)(   14) + Ignored EXENAME: vctip
(51616)(   10)ME: C:\Program Files (x86)\Microsoft Visual Studio 14.0\VC\bin\link.exe
(51616)(   10) + HOME: C:\Users\ysgo\AppData\Local\Suresofttech\STATIC Toolbox\apps\STATIC Client for C, C++ v1.1.4\
(51616)(   10) + WORKING: C:\Users\ysgo\Desktop\Selenium\STATIC_Automation\src\ccpp\Compatibility\English\2015_C_x86_address\.staticdata
(51616) + IGNORE: msbuild xxxxx // INTEREST: cl gcc cc g++ ar link ld xxx xc8 cpp cpstm8 castm8 clnk tricore-gcc tricore-g++ ctoa etoa ecomppc elxr
(51616)(   10)ME: C:\Program Files (x86)\Microsoft Visual Studio 14.0\VC\bin\link.exe
(51616)(   10) + HOME: C:\Users\ysgo\AppData\Local\Suresofttech\STATIC Toolbox\apps\STATIC Client for C, C++ v1.1.4\
(51616)(   10) + WORKING: C:\Users\ysgo\Desktop\Selenium\STATIC_Automation\src\ccpp\Compatibility\English\2015_C_x86_address\.staticdata
(51616) + IGNORE: msbuild xxxxx // INTEREST: cl gcc cc g++ ar link ld xxx xc8 cpp cpstm8 castm8 clnk tricore-gcc tricore-g++ ctoa etoa ecomppc elxr
(37056)(   13)ME: C:\Program Files (x86)\Microsoft Visual Studio 14.0\VC\bin\mspdbsrv.exe
(37056)(   13) + HOME: C:\Users\ysgo\AppData\Local\Suresofttech\STATIC Toolbox\apps\STATIC Client for C, C++ v1.1.4\
(37056)(   13) + WORKING: C:\Users\ysgo\Desktop\Selenium\STATIC_Automation\src\ccpp\Compatibility\English\2015_C_x86_address\.staticdata
(37056) + IGNORE: msbuild xxxxx // INTEREST: cl gcc cc g++ ar link ld xxx xc8 cpp cpstm8 castm8 clnk tricore-gcc tricore-g++ ctoa etoa ecomppc elxr
(19932)(   14)ME: C:\Program Files (x86)\Microsoft Visual Studio 14.0\VC\bin\VCTIP.EXE
(19932)(   14) + HOME: C:\Users\ysgo\AppData\Local\Suresofttech\STATIC Toolbox\apps\STATIC Client for C, C++ v1.1.4\
(19932)(   14) + WORKING: C:\Users\ysgo\Desktop\Selenium\STATIC_Automation\src\ccpp\Compatibility\English\2015_C_x86_address\.staticdata
(19932) + IGNORE: msbuild xxxxx // INTEREST: cl gcc cc g++ ar link ld xxx xc8 cpp cpstm8 castm8 clnk tricore-gcc tricore-g++ ctoa etoa ecomppc elxr
