(21956)(    1)ME: C:\Windows\system32\cmd.exe
(21956)(    1) + HOME: C:\Users\nryun\AppData\Local\Suresofttech\STATIC Toolbox\apps\STATIC Client for C, C++ v1.2.0\
(21956)(    1) + WORKING: D:\VPES_GIT\vpes_git\miro_vs2015\.staticdata
(21956) + IGNORE: msbuild xxxxx // INTEREST: cl gcc cc g++ ar link ld xxx xc8 cpp cpstm8 castm8 clnk tricore-gcc tricore-g++ ctoa etoa ecomppc elxr
(21956)(    1) + Ignored EXENAME: cmd
(21472)(    2)ME: C:\Windows\system32\chcp.com
(21472)(    2) + HOME: C:\Users\nryun\AppData\Local\Suresofttech\STATIC Toolbox\apps\STATIC Client for C, C++ v1.2.0\
(21472)(    2) + WORKING: D:\VPES_GIT\vpes_git\miro_vs2015\.staticdata
(21472) + IGNORE: msbuild xxxxx // INTEREST: cl gcc cc g++ ar link ld xxx xc8 cpp cpstm8 castm8 clnk tricore-gcc tricore-g++ ctoa etoa ecomppc elxr
(21472)(    2) + Ignored EXENAME: chcp
(21088)(    3)ME: C:\Program Files (x86)\MSBuild\14.0\bin\MSBuild.exe
(21088)(    3) + HOME: C:\Users\nryun\AppData\Local\Suresofttech\STATIC Toolbox\apps\STATIC Client for C, C++ v1.2.0\
(21088)(    3) + WORKING: D:\VPES_GIT\vpes_git\miro_vs2015\.staticdata
(21088) + IGNORE: msbuild xxxxx // INTEREST: cl gcc cc g++ ar link ld xxx xc8 cpp cpstm8 castm8 clnk tricore-gcc tricore-g++ ctoa etoa ecomppc elxr
(21088)(    3)ME: C:\Program Files (x86)\MSBuild\14.0\bin\MSBuild.exe
(21088)(    3) + HOME: C:\Users\nryun\AppData\Local\Suresofttech\STATIC Toolbox\apps\STATIC Client for C, C++ v1.2.0\
(21088)(    3) + WORKING: D:\VPES_GIT\vpes_git\miro_vs2015\.staticdata
(21088) + IGNORE: msbuild xxxxx // INTEREST: cl gcc cc g++ ar link ld xxx xc8 cpp cpstm8 castm8 clnk tricore-gcc tricore-g++ ctoa etoa ecomppc elxr
(20408)(    4)ME: C:\Windows\Microsoft.NET\Framework\v4.0.30319\csc.exe
(20408)(    4) + HOME: C:\Users\nryun\AppData\Local\Suresofttech\STATIC Toolbox\apps\STATIC Client for C, C++ v1.2.0\
(20408)(    4) + WORKING: D:\VPES_GIT\vpes_git\miro_vs2015\.staticdata
(20408) + IGNORE: msbuild xxxxx // INTEREST: cl gcc cc g++ ar link ld xxx xc8 cpp cpstm8 castm8 clnk tricore-gcc tricore-g++ ctoa etoa ecomppc elxr
(20408)(    4) + Ignored EXENAME: csc
(21372)(    5)ME: C:\Windows\Microsoft.NET\Framework\v4.0.30319\cvtres.exe
(21372)(    5) + HOME: C:\Users\nryun\AppData\Local\Suresofttech\STATIC Toolbox\apps\STATIC Client for C, C++ v1.2.0\
(21372)(    5) + WORKING: D:\VPES_GIT\vpes_git\miro_vs2015\.staticdata
(21372) + IGNORE: msbuild xxxxx // INTEREST: cl gcc cc g++ ar link ld xxx xc8 cpp cpstm8 castm8 clnk tricore-gcc tricore-g++ ctoa etoa ecomppc elxr
(21372)(    5) + Ignored EXENAME: cvtres
(21372)(    5)ME: C:\Windows\Microsoft.NET\Framework\v4.0.30319\cvtres.exe
(21372)(    5) + HOME: C:\Users\nryun\AppData\Local\Suresofttech\STATIC Toolbox\apps\STATIC Client for C, C++ v1.2.0\
(21372)(    5) + WORKING: D:\VPES_GIT\vpes_git\miro_vs2015\.staticdata
(21372) + IGNORE: msbuild xxxxx // INTEREST: cl gcc cc g++ ar link ld xxx xc8 cpp cpstm8 castm8 clnk tricore-gcc tricore-g++ ctoa etoa ecomppc elxr
(20408)(    4)ME: C:\Windows\Microsoft.NET\Framework\v4.0.30319\csc.exe
(20408)(    4) + HOME: C:\Users\nryun\AppData\Local\Suresofttech\STATIC Toolbox\apps\STATIC Client for C, C++ v1.2.0\
(20408)(    4) + WORKING: D:\VPES_GIT\vpes_git\miro_vs2015\.staticdata
(20408) + IGNORE: msbuild xxxxx // INTEREST: cl gcc cc g++ ar link ld xxx xc8 cpp cpstm8 castm8 clnk tricore-gcc tricore-g++ ctoa etoa ecomppc elxr
(16620)(    6)ME: C:\Windows\system32\conhost.exe
(16620)(    6) + HOME: C:\Users\nryun\AppData\Local\Suresofttech\STATIC Toolbox\apps\STATIC Client for C, C++ v1.2.0\
(16620)(    6) + WORKING: D:\VPES_GIT\vpes_git\miro_vs2015\.staticdata
(16620) + IGNORE: msbuild xxxxx // INTEREST: cl gcc cc g++ ar link ld xxx xc8 cpp cpstm8 castm8 clnk tricore-gcc tricore-g++ ctoa etoa ecomppc elxr
(16620)(    6) + Ignored EXENAME: conhost
( 8816)(    7)ME: C:\Program Files (x86)\MSBuild\14.0\bin\Tracker.exe
( 8816)(    7) + HOME: C:\Users\nryun\AppData\Local\Suresofttech\STATIC Toolbox\apps\STATIC Client for C, C++ v1.2.0\
( 8816)(    7) + WORKING: D:\VPES_GIT\vpes_git\miro_vs2015\.staticdata
( 8816) + IGNORE: msbuild xxxxx // INTEREST: cl gcc cc g++ ar link ld xxx xc8 cpp cpstm8 castm8 clnk tricore-gcc tricore-g++ ctoa etoa ecomppc elxr
( 8816)(    7) + Ignored EXENAME: tracker
(20528)(    9)ME: C:\Program Files (x86)\Microsoft Visual Studio 14.0\VC\bin\mspdbsrv.exe
(20528)(    9) + HOME: C:\Users\nryun\AppData\Local\Suresofttech\STATIC Toolbox\apps\STATIC Client for C, C++ v1.2.0\
(20528)(    9) + WORKING: D:\VPES_GIT\vpes_git\miro_vs2015\.staticdata
(20528) + IGNORE: msbuild xxxxx // INTEREST: cl gcc cc g++ ar link ld xxx xc8 cpp cpstm8 castm8 clnk tricore-gcc tricore-g++ ctoa etoa ecomppc elxr
(20528)(    9) + Ignored EXENAME: mspdbsrv
(21760)(    8)ME: C:\Program Files (x86)\Microsoft Visual Studio 14.0\VC\bin\x86_amd64\CL.exe
(21760)(    8) + HOME: C:\Users\nryun\AppData\Local\Suresofttech\STATIC Toolbox\apps\STATIC Client for C, C++ v1.2.0\
(21760)(    8) + WORKING: D:\VPES_GIT\vpes_git\miro_vs2015\.staticdata
(21760) + IGNORE: msbuild xxxxx // INTEREST: cl gcc cc g++ ar link ld xxx xc8 cpp cpstm8 castm8 clnk tricore-gcc tricore-g++ ctoa etoa ecomppc elxr
(21760)(    8)ME: C:\Program Files (x86)\Microsoft Visual Studio 14.0\VC\bin\x86_amd64\CL.exe
(21760)(    8) + HOME: C:\Users\nryun\AppData\Local\Suresofttech\STATIC Toolbox\apps\STATIC Client for C, C++ v1.2.0\
(21760)(    8) + WORKING: D:\VPES_GIT\vpes_git\miro_vs2015\.staticdata
(21760) + IGNORE: msbuild xxxxx // INTEREST: cl gcc cc g++ ar link ld xxx xc8 cpp cpstm8 castm8 clnk tricore-gcc tricore-g++ ctoa etoa ecomppc elxr
( 8816)(    7)ME: C:\Program Files (x86)\MSBuild\14.0\bin\Tracker.exe
( 8816)(    7) + HOME: C:\Users\nryun\AppData\Local\Suresofttech\STATIC Toolbox\apps\STATIC Client for C, C++ v1.2.0\
( 8816)(    7) + WORKING: D:\VPES_GIT\vpes_git\miro_vs2015\.staticdata
( 8816) + IGNORE: msbuild xxxxx // INTEREST: cl gcc cc g++ ar link ld xxx xc8 cpp cpstm8 castm8 clnk tricore-gcc tricore-g++ ctoa etoa ecomppc elxr
( 2908)(   10)ME: C:\Windows\system32\conhost.exe
( 2908)(   10) + HOME: C:\Users\nryun\AppData\Local\Suresofttech\STATIC Toolbox\apps\STATIC Client for C, C++ v1.2.0\
( 2908)(   10) + WORKING: D:\VPES_GIT\vpes_git\miro_vs2015\.staticdata
( 2908) + IGNORE: msbuild xxxxx // INTEREST: cl gcc cc g++ ar link ld xxx xc8 cpp cpstm8 castm8 clnk tricore-gcc tricore-g++ ctoa etoa ecomppc elxr
( 2908)(   10) + Ignored EXENAME: conhost
(11624)(   11)ME: C:\Program Files (x86)\MSBuild\14.0\bin\Tracker.exe
(11624)(   11) + HOME: C:\Users\nryun\AppData\Local\Suresofttech\STATIC Toolbox\apps\STATIC Client for C, C++ v1.2.0\
(11624)(   11) + WORKING: D:\VPES_GIT\vpes_git\miro_vs2015\.staticdata
(11624) + IGNORE: msbuild xxxxx // INTEREST: cl gcc cc g++ ar link ld xxx xc8 cpp cpstm8 castm8 clnk tricore-gcc tricore-g++ ctoa etoa ecomppc elxr
(11624)(   11) + Ignored EXENAME: tracker
(10816)(   13)ME: C:\Program Files (x86)\Windows Kits\8.1\bin\x86\rc.exe
(10816)(   13) + HOME: C:\Users\nryun\AppData\Local\Suresofttech\STATIC Toolbox\apps\STATIC Client for C, C++ v1.2.0\
(10816)(   13) + WORKING: D:\VPES_GIT\vpes_git\miro_vs2015\.staticdata
(10816) + IGNORE: msbuild xxxxx // INTEREST: cl gcc cc g++ ar link ld xxx xc8 cpp cpstm8 castm8 clnk tricore-gcc tricore-g++ ctoa etoa ecomppc elxr
(10816)(   13) + Ignored EXENAME: rc
(10816)(   13)ME: C:\Program Files (x86)\Windows Kits\8.1\bin\x86\rc.exe
(10816)(   13) + HOME: C:\Users\nryun\AppData\Local\Suresofttech\STATIC Toolbox\apps\STATIC Client for C, C++ v1.2.0\
(10816)(   13) + WORKING: D:\VPES_GIT\vpes_git\miro_vs2015\.staticdata
(10816) + IGNORE: msbuild xxxxx // INTEREST: cl gcc cc g++ ar link ld xxx xc8 cpp cpstm8 castm8 clnk tricore-gcc tricore-g++ ctoa etoa ecomppc elxr
(21588)(   14)ME: C:\Program Files (x86)\Microsoft Visual Studio 14.0\VC\bin\cvtres.exe
(21588)(   14) + HOME: C:\Users\nryun\AppData\Local\Suresofttech\STATIC Toolbox\apps\STATIC Client for C, C++ v1.2.0\
(21588)(   14) + WORKING: D:\VPES_GIT\vpes_git\miro_vs2015\.staticdata
(21588) + IGNORE: msbuild xxxxx // INTEREST: cl gcc cc g++ ar link ld xxx xc8 cpp cpstm8 castm8 clnk tricore-gcc tricore-g++ ctoa etoa ecomppc elxr
(21588)(   14) + Ignored EXENAME: cvtres
(21588)(   14)ME: C:\Program Files (x86)\Microsoft Visual Studio 14.0\VC\bin\cvtres.exe
(21588)(   14) + HOME: C:\Users\nryun\AppData\Local\Suresofttech\STATIC Toolbox\apps\STATIC Client for C, C++ v1.2.0\
(21588)(   14) + WORKING: D:\VPES_GIT\vpes_git\miro_vs2015\.staticdata
(21588) + IGNORE: msbuild xxxxx // INTEREST: cl gcc cc g++ ar link ld xxx xc8 cpp cpstm8 castm8 clnk tricore-gcc tricore-g++ ctoa etoa ecomppc elxr
( 9884)(   12)ME: C:\Program Files (x86)\Microsoft Visual Studio 14.0\VC\bin\x86_amd64\link.exe
( 9884)(   12) + HOME: C:\Users\nryun\AppData\Local\Suresofttech\STATIC Toolbox\apps\STATIC Client for C, C++ v1.2.0\
( 9884)(   12) + WORKING: D:\VPES_GIT\vpes_git\miro_vs2015\.staticdata
( 9884) + IGNORE: msbuild xxxxx // INTEREST: cl gcc cc g++ ar link ld xxx xc8 cpp cpstm8 castm8 clnk tricore-gcc tricore-g++ ctoa etoa ecomppc elxr
( 9884)(   12)ME: C:\Program Files (x86)\Microsoft Visual Studio 14.0\VC\bin\x86_amd64\link.exe
( 9884)(   12) + HOME: C:\Users\nryun\AppData\Local\Suresofttech\STATIC Toolbox\apps\STATIC Client for C, C++ v1.2.0\
( 9884)(   12) + WORKING: D:\VPES_GIT\vpes_git\miro_vs2015\.staticdata
( 9884) + IGNORE: msbuild xxxxx // INTEREST: cl gcc cc g++ ar link ld xxx xc8 cpp cpstm8 castm8 clnk tricore-gcc tricore-g++ ctoa etoa ecomppc elxr
(21356)(   15)ME: C:\Program Files (x86)\Microsoft Visual Studio 14.0\VC\bin\x86_amd64\VCTIP.EXE
(21356)(   15) + HOME: C:\Users\nryun\AppData\Local\Suresofttech\STATIC Toolbox\apps\STATIC Client for C, C++ v1.2.0\
(21356)(   15) + WORKING: D:\VPES_GIT\vpes_git\miro_vs2015\.staticdata
(21356) + IGNORE: msbuild xxxxx // INTEREST: cl gcc cc g++ ar link ld xxx xc8 cpp cpstm8 castm8 clnk tricore-gcc tricore-g++ ctoa etoa ecomppc elxr
(21356)(   15) + Ignored EXENAME: vctip
(11624)(   11)ME: C:\Program Files (x86)\MSBuild\14.0\bin\Tracker.exe
(11624)(   11) + HOME: C:\Users\nryun\AppData\Local\Suresofttech\STATIC Toolbox\apps\STATIC Client for C, C++ v1.2.0\
(11624)(   11) + WORKING: D:\VPES_GIT\vpes_git\miro_vs2015\.staticdata
(11624) + IGNORE: msbuild xxxxx // INTEREST: cl gcc cc g++ ar link ld xxx xc8 cpp cpstm8 castm8 clnk tricore-gcc tricore-g++ ctoa etoa ecomppc elxr
(17412)(   16)ME: C:\Windows\system32\chcp.com
(17412)(   16) + HOME: C:\Users\nryun\AppData\Local\Suresofttech\STATIC Toolbox\apps\STATIC Client for C, C++ v1.2.0\
(17412)(   16) + WORKING: D:\VPES_GIT\vpes_git\miro_vs2015\.staticdata
(17412) + IGNORE: msbuild xxxxx // INTEREST: cl gcc cc g++ ar link ld xxx xc8 cpp cpstm8 castm8 clnk tricore-gcc tricore-g++ ctoa etoa ecomppc elxr
(17412)(   16) + Ignored EXENAME: chcp
(21356)(   15)ME: C:\Program Files (x86)\Microsoft Visual Studio 14.0\VC\bin\x86_amd64\VCTIP.EXE
(21356)(   15) + HOME: C:\Users\nryun\AppData\Local\Suresofttech\STATIC Toolbox\apps\STATIC Client for C, C++ v1.2.0\
(21356)(   15) + WORKING: D:\VPES_GIT\vpes_git\miro_vs2015\.staticdata
(21356) + IGNORE: msbuild xxxxx // INTEREST: cl gcc cc g++ ar link ld xxx xc8 cpp cpstm8 castm8 clnk tricore-gcc tricore-g++ ctoa etoa ecomppc elxr
(20528)(    9)ME: C:\Program Files (x86)\Microsoft Visual Studio 14.0\VC\bin\mspdbsrv.exe
(20528)(    9) + HOME: C:\Users\nryun\AppData\Local\Suresofttech\STATIC Toolbox\apps\STATIC Client for C, C++ v1.2.0\
(20528)(    9) + WORKING: D:\VPES_GIT\vpes_git\miro_vs2015\.staticdata
(20528) + IGNORE: msbuild xxxxx // INTEREST: cl gcc cc g++ ar link ld xxx xc8 cpp cpstm8 castm8 clnk tricore-gcc tricore-g++ ctoa etoa ecomppc elxr
