==================================================================
2023/06/20_08:31:26:538
processName:cmd
PID:  21956
PPID: 20772
csID: 1
==================================================================
==================================================================
2023/06/20_08:31:26:564
processName:chcp
PID:  21472
PPID: 21956
csID: 2
==================================================================
==================================================================
2023/06/20_08:31:26:668
processName:MSBuild
PID:  21088
PPID: 21956
csID: 3
==================================================================
==================================================================
2023/06/20_08:31:27:102
processName:csc
PID:  20408
PPID: 21088
csID: 4
==================================================================
==================================================================
2023/06/20_08:31:27:159
processName:cvtres
PID:  21372
PPID: 20408
csID: 5
==================================================================
==================================================================
2023/06/20_08:31:27:243
processName:conhost
PID:  16620
PPID: 8816
csID: 6
==================================================================
==================================================================
2023/06/20_08:31:27:265
processName:Tracker
PID:  8816
PPID: 21088
csID: 7
==================================================================
==================================================================
2023/06/20_08:31:27:309
processName:CL
PID:  21760
PPID: 8816
csID: 8
==================================================================
==================================================================
2023/06/20_08:31:27:350
processName:mspdbsrv
PID:  20528
PPID: 21760
csID: 9
==================================================================
==================================================================
2023/06/20_08:31:27:814
processName:conhost
PID:  2908
PPID: 11624
csID: 10
==================================================================
==================================================================
2023/06/20_08:31:27:837
processName:Tracker
PID:  11624
PPID: 21088
csID: 11
==================================================================
==================================================================
2023/06/20_08:31:27:862
processName:link
PID:  9884
PPID: 11624
csID: 12
==================================================================
==================================================================
2023/06/20_08:31:27:910
processName:rc
PID:  10816
PPID: 9884
csID: 13
==================================================================
==================================================================
2023/06/20_08:31:27:940
processName:cvtres
PID:  21588
PPID: 9884
csID: 14
==================================================================
==================================================================
2023/06/20_08:31:28:72
processName:VCTIP
PID:  21356
PPID: 9884
csID: 15
==================================================================
==================================================================
2023/06/20_08:31:28:121
processName:chcp
PID:  17412
PPID: 21956
csID: 16
==================================================================
