==================================================================
2020/11/04_20:03:00:904
processName:conhost
PID:  43120
PPID: 19664
csID: 1
==================================================================
==================================================================
2020/11/04_20:03:00:966
processName:msbuild
PID:  19664
PPID: 80468
csID: 2
==================================================================
==================================================================
2020/11/04_20:03:01:487
processName:csc
PID:  72380
PPID: 19664
csID: 3
==================================================================
==================================================================
2020/11/04_20:03:01:628
processName:cvtres
PID:  74644
PPID: 72380
csID: 4
==================================================================
==================================================================
2020/11/04_20:03:01:786
processName:conhost
PID:  69280
PPID: 59484
csID: 5
==================================================================
==================================================================
2020/11/04_20:03:01:849
processName:Tracker
PID:  59484
PPID: 19664
csID: 6
==================================================================
==================================================================
2020/11/04_20:03:01:940
processName:CL
PID:  39108
PPID: 59484
csID: 7
==================================================================
==================================================================
2020/11/04_20:03:02:349
processName:conhost
PID:  21248
PPID: 33432
csID: 8
==================================================================
==================================================================
2020/11/04_20:03:02:425
processName:Tracker
PID:  33432
PPID: 19664
csID: 9
==================================================================
==================================================================
2020/11/04_20:03:02:511
processName:link
PID:  98300
PPID: 33432
csID: 10
==================================================================
==================================================================
2020/11/04_20:03:02:721
processName:rc
PID:  93180
PPID: 98300
csID: 11
==================================================================
==================================================================
2020/11/04_20:03:02:845
processName:cvtres
PID:  66140
PPID: 98300
csID: 12
==================================================================
==================================================================
2020/11/04_20:03:02:964
processName:mspdbsrv
PID:  64744
PPID: 98300
csID: 13
==================================================================
==================================================================
2020/11/04_20:03:03:369
processName:VCTIP
PID:  66940
PPID: 98300
csID: 14
==================================================================
