(43120)(    1)ME: C:\WINDOWS\system32\conhost.exe
(43120)(    1) + HOME: C:\Users\ysgo\AppData\Local\Suresofttech\STATIC Toolbox\apps\STATIC Client for C, C++ v1.1.4\
(43120)(    1) + WORKING: C:\Users\ysgo\Desktop\Selenium\STATIC_Automation\src\ccpp\Compatibility\English\2015_C_x86_address\.staticdata
(43120) + IGNORE: msbuild xxxxx // INTEREST: cl gcc cc g++ ar link ld xxx xc8 cpp cpstm8 castm8 clnk tricore-gcc tricore-g++ ctoa etoa ecomppc elxr
(43120)(    1) + Ignored EXENAME: conhost
(19664)(    2)ME: C:\Program Files (x86)\MSBuild\14.0\bin\msbuild.exe
(19664)(    2) + HOME: C:\Users\ysgo\AppData\Local\Suresofttech\STATIC Toolbox\apps\STATIC Client for C, C++ v1.1.4\
(19664)(    2) + WORKING: C:\Users\ysgo\Desktop\Selenium\STATIC_Automation\src\ccpp\Compatibility\English\2015_C_x86_address\.staticdata
(19664) + IGNORE: msbuild xxxxx // INTEREST: cl gcc cc g++ ar link ld xxx xc8 cpp cpstm8 castm8 clnk tricore-gcc tricore-g++ ctoa etoa ecomppc elxr
(19664)(    2)ME: C:\Program Files (x86)\MSBuild\14.0\bin\msbuild.exe
(19664)(    2) + HOME: C:\Users\ysgo\AppData\Local\Suresofttech\STATIC Toolbox\apps\STATIC Client for C, C++ v1.1.4\
(19664)(    2) + WORKING: C:\Users\ysgo\Desktop\Selenium\STATIC_Automation\src\ccpp\Compatibility\English\2015_C_x86_address\.staticdata
(19664) + IGNORE: msbuild xxxxx // INTEREST: cl gcc cc g++ ar link ld xxx xc8 cpp cpstm8 castm8 clnk tricore-gcc tricore-g++ ctoa etoa ecomppc elxr
(72380)(    3)ME: C:\Windows\Microsoft.NET\Framework\v4.0.30319\csc.exe
(72380)(    3) + HOME: C:\Users\ysgo\AppData\Local\Suresofttech\STATIC Toolbox\apps\STATIC Client for C, C++ v1.1.4\
(72380)(    3) + WORKING: C:\Users\ysgo\Desktop\Selenium\STATIC_Automation\src\ccpp\Compatibility\English\2015_C_x86_address\.staticdata
(72380) + IGNORE: msbuild xxxxx // INTEREST: cl gcc cc g++ ar link ld xxx xc8 cpp cpstm8 castm8 clnk tricore-gcc tricore-g++ ctoa etoa ecomppc elxr
(72380)(    3) + Ignored EXENAME: csc
(74644)(    4)ME: C:\Windows\Microsoft.NET\Framework\v4.0.30319\cvtres.exe
(74644)(    4) + HOME: C:\Users\ysgo\AppData\Local\Suresofttech\STATIC Toolbox\apps\STATIC Client for C, C++ v1.1.4\
(74644)(    4) + WORKING: C:\Users\ysgo\Desktop\Selenium\STATIC_Automation\src\ccpp\Compatibility\English\2015_C_x86_address\.staticdata
(74644) + IGNORE: msbuild xxxxx // INTEREST: cl gcc cc g++ ar link ld xxx xc8 cpp cpstm8 castm8 clnk tricore-gcc tricore-g++ ctoa etoa ecomppc elxr
(74644)(    4) + Ignored EXENAME: cvtres
(74644)(    4)ME: C:\Windows\Microsoft.NET\Framework\v4.0.30319\cvtres.exe
(74644)(    4) + HOME: C:\Users\ysgo\AppData\Local\Suresofttech\STATIC Toolbox\apps\STATIC Client for C, C++ v1.1.4\
(74644)(    4) + WORKING: C:\Users\ysgo\Desktop\Selenium\STATIC_Automation\src\ccpp\Compatibility\English\2015_C_x86_address\.staticdata
(74644) + IGNORE: msbuild xxxxx // INTEREST: cl gcc cc g++ ar link ld xxx xc8 cpp cpstm8 castm8 clnk tricore-gcc tricore-g++ ctoa etoa ecomppc elxr
(72380)(    3)ME: C:\Windows\Microsoft.NET\Framework\v4.0.30319\csc.exe
(72380)(    3) + HOME: C:\Users\ysgo\AppData\Local\Suresofttech\STATIC Toolbox\apps\STATIC Client for C, C++ v1.1.4\
(72380)(    3) + WORKING: C:\Users\ysgo\Desktop\Selenium\STATIC_Automation\src\ccpp\Compatibility\English\2015_C_x86_address\.staticdata
(72380) + IGNORE: msbuild xxxxx // INTEREST: cl gcc cc g++ ar link ld xxx xc8 cpp cpstm8 castm8 clnk tricore-gcc tricore-g++ ctoa etoa ecomppc elxr
(69280)(    5)ME: C:\WINDOWS\system32\conhost.exe
(69280)(    5) + HOME: C:\Users\ysgo\AppData\Local\Suresofttech\STATIC Toolbox\apps\STATIC Client for C, C++ v1.1.4\
(69280)(    5) + WORKING: C:\Users\ysgo\Desktop\Selenium\STATIC_Automation\src\ccpp\Compatibility\English\2015_C_x86_address\.staticdata
(69280) + IGNORE: msbuild xxxxx // INTEREST: cl gcc cc g++ ar link ld xxx xc8 cpp cpstm8 castm8 clnk tricore-gcc tricore-g++ ctoa etoa ecomppc elxr
(69280)(    5) + Ignored EXENAME: conhost
(59484)(    6)ME: C:\Program Files (x86)\MSBuild\14.0\bin\Tracker.exe
(59484)(    6) + HOME: C:\Users\ysgo\AppData\Local\Suresofttech\STATIC Toolbox\apps\STATIC Client for C, C++ v1.1.4\
(59484)(    6) + WORKING: C:\Users\ysgo\Desktop\Selenium\STATIC_Automation\src\ccpp\Compatibility\English\2015_C_x86_address\.staticdata
(59484) + IGNORE: msbuild xxxxx // INTEREST: cl gcc cc g++ ar link ld xxx xc8 cpp cpstm8 castm8 clnk tricore-gcc tricore-g++ ctoa etoa ecomppc elxr
(59484)(    6) + Ignored EXENAME: tracker
(39108)(    7)ME: C:\Program Files (x86)\Microsoft Visual Studio 14.0\VC\bin\CL.exe
(39108)(    7) + HOME: C:\Users\ysgo\AppData\Local\Suresofttech\STATIC Toolbox\apps\STATIC Client for C, C++ v1.1.4\
(39108)(    7) + WORKING: C:\Users\ysgo\Desktop\Selenium\STATIC_Automation\src\ccpp\Compatibility\English\2015_C_x86_address\.staticdata
(39108) + IGNORE: msbuild xxxxx // INTEREST: cl gcc cc g++ ar link ld xxx xc8 cpp cpstm8 castm8 clnk tricore-gcc tricore-g++ ctoa etoa ecomppc elxr
(39108)(    7)ME: C:\Program Files (x86)\Microsoft Visual Studio 14.0\VC\bin\CL.exe
(39108)(    7) + HOME: C:\Users\ysgo\AppData\Local\Suresofttech\STATIC Toolbox\apps\STATIC Client for C, C++ v1.1.4\
(39108)(    7) + WORKING: C:\Users\ysgo\Desktop\Selenium\STATIC_Automation\src\ccpp\Compatibility\English\2015_C_x86_address\.staticdata
(39108) + IGNORE: msbuild xxxxx // INTEREST: cl gcc cc g++ ar link ld xxx xc8 cpp cpstm8 castm8 clnk tricore-gcc tricore-g++ ctoa etoa ecomppc elxr
(59484)(    6)ME: C:\Program Files (x86)\MSBuild\14.0\bin\Tracker.exe
(59484)(    6) + HOME: C:\Users\ysgo\AppData\Local\Suresofttech\STATIC Toolbox\apps\STATIC Client for C, C++ v1.1.4\
(59484)(    6) + WORKING: C:\Users\ysgo\Desktop\Selenium\STATIC_Automation\src\ccpp\Compatibility\English\2015_C_x86_address\.staticdata
(59484) + IGNORE: msbuild xxxxx // INTEREST: cl gcc cc g++ ar link ld xxx xc8 cpp cpstm8 castm8 clnk tricore-gcc tricore-g++ ctoa etoa ecomppc elxr
(21248)(    8)ME: C:\WINDOWS\system32\conhost.exe
(21248)(    8) + HOME: C:\Users\ysgo\AppData\Local\Suresofttech\STATIC Toolbox\apps\STATIC Client for C, C++ v1.1.4\
(21248)(    8) + WORKING: C:\Users\ysgo\Desktop\Selenium\STATIC_Automation\src\ccpp\Compatibility\English\2015_C_x86_address\.staticdata
(21248) + IGNORE: msbuild xxxxx // INTEREST: cl gcc cc g++ ar link ld xxx xc8 cpp cpstm8 castm8 clnk tricore-gcc tricore-g++ ctoa etoa ecomppc elxr
(21248)(    8) + Ignored EXENAME: conhost
(33432)(    9)ME: C:\Program Files (x86)\MSBuild\14.0\bin\Tracker.exe
(33432)(    9) + HOME: C:\Users\ysgo\AppData\Local\Suresofttech\STATIC Toolbox\apps\STATIC Client for C, C++ v1.1.4\
(33432)(    9) + WORKING: C:\Users\ysgo\Desktop\Selenium\STATIC_Automation\src\ccpp\Compatibility\English\2015_C_x86_address\.staticdata
(33432) + IGNORE: msbuild xxxxx // INTEREST: cl gcc cc g++ ar link ld xxx xc8 cpp cpstm8 castm8 clnk tricore-gcc tricore-g++ ctoa etoa ecomppc elxr
(33432)(    9) + Ignored EXENAME: tracker
(93180)(   11)ME: C:\Program Files (x86)\Windows Kits\8.1\bin\x86\rc.exe
(93180)(   11) + HOME: C:\Users\ysgo\AppData\Local\Suresofttech\STATIC Toolbox\apps\STATIC Client for C, C++ v1.1.4\
(93180)(   11) + WORKING: C:\Users\ysgo\Desktop\Selenium\STATIC_Automation\src\ccpp\Compatibility\English\2015_C_x86_address\.staticdata
(93180) + IGNORE: msbuild xxxxx // INTEREST: cl gcc cc g++ ar link ld xxx xc8 cpp cpstm8 castm8 clnk tricore-gcc tricore-g++ ctoa etoa ecomppc elxr
(93180)(   11) + Ignored EXENAME: rc
(93180)(   11)ME: C:\Program Files (x86)\Windows Kits\8.1\bin\x86\rc.exe
(93180)(   11) + HOME: C:\Users\ysgo\AppData\Local\Suresofttech\STATIC Toolbox\apps\STATIC Client for C, C++ v1.1.4\
(93180)(   11) + WORKING: C:\Users\ysgo\Desktop\Selenium\STATIC_Automation\src\ccpp\Compatibility\English\2015_C_x86_address\.staticdata
(93180) + IGNORE: msbuild xxxxx // INTEREST: cl gcc cc g++ ar link ld xxx xc8 cpp cpstm8 castm8 clnk tricore-gcc tricore-g++ ctoa etoa ecomppc elxr
(66140)(   12)ME: C:\Program Files (x86)\Microsoft Visual Studio 14.0\VC\bin\cvtres.exe
(66140)(   12) + HOME: C:\Users\ysgo\AppData\Local\Suresofttech\STATIC Toolbox\apps\STATIC Client for C, C++ v1.1.4\
(66140)(   12) + WORKING: C:\Users\ysgo\Desktop\Selenium\STATIC_Automation\src\ccpp\Compatibility\English\2015_C_x86_address\.staticdata
(66140) + IGNORE: msbuild xxxxx // INTEREST: cl gcc cc g++ ar link ld xxx xc8 cpp cpstm8 castm8 clnk tricore-gcc tricore-g++ ctoa etoa ecomppc elxr
(66140)(   12) + Ignored EXENAME: cvtres
(66140)(   12)ME: C:\Program Files (x86)\Microsoft Visual Studio 14.0\VC\bin\cvtres.exe
(66140)(   12) + HOME: C:\Users\ysgo\AppData\Local\Suresofttech\STATIC Toolbox\apps\STATIC Client for C, C++ v1.1.4\
(66140)(   12) + WORKING: C:\Users\ysgo\Desktop\Selenium\STATIC_Automation\src\ccpp\Compatibility\English\2015_C_x86_address\.staticdata
(66140) + IGNORE: msbuild xxxxx // INTEREST: cl gcc cc g++ ar link ld xxx xc8 cpp cpstm8 castm8 clnk tricore-gcc tricore-g++ ctoa etoa ecomppc elxr
(64744)(   13)ME: C:\Program Files (x86)\Microsoft Visual Studio 14.0\VC\bin\mspdbsrv.exe
(64744)(   13) + HOME: C:\Users\ysgo\AppData\Local\Suresofttech\STATIC Toolbox\apps\STATIC Client for C, C++ v1.1.4\
(64744)(   13) + WORKING: C:\Users\ysgo\Desktop\Selenium\STATIC_Automation\src\ccpp\Compatibility\English\2015_C_x86_address\.staticdata
(64744) + IGNORE: msbuild xxxxx // INTEREST: cl gcc cc g++ ar link ld xxx xc8 cpp cpstm8 castm8 clnk tricore-gcc tricore-g++ ctoa etoa ecomppc elxr
(64744)(   13) + Ignored EXENAME: mspdbsrv
(66940)(   14)ME: C:\Program Files (x86)\Microsoft Visual Studio 14.0\VC\bin\VCTIP.EXE
(66940)(   14) + HOME: C:\Users\ysgo\AppData\Local\Suresofttech\STATIC Toolbox\apps\STATIC Client for C, C++ v1.1.4\
(66940)(   14) + WORKING: C:\Users\ysgo\Desktop\Selenium\STATIC_Automation\src\ccpp\Compatibility\English\2015_C_x86_address\.staticdata
(66940) + IGNORE: msbuild xxxxx // INTEREST: cl gcc cc g++ ar link ld xxx xc8 cpp cpstm8 castm8 clnk tricore-gcc tricore-g++ ctoa etoa ecomppc elxr
(66940)(   14) + Ignored EXENAME: vctip
(98300)(   10)ME: C:\Program Files (x86)\Microsoft Visual Studio 14.0\VC\bin\link.exe
(98300)(   10) + HOME: C:\Users\ysgo\AppData\Local\Suresofttech\STATIC Toolbox\apps\STATIC Client for C, C++ v1.1.4\
(98300)(   10) + WORKING: C:\Users\ysgo\Desktop\Selenium\STATIC_Automation\src\ccpp\Compatibility\English\2015_C_x86_address\.staticdata
(98300) + IGNORE: msbuild xxxxx // INTEREST: cl gcc cc g++ ar link ld xxx xc8 cpp cpstm8 castm8 clnk tricore-gcc tricore-g++ ctoa etoa ecomppc elxr
(98300)(   10)ME: C:\Program Files (x86)\Microsoft Visual Studio 14.0\VC\bin\link.exe
(98300)(   10) + HOME: C:\Users\ysgo\AppData\Local\Suresofttech\STATIC Toolbox\apps\STATIC Client for C, C++ v1.1.4\
(98300)(   10) + WORKING: C:\Users\ysgo\Desktop\Selenium\STATIC_Automation\src\ccpp\Compatibility\English\2015_C_x86_address\.staticdata
(98300) + IGNORE: msbuild xxxxx // INTEREST: cl gcc cc g++ ar link ld xxx xc8 cpp cpstm8 castm8 clnk tricore-gcc tricore-g++ ctoa etoa ecomppc elxr
(33432)(    9)ME: C:\Program Files (x86)\MSBuild\14.0\bin\Tracker.exe
(33432)(    9) + HOME: C:\Users\ysgo\AppData\Local\Suresofttech\STATIC Toolbox\apps\STATIC Client for C, C++ v1.1.4\
(33432)(    9) + WORKING: C:\Users\ysgo\Desktop\Selenium\STATIC_Automation\src\ccpp\Compatibility\English\2015_C_x86_address\.staticdata
(33432) + IGNORE: msbuild xxxxx // INTEREST: cl gcc cc g++ ar link ld xxx xc8 cpp cpstm8 castm8 clnk tricore-gcc tricore-g++ ctoa etoa ecomppc elxr
(64744)(   13)ME: C:\Program Files (x86)\Microsoft Visual Studio 14.0\VC\bin\mspdbsrv.exe
(64744)(   13) + HOME: C:\Users\ysgo\AppData\Local\Suresofttech\STATIC Toolbox\apps\STATIC Client for C, C++ v1.1.4\
(64744)(   13) + WORKING: C:\Users\ysgo\Desktop\Selenium\STATIC_Automation\src\ccpp\Compatibility\English\2015_C_x86_address\.staticdata
(64744) + IGNORE: msbuild xxxxx // INTEREST: cl gcc cc g++ ar link ld xxx xc8 cpp cpstm8 castm8 clnk tricore-gcc tricore-g++ ctoa etoa ecomppc elxr
(66940)(   14)ME: C:\Program Files (x86)\Microsoft Visual Studio 14.0\VC\bin\VCTIP.EXE
(66940)(   14) + HOME: C:\Users\ysgo\AppData\Local\Suresofttech\STATIC Toolbox\apps\STATIC Client for C, C++ v1.1.4\
(66940)(   14) + WORKING: C:\Users\ysgo\Desktop\Selenium\STATIC_Automation\src\ccpp\Compatibility\English\2015_C_x86_address\.staticdata
(66940) + IGNORE: msbuild xxxxx // INTEREST: cl gcc cc g++ ar link ld xxx xc8 cpp cpstm8 castm8 clnk tricore-gcc tricore-g++ ctoa etoa ecomppc elxr
