==================================================================
2022/03/29_12:11:20:687
processName:conhost
PID:  7560
PPID: 17792
csID: 1
==================================================================
==================================================================
2022/03/29_12:11:20:703
processName:cmd
PID:  17792
PPID: 17688
csID: 2
==================================================================
==================================================================
2022/03/29_12:11:20:723
processName:chcp
PID:  12768
PPID: 17792
csID: 3
==================================================================
==================================================================
2022/03/29_12:11:20:799
processName:MSBuild
PID:  18392
PPID: 17792
csID: 4
==================================================================
==================================================================
2022/03/29_12:11:21:162
processName:csc
PID:  17568
PPID: 18392
csID: 5
==================================================================
==================================================================
2022/03/29_12:11:21:255
processName:cvtres
PID:  1896
PPID: 17568
csID: 6
==================================================================
==================================================================
2022/03/29_12:11:21:355
processName:conhost
PID:  2584
PPID: 10736
csID: 7
==================================================================
==================================================================
2022/03/29_12:11:21:373
processName:Tracker
PID:  10736
PPID: 18392
csID: 8
==================================================================
==================================================================
2022/03/29_12:11:21:485
processName:CL
PID:  15632
PPID: 10736
csID: 9
==================================================================
==================================================================
2022/03/29_12:11:21:528
processName:mspdbsrv
PID:  9640
PPID: 15632
csID: 10
==================================================================
==================================================================
2022/03/29_12:11:22:13
processName:conhost
PID:  8832
PPID: 13328
csID: 11
==================================================================
==================================================================
2022/03/29_12:11:22:31
processName:Tracker
PID:  13328
PPID: 18392
csID: 12
==================================================================
==================================================================
2022/03/29_12:11:22:52
processName:link
PID:  6364
PPID: 13328
csID: 13
==================================================================
==================================================================
2022/03/29_12:11:22:136
processName:rc
PID:  16052
PPID: 6364
csID: 14
==================================================================
==================================================================
2022/03/29_12:11:22:169
processName:cvtres
PID:  17392
PPID: 6364
csID: 15
==================================================================
==================================================================
2022/03/29_12:11:22:355
processName:VCTIP
PID:  13852
PPID: 6364
csID: 16
==================================================================
==================================================================
2022/03/29_12:11:22:388
processName:chcp
PID:  2824
PPID: 17792
csID: 17
==================================================================
