(16376)(    1)ME: C:\Windows\system32\conhost.exe
(16376)(    1) + HOME: C:\Users\nryun\AppData\Local\Suresofttech\STATIC Toolbox\apps\STATIC Client for C, C++ v1.2.0\
(16376)(    1) + WORKING: D:\VPES_GIT\vpes_git\miro_vs2015\.staticdata
(16376) + IGNORE: msbuild xxxxx // INTEREST: cl gcc cc g++ ar link ld xxx xc8 cpp cpstm8 castm8 clnk tricore-gcc tricore-g++ ctoa etoa ecomppc elxr
(16376)(    1) + Ignored EXENAME: conhost
(10040)(    2)ME: C:\Windows\system32\cmd.exe
(10040)(    2) + HOME: C:\Users\nryun\AppData\Local\Suresofttech\STATIC Toolbox\apps\STATIC Client for C, C++ v1.2.0\
(10040)(    2) + WORKING: D:\VPES_GIT\vpes_git\miro_vs2015\.staticdata
(10040) + IGNORE: msbuild xxxxx // INTEREST: cl gcc cc g++ ar link ld xxx xc8 cpp cpstm8 castm8 clnk tricore-gcc tricore-g++ ctoa etoa ecomppc elxr
(10040)(    2) + Ignored EXENAME: cmd
( 2132)(    3)ME: C:\Windows\system32\chcp.com
( 2132)(    3) + HOME: C:\Users\nryun\AppData\Local\Suresofttech\STATIC Toolbox\apps\STATIC Client for C, C++ v1.2.0\
( 2132)(    3) + WORKING: D:\VPES_GIT\vpes_git\miro_vs2015\.staticdata
( 2132) + IGNORE: msbuild xxxxx // INTEREST: cl gcc cc g++ ar link ld xxx xc8 cpp cpstm8 castm8 clnk tricore-gcc tricore-g++ ctoa etoa ecomppc elxr
( 2132)(    3) + Ignored EXENAME: chcp
(18324)(    4)ME: C:\Program Files (x86)\MSBuild\14.0\bin\MSBuild.exe
(18324)(    4) + HOME: C:\Users\nryun\AppData\Local\Suresofttech\STATIC Toolbox\apps\STATIC Client for C, C++ v1.2.0\
(18324)(    4) + WORKING: D:\VPES_GIT\vpes_git\miro_vs2015\.staticdata
(18324) + IGNORE: msbuild xxxxx // INTEREST: cl gcc cc g++ ar link ld xxx xc8 cpp cpstm8 castm8 clnk tricore-gcc tricore-g++ ctoa etoa ecomppc elxr
(18324)(    4)ME: C:\Program Files (x86)\MSBuild\14.0\bin\MSBuild.exe
(18324)(    4) + HOME: C:\Users\nryun\AppData\Local\Suresofttech\STATIC Toolbox\apps\STATIC Client for C, C++ v1.2.0\
(18324)(    4) + WORKING: D:\VPES_GIT\vpes_git\miro_vs2015\.staticdata
(18324) + IGNORE: msbuild xxxxx // INTEREST: cl gcc cc g++ ar link ld xxx xc8 cpp cpstm8 castm8 clnk tricore-gcc tricore-g++ ctoa etoa ecomppc elxr
( 2396)(    5)ME: C:\Windows\Microsoft.NET\Framework\v4.0.30319\csc.exe
( 2396)(    5) + HOME: C:\Users\nryun\AppData\Local\Suresofttech\STATIC Toolbox\apps\STATIC Client for C, C++ v1.2.0\
( 2396)(    5) + WORKING: D:\VPES_GIT\vpes_git\miro_vs2015\.staticdata
( 2396) + IGNORE: msbuild xxxxx // INTEREST: cl gcc cc g++ ar link ld xxx xc8 cpp cpstm8 castm8 clnk tricore-gcc tricore-g++ ctoa etoa ecomppc elxr
( 2396)(    5) + Ignored EXENAME: csc
( 9284)(    6)ME: C:\Windows\Microsoft.NET\Framework\v4.0.30319\cvtres.exe
( 9284)(    6) + HOME: C:\Users\nryun\AppData\Local\Suresofttech\STATIC Toolbox\apps\STATIC Client for C, C++ v1.2.0\
( 9284)(    6) + WORKING: D:\VPES_GIT\vpes_git\miro_vs2015\.staticdata
( 9284) + IGNORE: msbuild xxxxx // INTEREST: cl gcc cc g++ ar link ld xxx xc8 cpp cpstm8 castm8 clnk tricore-gcc tricore-g++ ctoa etoa ecomppc elxr
( 9284)(    6) + Ignored EXENAME: cvtres
( 9284)(    6)ME: C:\Windows\Microsoft.NET\Framework\v4.0.30319\cvtres.exe
( 9284)(    6) + HOME: C:\Users\nryun\AppData\Local\Suresofttech\STATIC Toolbox\apps\STATIC Client for C, C++ v1.2.0\
( 9284)(    6) + WORKING: D:\VPES_GIT\vpes_git\miro_vs2015\.staticdata
( 9284) + IGNORE: msbuild xxxxx // INTEREST: cl gcc cc g++ ar link ld xxx xc8 cpp cpstm8 castm8 clnk tricore-gcc tricore-g++ ctoa etoa ecomppc elxr
( 2396)(    5)ME: C:\Windows\Microsoft.NET\Framework\v4.0.30319\csc.exe
( 2396)(    5) + HOME: C:\Users\nryun\AppData\Local\Suresofttech\STATIC Toolbox\apps\STATIC Client for C, C++ v1.2.0\
( 2396)(    5) + WORKING: D:\VPES_GIT\vpes_git\miro_vs2015\.staticdata
( 2396) + IGNORE: msbuild xxxxx // INTEREST: cl gcc cc g++ ar link ld xxx xc8 cpp cpstm8 castm8 clnk tricore-gcc tricore-g++ ctoa etoa ecomppc elxr
(18652)(    7)ME: C:\Windows\system32\conhost.exe
(18652)(    7) + HOME: C:\Users\nryun\AppData\Local\Suresofttech\STATIC Toolbox\apps\STATIC Client for C, C++ v1.2.0\
(18652)(    7) + WORKING: D:\VPES_GIT\vpes_git\miro_vs2015\.staticdata
(18652) + IGNORE: msbuild xxxxx // INTEREST: cl gcc cc g++ ar link ld xxx xc8 cpp cpstm8 castm8 clnk tricore-gcc tricore-g++ ctoa etoa ecomppc elxr
(18652)(    7) + Ignored EXENAME: conhost
(  932)(    8)ME: C:\Program Files (x86)\MSBuild\14.0\bin\Tracker.exe
(  932)(    8) + HOME: C:\Users\nryun\AppData\Local\Suresofttech\STATIC Toolbox\apps\STATIC Client for C, C++ v1.2.0\
(  932)(    8) + WORKING: D:\VPES_GIT\vpes_git\miro_vs2015\.staticdata
(  932) + IGNORE: msbuild xxxxx // INTEREST: cl gcc cc g++ ar link ld xxx xc8 cpp cpstm8 castm8 clnk tricore-gcc tricore-g++ ctoa etoa ecomppc elxr
(  932)(    8) + Ignored EXENAME: tracker
( 6080)(   10)ME: C:\Program Files (x86)\Microsoft Visual Studio 14.0\VC\bin\mspdbsrv.exe
( 6080)(   10) + HOME: C:\Users\nryun\AppData\Local\Suresofttech\STATIC Toolbox\apps\STATIC Client for C, C++ v1.2.0\
( 6080)(   10) + WORKING: D:\VPES_GIT\vpes_git\miro_vs2015\.staticdata
( 6080) + IGNORE: msbuild xxxxx // INTEREST: cl gcc cc g++ ar link ld xxx xc8 cpp cpstm8 castm8 clnk tricore-gcc tricore-g++ ctoa etoa ecomppc elxr
( 6080)(   10) + Ignored EXENAME: mspdbsrv
(15244)(    9)ME: C:\Program Files (x86)\Microsoft Visual Studio 14.0\VC\bin\x86_amd64\CL.exe
(15244)(    9) + HOME: C:\Users\nryun\AppData\Local\Suresofttech\STATIC Toolbox\apps\STATIC Client for C, C++ v1.2.0\
(15244)(    9) + WORKING: D:\VPES_GIT\vpes_git\miro_vs2015\.staticdata
(15244) + IGNORE: msbuild xxxxx // INTEREST: cl gcc cc g++ ar link ld xxx xc8 cpp cpstm8 castm8 clnk tricore-gcc tricore-g++ ctoa etoa ecomppc elxr
(15244)(    9)ME: C:\Program Files (x86)\Microsoft Visual Studio 14.0\VC\bin\x86_amd64\CL.exe
(15244)(    9) + HOME: C:\Users\nryun\AppData\Local\Suresofttech\STATIC Toolbox\apps\STATIC Client for C, C++ v1.2.0\
(15244)(    9) + WORKING: D:\VPES_GIT\vpes_git\miro_vs2015\.staticdata
(15244) + IGNORE: msbuild xxxxx // INTEREST: cl gcc cc g++ ar link ld xxx xc8 cpp cpstm8 castm8 clnk tricore-gcc tricore-g++ ctoa etoa ecomppc elxr
(  932)(    8)ME: C:\Program Files (x86)\MSBuild\14.0\bin\Tracker.exe
(  932)(    8) + HOME: C:\Users\nryun\AppData\Local\Suresofttech\STATIC Toolbox\apps\STATIC Client for C, C++ v1.2.0\
(  932)(    8) + WORKING: D:\VPES_GIT\vpes_git\miro_vs2015\.staticdata
(  932) + IGNORE: msbuild xxxxx // INTEREST: cl gcc cc g++ ar link ld xxx xc8 cpp cpstm8 castm8 clnk tricore-gcc tricore-g++ ctoa etoa ecomppc elxr
( 3712)(   11)ME: C:\Windows\system32\conhost.exe
( 3712)(   11) + HOME: C:\Users\nryun\AppData\Local\Suresofttech\STATIC Toolbox\apps\STATIC Client for C, C++ v1.2.0\
( 3712)(   11) + WORKING: D:\VPES_GIT\vpes_git\miro_vs2015\.staticdata
( 3712) + IGNORE: msbuild xxxxx // INTEREST: cl gcc cc g++ ar link ld xxx xc8 cpp cpstm8 castm8 clnk tricore-gcc tricore-g++ ctoa etoa ecomppc elxr
( 3712)(   11) + Ignored EXENAME: conhost
( 8300)(   12)ME: C:\Program Files (x86)\MSBuild\14.0\bin\Tracker.exe
( 8300)(   12) + HOME: C:\Users\nryun\AppData\Local\Suresofttech\STATIC Toolbox\apps\STATIC Client for C, C++ v1.2.0\
( 8300)(   12) + WORKING: D:\VPES_GIT\vpes_git\miro_vs2015\.staticdata
( 8300) + IGNORE: msbuild xxxxx // INTEREST: cl gcc cc g++ ar link ld xxx xc8 cpp cpstm8 castm8 clnk tricore-gcc tricore-g++ ctoa etoa ecomppc elxr
( 8300)(   12) + Ignored EXENAME: tracker
(22780)(   14)ME: C:\Program Files (x86)\Windows Kits\8.1\bin\x86\rc.exe
(22780)(   14) + HOME: C:\Users\nryun\AppData\Local\Suresofttech\STATIC Toolbox\apps\STATIC Client for C, C++ v1.2.0\
(22780)(   14) + WORKING: D:\VPES_GIT\vpes_git\miro_vs2015\.staticdata
(22780) + IGNORE: msbuild xxxxx // INTEREST: cl gcc cc g++ ar link ld xxx xc8 cpp cpstm8 castm8 clnk tricore-gcc tricore-g++ ctoa etoa ecomppc elxr
(22780)(   14) + Ignored EXENAME: rc
(22780)(   14)ME: C:\Program Files (x86)\Windows Kits\8.1\bin\x86\rc.exe
(22780)(   14) + HOME: C:\Users\nryun\AppData\Local\Suresofttech\STATIC Toolbox\apps\STATIC Client for C, C++ v1.2.0\
(22780)(   14) + WORKING: D:\VPES_GIT\vpes_git\miro_vs2015\.staticdata
(22780) + IGNORE: msbuild xxxxx // INTEREST: cl gcc cc g++ ar link ld xxx xc8 cpp cpstm8 castm8 clnk tricore-gcc tricore-g++ ctoa etoa ecomppc elxr
(12960)(   15)ME: C:\Program Files (x86)\Microsoft Visual Studio 14.0\VC\bin\cvtres.exe
(12960)(   15) + HOME: C:\Users\nryun\AppData\Local\Suresofttech\STATIC Toolbox\apps\STATIC Client for C, C++ v1.2.0\
(12960)(   15) + WORKING: D:\VPES_GIT\vpes_git\miro_vs2015\.staticdata
(12960) + IGNORE: msbuild xxxxx // INTEREST: cl gcc cc g++ ar link ld xxx xc8 cpp cpstm8 castm8 clnk tricore-gcc tricore-g++ ctoa etoa ecomppc elxr
(12960)(   15) + Ignored EXENAME: cvtres
(12960)(   15)ME: C:\Program Files (x86)\Microsoft Visual Studio 14.0\VC\bin\cvtres.exe
(12960)(   15) + HOME: C:\Users\nryun\AppData\Local\Suresofttech\STATIC Toolbox\apps\STATIC Client for C, C++ v1.2.0\
(12960)(   15) + WORKING: D:\VPES_GIT\vpes_git\miro_vs2015\.staticdata
(12960) + IGNORE: msbuild xxxxx // INTEREST: cl gcc cc g++ ar link ld xxx xc8 cpp cpstm8 castm8 clnk tricore-gcc tricore-g++ ctoa etoa ecomppc elxr
( 1512)(   13)ME: C:\Program Files (x86)\Microsoft Visual Studio 14.0\VC\bin\x86_amd64\link.exe
( 1512)(   13) + HOME: C:\Users\nryun\AppData\Local\Suresofttech\STATIC Toolbox\apps\STATIC Client for C, C++ v1.2.0\
( 1512)(   13) + WORKING: D:\VPES_GIT\vpes_git\miro_vs2015\.staticdata
( 1512) + IGNORE: msbuild xxxxx // INTEREST: cl gcc cc g++ ar link ld xxx xc8 cpp cpstm8 castm8 clnk tricore-gcc tricore-g++ ctoa etoa ecomppc elxr
( 1512)(   13)ME: C:\Program Files (x86)\Microsoft Visual Studio 14.0\VC\bin\x86_amd64\link.exe
( 1512)(   13) + HOME: C:\Users\nryun\AppData\Local\Suresofttech\STATIC Toolbox\apps\STATIC Client for C, C++ v1.2.0\
( 1512)(   13) + WORKING: D:\VPES_GIT\vpes_git\miro_vs2015\.staticdata
( 1512) + IGNORE: msbuild xxxxx // INTEREST: cl gcc cc g++ ar link ld xxx xc8 cpp cpstm8 castm8 clnk tricore-gcc tricore-g++ ctoa etoa ecomppc elxr
(17560)(   16)ME: C:\Program Files (x86)\Microsoft Visual Studio 14.0\VC\bin\x86_amd64\VCTIP.EXE
(17560)(   16) + HOME: C:\Users\nryun\AppData\Local\Suresofttech\STATIC Toolbox\apps\STATIC Client for C, C++ v1.2.0\
(17560)(   16) + WORKING: D:\VPES_GIT\vpes_git\miro_vs2015\.staticdata
(17560) + IGNORE: msbuild xxxxx // INTEREST: cl gcc cc g++ ar link ld xxx xc8 cpp cpstm8 castm8 clnk tricore-gcc tricore-g++ ctoa etoa ecomppc elxr
(17560)(   16) + Ignored EXENAME: vctip
( 8300)(   12)ME: C:\Program Files (x86)\MSBuild\14.0\bin\Tracker.exe
( 8300)(   12) + HOME: C:\Users\nryun\AppData\Local\Suresofttech\STATIC Toolbox\apps\STATIC Client for C, C++ v1.2.0\
( 8300)(   12) + WORKING: D:\VPES_GIT\vpes_git\miro_vs2015\.staticdata
( 8300) + IGNORE: msbuild xxxxx // INTEREST: cl gcc cc g++ ar link ld xxx xc8 cpp cpstm8 castm8 clnk tricore-gcc tricore-g++ ctoa etoa ecomppc elxr
(16356)(   17)ME: C:\Windows\system32\chcp.com
(16356)(   17) + HOME: C:\Users\nryun\AppData\Local\Suresofttech\STATIC Toolbox\apps\STATIC Client for C, C++ v1.2.0\
(16356)(   17) + WORKING: D:\VPES_GIT\vpes_git\miro_vs2015\.staticdata
(16356) + IGNORE: msbuild xxxxx // INTEREST: cl gcc cc g++ ar link ld xxx xc8 cpp cpstm8 castm8 clnk tricore-gcc tricore-g++ ctoa etoa ecomppc elxr
(16356)(   17) + Ignored EXENAME: chcp
(17560)(   16)ME: C:\Program Files (x86)\Microsoft Visual Studio 14.0\VC\bin\x86_amd64\VCTIP.EXE
(17560)(   16) + HOME: C:\Users\nryun\AppData\Local\Suresofttech\STATIC Toolbox\apps\STATIC Client for C, C++ v1.2.0\
(17560)(   16) + WORKING: D:\VPES_GIT\vpes_git\miro_vs2015\.staticdata
(17560) + IGNORE: msbuild xxxxx // INTEREST: cl gcc cc g++ ar link ld xxx xc8 cpp cpstm8 castm8 clnk tricore-gcc tricore-g++ ctoa etoa ecomppc elxr
( 6080)(   10)ME: C:\Program Files (x86)\Microsoft Visual Studio 14.0\VC\bin\mspdbsrv.exe
( 6080)(   10) + HOME: C:\Users\nryun\AppData\Local\Suresofttech\STATIC Toolbox\apps\STATIC Client for C, C++ v1.2.0\
( 6080)(   10) + WORKING: D:\VPES_GIT\vpes_git\miro_vs2015\.staticdata
( 6080) + IGNORE: msbuild xxxxx // INTEREST: cl gcc cc g++ ar link ld xxx xc8 cpp cpstm8 castm8 clnk tricore-gcc tricore-g++ ctoa etoa ecomppc elxr
