==================================================================
2022/11/28_08:50:52:435
processName:conhost
PID:  16376
PPID: 10040
csID: 1
==================================================================
==================================================================
2022/11/28_08:50:52:455
processName:cmd
PID:  10040
PPID: 21744
csID: 2
==================================================================
==================================================================
2022/11/28_08:50:52:484
processName:chcp
PID:  2132
PPID: 10040
csID: 3
==================================================================
==================================================================
2022/11/28_08:50:52:553
processName:MSBuild
PID:  18324
PPID: 10040
csID: 4
==================================================================
==================================================================
2022/11/28_08:50:53:37
processName:csc
PID:  2396
PPID: 18324
csID: 5
==================================================================
==================================================================
2022/11/28_08:50:53:117
processName:cvtres
PID:  9284
PPID: 2396
csID: 6
==================================================================
==================================================================
2022/11/28_08:50:53:193
processName:conhost
PID:  18652
PPID: 932
csID: 7
==================================================================
==================================================================
2022/11/28_08:50:53:215
processName:Tracker
PID:  932
PPID: 18324
csID: 8
==================================================================
==================================================================
2022/11/28_08:50:53:248
processName:CL
PID:  15244
PPID: 932
csID: 9
==================================================================
==================================================================
2022/11/28_08:50:53:289
processName:mspdbsrv
PID:  6080
PPID: 15244
csID: 10
==================================================================
==================================================================
2022/11/28_08:50:53:771
processName:conhost
PID:  3712
PPID: 8300
csID: 11
==================================================================
==================================================================
2022/11/28_08:50:53:793
processName:Tracker
PID:  8300
PPID: 18324
csID: 12
==================================================================
==================================================================
2022/11/28_08:50:53:816
processName:link
PID:  1512
PPID: 8300
csID: 13
==================================================================
==================================================================
2022/11/28_08:50:53:885
processName:rc
PID:  22780
PPID: 1512
csID: 14
==================================================================
==================================================================
2022/11/28_08:50:53:917
processName:cvtres
PID:  12960
PPID: 1512
csID: 15
==================================================================
==================================================================
2022/11/28_08:50:54:86
processName:VCTIP
PID:  17560
PPID: 1512
csID: 16
==================================================================
==================================================================
2022/11/28_08:50:54:134
processName:chcp
PID:  16356
PPID: 10040
csID: 17
==================================================================
