(23956)(    1)ME: C:\Windows\system32\conhost.exe
(23956)(    1) + HOME: C:\Users\nryun\AppData\Local\Suresofttech\STATIC Toolbox\apps\STATIC Client for C, C++ v1.2.0\
(23956)(    1) + WORKING: D:\VPES_GIT\vpes_git\cube\.staticdata
(23956) + IGNORE: msbuild xxxxx // INTEREST: cl gcc cc g++ ar link ld xxx xc8 cpp cpstm8 castm8 clnk tricore-gcc tricore-g++ ctoa etoa ecomppc elxr
(23956)(    1) + Ignored EXENAME: conhost
( 5180)(    2)ME: C:\Windows\system32\cmd.exe
( 5180)(    2) + HOME: C:\Users\nryun\AppData\Local\Suresofttech\STATIC Toolbox\apps\STATIC Client for C, C++ v1.2.0\
( 5180)(    2) + WORKING: D:\VPES_GIT\vpes_git\cube\.staticdata
( 5180) + IGNORE: msbuild xxxxx // INTEREST: cl gcc cc g++ ar link ld xxx xc8 cpp cpstm8 castm8 clnk tricore-gcc tricore-g++ ctoa etoa ecomppc elxr
( 5180)(    2) + Ignored EXENAME: cmd
(  888)(    3)ME: C:\Windows\system32\chcp.com
(  888)(    3) + HOME: C:\Users\nryun\AppData\Local\Suresofttech\STATIC Toolbox\apps\STATIC Client for C, C++ v1.2.0\
(  888)(    3) + WORKING: D:\VPES_GIT\vpes_git\cube\.staticdata
(  888) + IGNORE: msbuild xxxxx // INTEREST: cl gcc cc g++ ar link ld xxx xc8 cpp cpstm8 castm8 clnk tricore-gcc tricore-g++ ctoa etoa ecomppc elxr
(  888)(    3) + Ignored EXENAME: chcp
(18828)(    4)ME: C:\Program Files (x86)\MSBuild\14.0\bin\MSBuild.exe
(18828)(    4) + HOME: C:\Users\nryun\AppData\Local\Suresofttech\STATIC Toolbox\apps\STATIC Client for C, C++ v1.2.0\
(18828)(    4) + WORKING: D:\VPES_GIT\vpes_git\cube\.staticdata
(18828) + IGNORE: msbuild xxxxx // INTEREST: cl gcc cc g++ ar link ld xxx xc8 cpp cpstm8 castm8 clnk tricore-gcc tricore-g++ ctoa etoa ecomppc elxr
(18828)(    4)ME: C:\Program Files (x86)\MSBuild\14.0\bin\MSBuild.exe
(18828)(    4) + HOME: C:\Users\nryun\AppData\Local\Suresofttech\STATIC Toolbox\apps\STATIC Client for C, C++ v1.2.0\
(18828)(    4) + WORKING: D:\VPES_GIT\vpes_git\cube\.staticdata
(18828) + IGNORE: msbuild xxxxx // INTEREST: cl gcc cc g++ ar link ld xxx xc8 cpp cpstm8 castm8 clnk tricore-gcc tricore-g++ ctoa etoa ecomppc elxr
(17956)(    5)ME: C:\Windows\Microsoft.NET\Framework\v4.0.30319\csc.exe
(17956)(    5) + HOME: C:\Users\nryun\AppData\Local\Suresofttech\STATIC Toolbox\apps\STATIC Client for C, C++ v1.2.0\
(17956)(    5) + WORKING: D:\VPES_GIT\vpes_git\cube\.staticdata
(17956) + IGNORE: msbuild xxxxx // INTEREST: cl gcc cc g++ ar link ld xxx xc8 cpp cpstm8 castm8 clnk tricore-gcc tricore-g++ ctoa etoa ecomppc elxr
(17956)(    5) + Ignored EXENAME: csc
(23224)(    6)ME: C:\Windows\Microsoft.NET\Framework\v4.0.30319\cvtres.exe
(23224)(    6) + HOME: C:\Users\nryun\AppData\Local\Suresofttech\STATIC Toolbox\apps\STATIC Client for C, C++ v1.2.0\
(23224)(    6) + WORKING: D:\VPES_GIT\vpes_git\cube\.staticdata
(23224) + IGNORE: msbuild xxxxx // INTEREST: cl gcc cc g++ ar link ld xxx xc8 cpp cpstm8 castm8 clnk tricore-gcc tricore-g++ ctoa etoa ecomppc elxr
(23224)(    6) + Ignored EXENAME: cvtres
(23224)(    6)ME: C:\Windows\Microsoft.NET\Framework\v4.0.30319\cvtres.exe
(23224)(    6) + HOME: C:\Users\nryun\AppData\Local\Suresofttech\STATIC Toolbox\apps\STATIC Client for C, C++ v1.2.0\
(23224)(    6) + WORKING: D:\VPES_GIT\vpes_git\cube\.staticdata
(23224) + IGNORE: msbuild xxxxx // INTEREST: cl gcc cc g++ ar link ld xxx xc8 cpp cpstm8 castm8 clnk tricore-gcc tricore-g++ ctoa etoa ecomppc elxr
(17956)(    5)ME: C:\Windows\Microsoft.NET\Framework\v4.0.30319\csc.exe
(17956)(    5) + HOME: C:\Users\nryun\AppData\Local\Suresofttech\STATIC Toolbox\apps\STATIC Client for C, C++ v1.2.0\
(17956)(    5) + WORKING: D:\VPES_GIT\vpes_git\cube\.staticdata
(17956) + IGNORE: msbuild xxxxx // INTEREST: cl gcc cc g++ ar link ld xxx xc8 cpp cpstm8 castm8 clnk tricore-gcc tricore-g++ ctoa etoa ecomppc elxr
(15880)(    7)ME: C:\Windows\system32\conhost.exe
(15880)(    7) + HOME: C:\Users\nryun\AppData\Local\Suresofttech\STATIC Toolbox\apps\STATIC Client for C, C++ v1.2.0\
(15880)(    7) + WORKING: D:\VPES_GIT\vpes_git\cube\.staticdata
(15880) + IGNORE: msbuild xxxxx // INTEREST: cl gcc cc g++ ar link ld xxx xc8 cpp cpstm8 castm8 clnk tricore-gcc tricore-g++ ctoa etoa ecomppc elxr
(15880)(    7) + Ignored EXENAME: conhost
( 1916)(    8)ME: C:\Program Files (x86)\MSBuild\14.0\bin\Tracker.exe
( 1916)(    8) + HOME: C:\Users\nryun\AppData\Local\Suresofttech\STATIC Toolbox\apps\STATIC Client for C, C++ v1.2.0\
( 1916)(    8) + WORKING: D:\VPES_GIT\vpes_git\cube\.staticdata
( 1916) + IGNORE: msbuild xxxxx // INTEREST: cl gcc cc g++ ar link ld xxx xc8 cpp cpstm8 castm8 clnk tricore-gcc tricore-g++ ctoa etoa ecomppc elxr
( 1916)(    8) + Ignored EXENAME: tracker
(23564)(    9)ME: C:\Program Files (x86)\Microsoft Visual Studio 14.0\VC\bin\CL.exe
(23564)(    9) + HOME: C:\Users\nryun\AppData\Local\Suresofttech\STATIC Toolbox\apps\STATIC Client for C, C++ v1.2.0\
(23564)(    9) + WORKING: D:\VPES_GIT\vpes_git\cube\.staticdata
(23564) + IGNORE: msbuild xxxxx // INTEREST: cl gcc cc g++ ar link ld xxx xc8 cpp cpstm8 castm8 clnk tricore-gcc tricore-g++ ctoa etoa ecomppc elxr
(23564)(    9)ME: C:\Program Files (x86)\Microsoft Visual Studio 14.0\VC\bin\CL.exe
(23564)(    9) + HOME: C:\Users\nryun\AppData\Local\Suresofttech\STATIC Toolbox\apps\STATIC Client for C, C++ v1.2.0\
(23564)(    9) + WORKING: D:\VPES_GIT\vpes_git\cube\.staticdata
(23564) + IGNORE: msbuild xxxxx // INTEREST: cl gcc cc g++ ar link ld xxx xc8 cpp cpstm8 castm8 clnk tricore-gcc tricore-g++ ctoa etoa ecomppc elxr
( 1916)(    8)ME: C:\Program Files (x86)\MSBuild\14.0\bin\Tracker.exe
( 1916)(    8) + HOME: C:\Users\nryun\AppData\Local\Suresofttech\STATIC Toolbox\apps\STATIC Client for C, C++ v1.2.0\
( 1916)(    8) + WORKING: D:\VPES_GIT\vpes_git\cube\.staticdata
( 1916) + IGNORE: msbuild xxxxx // INTEREST: cl gcc cc g++ ar link ld xxx xc8 cpp cpstm8 castm8 clnk tricore-gcc tricore-g++ ctoa etoa ecomppc elxr
(14952)(   10)ME: C:\Windows\system32\conhost.exe
(14952)(   10) + HOME: C:\Users\nryun\AppData\Local\Suresofttech\STATIC Toolbox\apps\STATIC Client for C, C++ v1.2.0\
(14952)(   10) + WORKING: D:\VPES_GIT\vpes_git\cube\.staticdata
(14952) + IGNORE: msbuild xxxxx // INTEREST: cl gcc cc g++ ar link ld xxx xc8 cpp cpstm8 castm8 clnk tricore-gcc tricore-g++ ctoa etoa ecomppc elxr
(14952)(   10) + Ignored EXENAME: conhost
( 8284)(   11)ME: C:\Program Files (x86)\MSBuild\14.0\bin\Tracker.exe
( 8284)(   11) + HOME: C:\Users\nryun\AppData\Local\Suresofttech\STATIC Toolbox\apps\STATIC Client for C, C++ v1.2.0\
( 8284)(   11) + WORKING: D:\VPES_GIT\vpes_git\cube\.staticdata
( 8284) + IGNORE: msbuild xxxxx // INTEREST: cl gcc cc g++ ar link ld xxx xc8 cpp cpstm8 castm8 clnk tricore-gcc tricore-g++ ctoa etoa ecomppc elxr
( 8284)(   11) + Ignored EXENAME: tracker
(18972)(   12)ME: C:\Program Files (x86)\Microsoft Visual Studio 14.0\VC\bin\CL.exe
(18972)(   12) + HOME: C:\Users\nryun\AppData\Local\Suresofttech\STATIC Toolbox\apps\STATIC Client for C, C++ v1.2.0\
(18972)(   12) + WORKING: D:\VPES_GIT\vpes_git\cube\.staticdata
(18972) + IGNORE: msbuild xxxxx // INTEREST: cl gcc cc g++ ar link ld xxx xc8 cpp cpstm8 castm8 clnk tricore-gcc tricore-g++ ctoa etoa ecomppc elxr
(18972)(   12)ME: C:\Program Files (x86)\Microsoft Visual Studio 14.0\VC\bin\CL.exe
(18972)(   12) + HOME: C:\Users\nryun\AppData\Local\Suresofttech\STATIC Toolbox\apps\STATIC Client for C, C++ v1.2.0\
(18972)(   12) + WORKING: D:\VPES_GIT\vpes_git\cube\.staticdata
(18972) + IGNORE: msbuild xxxxx // INTEREST: cl gcc cc g++ ar link ld xxx xc8 cpp cpstm8 castm8 clnk tricore-gcc tricore-g++ ctoa etoa ecomppc elxr
( 8284)(   11)ME: C:\Program Files (x86)\MSBuild\14.0\bin\Tracker.exe
( 8284)(   11) + HOME: C:\Users\nryun\AppData\Local\Suresofttech\STATIC Toolbox\apps\STATIC Client for C, C++ v1.2.0\
( 8284)(   11) + WORKING: D:\VPES_GIT\vpes_git\cube\.staticdata
( 8284) + IGNORE: msbuild xxxxx // INTEREST: cl gcc cc g++ ar link ld xxx xc8 cpp cpstm8 castm8 clnk tricore-gcc tricore-g++ ctoa etoa ecomppc elxr
(25092)(   13)ME: C:\Windows\system32\chcp.com
(25092)(   13) + HOME: C:\Users\nryun\AppData\Local\Suresofttech\STATIC Toolbox\apps\STATIC Client for C, C++ v1.2.0\
(25092)(   13) + WORKING: D:\VPES_GIT\vpes_git\cube\.staticdata
(25092) + IGNORE: msbuild xxxxx // INTEREST: cl gcc cc g++ ar link ld xxx xc8 cpp cpstm8 castm8 clnk tricore-gcc tricore-g++ ctoa etoa ecomppc elxr
(25092)(   13) + Ignored EXENAME: chcp
