==================================================================
2022/11/14_17:53:23:169
processName:conhost
PID:  23956
PPID: 5180
csID: 1
==================================================================
==================================================================
2022/11/14_17:53:23:190
processName:cmd
PID:  5180
PPID: 20820
csID: 2
==================================================================
==================================================================
2022/11/14_17:53:23:216
processName:chcp
PID:  888
PPID: 5180
csID: 3
==================================================================
==================================================================
2022/11/14_17:53:23:283
processName:MSBuild
PID:  18828
PPID: 5180
csID: 4
==================================================================
==================================================================
2022/11/14_17:53:23:553
processName:csc
PID:  17956
PPID: 18828
csID: 5
==================================================================
==================================================================
2022/11/14_17:53:23:600
processName:cvtres
PID:  23224
PPID: 17956
csID: 6
==================================================================
==================================================================
2022/11/14_17:53:23:670
processName:conhost
PID:  15880
PPID: 1916
csID: 7
==================================================================
==================================================================
2022/11/14_17:53:23:691
processName:Tracker
PID:  1916
PPID: 18828
csID: 8
==================================================================
==================================================================
2022/11/14_17:53:23:720
processName:CL
PID:  23564
PPID: 1916
csID: 9
==================================================================
==================================================================
2022/11/14_17:53:24:609
processName:conhost
PID:  14952
PPID: 8284
csID: 10
==================================================================
==================================================================
2022/11/14_17:53:24:626
processName:Tracker
PID:  8284
PPID: 18828
csID: 11
==================================================================
==================================================================
2022/11/14_17:53:24:653
processName:CL
PID:  18972
PPID: 8284
csID: 12
==================================================================
==================================================================
2022/11/14_17:53:26:872
processName:chcp
PID:  25092
PPID: 5180
csID: 13
==================================================================
