==================================================================
2022/03/29_12:06:42:63
processName:mspdbsrv
PID:  7668
PPID: 12068
csID: 1
==================================================================
==================================================================
2022/03/29_12:07:34:584
processName:cmd
PID:  15188
PPID: 3204
csID: 2
==================================================================
==================================================================
2022/03/29_12:07:34:605
processName:chcp
PID:  1684
PPID: 15188
csID: 3
==================================================================
==================================================================
2022/03/29_12:07:34:668
processName:chcp
PID:  18160
PPID: 15188
csID: 4
==================================================================
