빌드 시작: 2022-03-29 오전 11:54:03
     1>2 노드의 "D:\샘플\vpes_git_test\miro_2010\miro.vcxproj" 프로젝트(build 대상)입니다.
     1>InitializeBuildStatus:
         "AlwaysCreate"이(가) 지정되었기 때문에 ".\Debug\miro.unsuccessfulbuild"을(를) 만들고 있습니다.
       ClCompile:
         c:\Program Files (x86)\Microsoft Visual Studio 10.0\VC\bin\CL.exe /c /ZI /nologo /W3 /WX- /Od /Oy- /D WIN32 /D _DEBUG /D _CONSOLE /D _VC80_UPGRADE=0x0600 /D _MBCS /Gm /EHsc /RTC1 /MD /GS /Gy- /fp:precise /Zc:wchar_t /Zc:forScope /Fo".\Debug\\" /Fd".\Debug\vc100.pdb" /Gd /TC /analyze- /errorReport:prompt miro_fun.c miro_fun2.c Q_S.c QS_fun.c
         QS_fun.c
         Q_S.c
         miro_fun2.c
         miro_fun.c
         코드를 생성하고 있습니다...
       ManifestResourceCompile:
         c:\Program Files (x86)\Microsoft SDKs\Windows\v7.0A\bin\rc.exe /nologo /fo".\Debug\miro.exe.embed.manifest.res" .\Debug\miro_manifest.rc 
       Link:
         c:\Program Files (x86)\Microsoft Visual Studio 10.0\VC\bin\link.exe /ERRORREPORT:PROMPT /OUT:".\Debug\miro.exe" /INCREMENTAL /NOLOGO odbc32.lib odbccp32.lib kernel32.lib user32.lib gdi32.lib winspool.lib comdlg32.lib advapi32.lib shell32.lib ole32.lib oleaut32.lib uuid.lib odbc32.lib odbccp32.lib /MANIFEST /ManifestFile:".\Debug\miro.exe.intermediate.manifest" /MANIFESTUAC:"level='asInvoker' uiAccess='false'" /DEBUG /PDB:"D:\샘플\vpes_git_test\miro_2010\Debug\miro.pdb" /SUBSYSTEM:CONSOLE /TLBID:1 /DYNAMICBASE /NXCOMPAT /IMPLIB:".\Debug\miro.lib" /MACHINE:X86 .\Debug\miro.exe.embed.manifest.res
         .\Debug\miro_fun.obj
         .\Debug\miro_fun2.obj
         .\Debug\Q_S.obj
         .\Debug\QS_fun.obj
       Manifest:
         ".\Debug\miro.exe.embed.manifest" 파일을 삭제하고 있습니다.
         c:\Program Files (x86)\Microsoft SDKs\Windows\v7.0A\bin\mt.exe /nologo /verbose /out:".\Debug\miro.exe.embed.manifest" /manifest .\Debug\miro.exe.intermediate.manifest
         c:\Program Files (x86)\Microsoft SDKs\Windows\v7.0A\bin\rc.exe /nologo /fo".\Debug\miro.exe.embed.manifest.res" .\Debug\miro_manifest.rc 
       LinkEmbedManifest:
         c:\Program Files (x86)\Microsoft Visual Studio 10.0\VC\bin\link.exe /ERRORREPORT:PROMPT /OUT:".\Debug\miro.exe" /INCREMENTAL /NOLOGO odbc32.lib odbccp32.lib kernel32.lib user32.lib gdi32.lib winspool.lib comdlg32.lib advapi32.lib shell32.lib ole32.lib oleaut32.lib uuid.lib odbc32.lib odbccp32.lib /MANIFEST /ManifestFile:".\Debug\miro.exe.intermediate.manifest" /MANIFESTUAC:"level='asInvoker' uiAccess='false'" /DEBUG /PDB:"D:\샘플\vpes_git_test\miro_2010\Debug\miro.pdb" /SUBSYSTEM:CONSOLE /TLBID:1 /DYNAMICBASE /NXCOMPAT /IMPLIB:".\Debug\miro.lib" /MACHINE:X86 .\Debug\miro.exe.embed.manifest.res
         .\Debug\miro_fun.obj
         .\Debug\miro_fun2.obj
         .\Debug\Q_S.obj
         .\Debug\QS_fun.obj
         miro.vcxproj -> D:\샘플\vpes_git_test\miro_2010\.\Debug\miro.exe
       FinalizeBuildStatus:
         ".\Debug\miro.unsuccessfulbuild" 파일을 삭제하고 있습니다.
         ".\Debug\miro.lastbuildstate"에 연결(touching)하고 있습니다.
     1>"D:\샘플\vpes_git_test\miro_2010\miro.vcxproj" 프로젝트를 빌드했습니다(build 대상).

빌드했습니다.

경과 시간: 00:00:00.96
