.\Debug\miro.ilk
.\Debug\miro.pdb
C:\USERS\JHKA\DESKTOP\COVER_RT\MIRO_2010\DEBUG\MIRO.EXE
C:\USERS\JHKA\DESKTOP\COVER_RT\MIRO_2010\DEBUG\MIRO.EXE.EMBED.MANIFEST
C:\USERS\JHKA\DESKTOP\COVER_RT\MIRO_2010\DEBUG\MIRO.EXE.EMBED.MANIFEST.RES
C:\USERS\JHKA\DESKTOP\COVER_RT\MIRO_2010\DEBUG\MIRO.EXE.INTERMEDIATE.MANIFEST
C:\Users\jhka\Desktop\COVER_RT\miro_2010\Debug\miro.exp
C:\USERS\JHKA\DESKTOP\COVER_RT\MIRO_2010\DEBUG\MIRO.ILK
C:\Users\jhka\Desktop\COVER_RT\miro_2010\Debug\miro.lib
C:\USERS\JHKA\DESKTOP\COVER_RT\MIRO_2010\DEBUG\MIRO.PDB
C:\USERS\JHKA\DESKTOP\COVER_RT\MIRO_2010\DEBUG\VC100.PDB
D:\VPES_GIT\miro_2010\.\Debug\miro.exe
D:\VPES_GIT\miro_2010\.\Debug\miro.exe.intermediate.manifest
D:\VPES_GIT\miro_2010\Debug\CL.1944.read.1.tlog
D:\VPES_GIT\miro_2010\Debug\CL.1944.write.1.tlog
D:\VPES_GIT\miro_2010\Debug\CL.23356.read.1.tlog
D:\VPES_GIT\miro_2010\Debug\CL.23356.write.1.tlog
D:\VPES_GIT\miro_2010\Debug\CL.26384.read.1.tlog
D:\VPES_GIT\miro_2010\Debug\CL.26384.write.1.tlog
D:\VPES_GIT\miro_2010\Debug\CL.29212.read.1.tlog
D:\VPES_GIT\miro_2010\Debug\CL.29212.write.1.tlog
D:\VPES_GIT\miro_2010\Debug\CL.33084.read.1.tlog
D:\VPES_GIT\miro_2010\Debug\CL.33084.write.1.tlog
D:\VPES_GIT\miro_2010\Debug\CL.34688.read.1.tlog
D:\VPES_GIT\miro_2010\Debug\CL.34688.write.1.tlog
D:\VPES_GIT\miro_2010\Debug\CL.35256.read.1.tlog
D:\VPES_GIT\miro_2010\Debug\CL.35256.write.1.tlog
D:\VPES_GIT\miro_2010\Debug\CL.35476.read.1.tlog
D:\VPES_GIT\miro_2010\Debug\CL.35476.write.1.tlog
D:\VPES_GIT\miro_2010\Debug\cl.command.1.tlog
D:\VPES_GIT\miro_2010\Debug\CL.read.1.tlog
D:\VPES_GIT\miro_2010\Debug\cl.write.1.tlog
D:\VPES_GIT\miro_2010\Debug\link.20788.24352.read.1.tlog
D:\VPES_GIT\miro_2010\Debug\link.20788.24352.write.1.tlog
D:\VPES_GIT\miro_2010\Debug\link.20788.24352-cvtres.read.1.tlog
D:\VPES_GIT\miro_2010\Debug\link.20788.24352-cvtres.write.1.tlog
D:\VPES_GIT\miro_2010\Debug\link.20788.read.1.tlog
D:\VPES_GIT\miro_2010\Debug\link.20788.write.1.tlog
D:\VPES_GIT\miro_2010\Debug\link.32516.34168.read.1.tlog
D:\VPES_GIT\miro_2010\Debug\link.32516.34168.write.1.tlog
D:\VPES_GIT\miro_2010\Debug\link.32516.34168-cvtres.read.1.tlog
D:\VPES_GIT\miro_2010\Debug\link.32516.34168-cvtres.write.1.tlog
D:\VPES_GIT\miro_2010\Debug\link.32516.read.1.tlog
D:\VPES_GIT\miro_2010\Debug\link.32516.write.1.tlog
D:\VPES_GIT\miro_2010\Debug\link.command.1.tlog
D:\VPES_GIT\miro_2010\Debug\link.read.1.tlog
D:\VPES_GIT\miro_2010\Debug\link.write.1.tlog
D:\VPES_GIT\miro_2010\Debug\link-cl.read.1.tlog
D:\VPES_GIT\miro_2010\Debug\link-cl.write.1.tlog
D:\VPES_GIT\miro_2010\Debug\link-cvtres.read.1.tlog
D:\VPES_GIT\miro_2010\Debug\link-cvtres.write.1.tlog
D:\VPES_GIT\miro_2010\Debug\miro.exe.embed.manifest
D:\VPES_GIT\miro_2010\Debug\miro.exe.embed.manifest.res
D:\VPES_GIT\miro_2010\Debug\miro.exe.intermediate.manifest
D:\VPES_GIT\miro_2010\Debug\miro.ilk
D:\VPES_GIT\miro_2010\Debug\miro.pdb
D:\VPES_GIT\miro_2010\Debug\miro.vcxprojResolveAssemblyReference.cache
D:\VPES_GIT\miro_2010\Debug\miro.write.1.tlog
D:\VPES_GIT\miro_2010\Debug\miro_fun.obj
D:\VPES_GIT\miro_2010\Debug\miro_fun2.obj
D:\VPES_GIT\miro_2010\Debug\miro_manifest.rc
D:\VPES_GIT\miro_2010\Debug\mt.command.1.tlog
D:\VPES_GIT\miro_2010\Debug\mt.read.1.tlog
D:\VPES_GIT\miro_2010\Debug\mt.write.1.tlog
D:\VPES_GIT\miro_2010\Debug\Q_S.obj
D:\VPES_GIT\miro_2010\Debug\QS_fun.obj
D:\VPES_GIT\miro_2010\Debug\rc.command.1.tlog
D:\VPES_GIT\miro_2010\Debug\rc.read.1.tlog
D:\VPES_GIT\miro_2010\Debug\rc.write.1.tlog
D:\VPES_GIT\miro_2010\Debug\vc100.idb
D:\VPES_GIT\miro_2010\Debug\vc100.pdb
D:\샘플\VPES_GIT_TEST\MIRO_2010\DEBUG\MIRO.EXE
D:\샘플\VPES_GIT_TEST\MIRO_2010\DEBUG\MIRO.EXE.EMBED.MANIFEST
D:\샘플\VPES_GIT_TEST\MIRO_2010\DEBUG\MIRO.EXE.EMBED.MANIFEST.RES
D:\샘플\VPES_GIT_TEST\MIRO_2010\DEBUG\MIRO.EXE.INTERMEDIATE.MANIFEST
D:\샘플\vpes_git_test\miro_2010\Debug\miro.exp
D:\샘플\VPES_GIT_TEST\MIRO_2010\DEBUG\MIRO.ILK
D:\샘플\vpes_git_test\miro_2010\Debug\miro.lib
D:\샘플\VPES_GIT_TEST\MIRO_2010\DEBUG\MIRO.PDB
D:\샘플\VPES_GIT_TEST\MIRO_2010\DEBUG\MIRO_FUN.OBJ
D:\샘플\VPES_GIT_TEST\MIRO_2010\DEBUG\MIRO_FUN2.OBJ
D:\샘플\VPES_GIT_TEST\MIRO_2010\DEBUG\Q_S.OBJ
D:\샘플\VPES_GIT_TEST\MIRO_2010\DEBUG\QS_FUN.OBJ
D:\샘플\VPES_GIT_TEST\MIRO_2010\DEBUG\VC100.PDB
