==================================================================
2022/05/23_09:13:31:531
processName:conhost
PID:  23016
PPID: 9636
csID: 1
==================================================================
==================================================================
2022/05/23_09:13:31:551
processName:cmd
PID:  9636
PPID: 1824
csID: 2
==================================================================
==================================================================
2022/05/23_09:13:31:577
processName:chcp
PID:  18440
PPID: 9636
csID: 3
==================================================================
==================================================================
2022/05/23_09:13:31:642
processName:MSBuild
PID:  14392
PPID: 9636
csID: 4
==================================================================
==================================================================
2022/05/23_09:13:32:386
processName:conhost
PID:  10668
PPID: 14308
csID: 5
==================================================================
==================================================================
2022/05/23_09:13:32:404
processName:Tracker
PID:  14308
PPID: 14392
csID: 6
==================================================================
==================================================================
2022/05/23_09:13:32:439
processName:CL
PID:  22500
PPID: 14308
csID: 7
==================================================================
==================================================================
2022/05/23_09:13:32:478
processName:mspdbsrv
PID:  12932
PPID: 22500
csID: 8
==================================================================
==================================================================
2022/05/23_09:13:32:906
processName:conhost
PID:  21820
PPID: 24488
csID: 9
==================================================================
==================================================================
2022/05/23_09:13:32:923
processName:Tracker
PID:  24488
PPID: 14392
csID: 10
==================================================================
==================================================================
2022/05/23_09:13:32:947
processName:rc
PID:  9108
PPID: 24488
csID: 11
==================================================================
==================================================================
2022/05/23_09:13:32:992
processName:conhost
PID:  17256
PPID: 9768
csID: 12
==================================================================
==================================================================
2022/05/23_09:13:33:10
processName:Tracker
PID:  9768
PPID: 14392
csID: 13
==================================================================
==================================================================
2022/05/23_09:13:33:30
processName:link
PID:  8304
PPID: 9768
csID: 14
==================================================================
==================================================================
2022/05/23_09:13:33:80
processName:cvtres
PID:  16936
PPID: 8304
csID: 15
==================================================================
==================================================================
2022/05/23_09:13:33:231
processName:conhost
PID:  5116
PPID: 21164
csID: 16
==================================================================
==================================================================
2022/05/23_09:13:33:248
processName:Tracker
PID:  21164
PPID: 14392
csID: 17
==================================================================
==================================================================
2022/05/23_09:13:33:270
processName:mt
PID:  24444
PPID: 21164
csID: 18
==================================================================
==================================================================
2022/05/23_09:13:33:311
processName:conhost
PID:  20296
PPID: 23780
csID: 19
==================================================================
==================================================================
2022/05/23_09:13:33:329
processName:Tracker
PID:  23780
PPID: 14392
csID: 20
==================================================================
==================================================================
2022/05/23_09:13:33:348
processName:rc
PID:  14072
PPID: 23780
csID: 21
==================================================================
==================================================================
2022/05/23_09:13:33:390
processName:conhost
PID:  21996
PPID: 13608
csID: 22
==================================================================
==================================================================
2022/05/23_09:13:33:407
processName:Tracker
PID:  13608
PPID: 14392
csID: 23
==================================================================
==================================================================
2022/05/23_09:13:33:428
processName:link
PID:  12424
PPID: 13608
csID: 24
==================================================================
==================================================================
2022/05/23_09:13:33:457
processName:cvtres
PID:  17292
PPID: 12424
csID: 25
==================================================================
==================================================================
2022/05/23_09:13:33:487
processName:link
PID:  18928
PPID: 12424
csID: 26
==================================================================
==================================================================
2022/05/23_09:13:33:519
processName:cvtres
PID:  24500
PPID: 18928
csID: 27
==================================================================
==================================================================
2022/05/23_09:13:33:713
processName:chcp
PID:  18632
PPID: 9636
csID: 28
==================================================================
