==================================================================
2023/05/30_13:36:28:458
processName:conhost
PID:  17100
PPID: 15392
csID: 1
==================================================================
==================================================================
2023/05/30_13:36:28:483
processName:cmd
PID:  15392
PPID: 19648
csID: 2
==================================================================
==================================================================
2023/05/30_13:36:28:513
processName:chcp
PID:  9656
PPID: 15392
csID: 3
==================================================================
==================================================================
2023/05/30_13:36:28:588
processName:MSBuild
PID:  24528
PPID: 15392
csID: 4
==================================================================
==================================================================
2023/05/30_13:36:28:785
processName:chcp
PID:  23384
PPID: 15392
csID: 5
==================================================================
