==================================================================
2023/06/19_16:21:27:132
processName:conhost
PID:  32832
PPID: 27092
csID: 1
==================================================================
==================================================================
2023/06/19_16:21:27:152
processName:cmd
PID:  27092
PPID: 15780
csID: 2
==================================================================
==================================================================
2023/06/19_16:21:27:180
processName:chcp
PID:  18212
PPID: 27092
csID: 3
==================================================================
==================================================================
2023/06/19_16:21:27:248
processName:MSBuild
PID:  21616
PPID: 27092
csID: 4
==================================================================
==================================================================
2023/06/19_16:21:27:645
processName:csc
PID:  29652
PPID: 21616
csID: 5
==================================================================
==================================================================
2023/06/19_16:21:27:702
processName:cvtres
PID:  7352
PPID: 29652
csID: 6
==================================================================
==================================================================
2023/06/19_16:21:27:915
processName:conhost
PID:  27776
PPID: 31080
csID: 7
==================================================================
==================================================================
2023/06/19_16:21:27:934
processName:Tracker
PID:  31080
PPID: 21616
csID: 8
==================================================================
==================================================================
2023/06/19_16:21:27:960
processName:CL
PID:  3592
PPID: 31080
csID: 9
==================================================================
==================================================================
2023/06/19_16:21:27:999
processName:mspdbsrv
PID:  18396
PPID: 3592
csID: 10
==================================================================
==================================================================
2023/06/19_16:21:28:460
processName:conhost
PID:  28540
PPID: 22636
csID: 11
==================================================================
==================================================================
2023/06/19_16:21:28:486
processName:Tracker
PID:  22636
PPID: 21616
csID: 12
==================================================================
==================================================================
2023/06/19_16:21:28:512
processName:link
PID:  30056
PPID: 22636
csID: 13
==================================================================
==================================================================
2023/06/19_16:21:28:559
processName:rc
PID:  34164
PPID: 30056
csID: 14
==================================================================
==================================================================
2023/06/19_16:21:28:592
processName:cvtres
PID:  26036
PPID: 30056
csID: 15
==================================================================
==================================================================
2023/06/19_16:21:28:762
processName:VCTIP
PID:  21808
PPID: 30056
csID: 16
==================================================================
==================================================================
2023/06/19_16:21:28:814
processName:chcp
PID:  32628
PPID: 27092
csID: 17
==================================================================
