==================================================================
2023/06/20_08:11:57:69
processName:conhost
PID:  14552
PPID: 25788
csID: 1
==================================================================
==================================================================
2023/06/20_08:11:57:93
processName:cmd
PID:  25788
PPID: 25380
csID: 2
==================================================================
==================================================================
2023/06/20_08:11:57:115
processName:chcp
PID:  31732
PPID: 25788
csID: 3
==================================================================
==================================================================
2023/06/20_08:11:57:191
processName:chcp
PID:  5416
PPID: 25788
csID: 4
==================================================================
