(14552)(    1)ME: C:\Windows\system32\conhost.exe
(14552)(    1) + HOME: C:\Users\nryun\AppData\Local\Suresofttech\STATIC Toolbox\apps\STATIC Client for C, C++ v1.2.0\
(14552)(    1) + WORKING: D:\VPES_GIT\vpes_git\miro_vs2015\.staticdata
(14552) + IGNORE: msbuild xxxxx // INTEREST: cl gcc cc g++ ar link ld xxx xc8 cpp cpstm8 castm8 clnk tricore-gcc tricore-g++ ctoa etoa ecomppc elxr
(14552)(    1) + Ignored EXENAME: conhost
(25788)(    2)ME: C:\Windows\system32\cmd.exe
(25788)(    2) + HOME: C:\Users\nryun\AppData\Local\Suresofttech\STATIC Toolbox\apps\STATIC Client for C, C++ v1.2.0\
(25788)(    2) + WORKING: D:\VPES_GIT\vpes_git\miro_vs2015\.staticdata
(25788) + IGNORE: msbuild xxxxx // INTEREST: cl gcc cc g++ ar link ld xxx xc8 cpp cpstm8 castm8 clnk tricore-gcc tricore-g++ ctoa etoa ecomppc elxr
(25788)(    2) + Ignored EXENAME: cmd
(31732)(    3)ME: C:\Windows\system32\chcp.com
(31732)(    3) + HOME: C:\Users\nryun\AppData\Local\Suresofttech\STATIC Toolbox\apps\STATIC Client for C, C++ v1.2.0\
(31732)(    3) + WORKING: D:\VPES_GIT\vpes_git\miro_vs2015\.staticdata
(31732) + IGNORE: msbuild xxxxx // INTEREST: cl gcc cc g++ ar link ld xxx xc8 cpp cpstm8 castm8 clnk tricore-gcc tricore-g++ ctoa etoa ecomppc elxr
(31732)(    3) + Ignored EXENAME: chcp
( 5416)(    4)ME: C:\Windows\system32\chcp.com
( 5416)(    4) + HOME: C:\Users\nryun\AppData\Local\Suresofttech\STATIC Toolbox\apps\STATIC Client for C, C++ v1.2.0\
( 5416)(    4) + WORKING: D:\VPES_GIT\vpes_git\miro_vs2015\.staticdata
( 5416) + IGNORE: msbuild xxxxx // INTEREST: cl gcc cc g++ ar link ld xxx xc8 cpp cpstm8 castm8 clnk tricore-gcc tricore-g++ ctoa etoa ecomppc elxr
( 5416)(    4) + Ignored EXENAME: chcp
