==================================================================
2022/05/11_13:10:11:389
processName:conhost
PID:  11396
PPID: 25120
csID: 1
==================================================================
==================================================================
2022/05/11_13:10:11:408
processName:cmd
PID:  25120
PPID: 10540
csID: 2
==================================================================
==================================================================
2022/05/11_13:10:11:431
processName:chcp
PID:  20828
PPID: 25120
csID: 3
==================================================================
==================================================================
2022/05/11_13:10:11:496
processName:MSBuild
PID:  16584
PPID: 25120
csID: 4
==================================================================
==================================================================
2022/05/11_13:10:11:978
processName:csc
PID:  5564
PPID: 16584
csID: 5
==================================================================
==================================================================
2022/05/11_13:10:12:67
processName:cvtres
PID:  11600
PPID: 5564
csID: 6
==================================================================
==================================================================
2022/05/11_13:10:12:294
processName:conhost
PID:  18092
PPID: 21228
csID: 7
==================================================================
==================================================================
2022/05/11_13:10:12:313
processName:Tracker
PID:  21228
PPID: 16584
csID: 8
==================================================================
==================================================================
2022/05/11_13:10:12:347
processName:CL
PID:  14372
PPID: 21228
csID: 9
==================================================================
==================================================================
2022/05/11_13:10:13:273
processName:conhost
PID:  18004
PPID: 22868
csID: 10
==================================================================
==================================================================
2022/05/11_13:10:13:292
processName:Tracker
PID:  22868
PPID: 16584
csID: 11
==================================================================
==================================================================
2022/05/11_13:10:13:313
processName:CL
PID:  19020
PPID: 22868
csID: 12
==================================================================
==================================================================
2022/05/11_13:10:15:520
processName:chcp
PID:  18520
PPID: 25120
csID: 13
==================================================================
