[INFO ] [main] Importing project.
[INFO ] [main] Importing ruleSet.
[INFO ] [main] Importing analysis exclusion.
[INFO ] [main] Creating new revision.
[INFO ] [main] Start Analysis.
[INFO ] [main] Updating revision.: PENDING
[INFO ] [main] Updating revision.: ANALYZING
[INFO ] [main] JavaClasspath initialization
[WARN ] [main] Bytecode of dependencies was not provided for analysis of source files, you might end up with less precise results. Bytecode can be provided using sonar.java.libraries property.
[INFO ] [main] JavaClasspath initialization (done) | time=14ms
[INFO ] [main] JavaTestClasspath initialization
[INFO ] [main] JavaTestClasspath initialization (done) | time=0ms
[INFO ] [main] Java Main Files AST scan
[INFO ] [main] 1 source files to be analyzed
[INFO ] [Report about progress of Java AST analyzer] 1/1 source files have been analyzed
[INFO ] [main] Java Main Files AST scan (done) | time=258ms
[INFO ] [main] Java Test Files AST scan
[INFO ] [main] 0 source files to be analyzed
[INFO ] [main] Java Test Files AST scan (done) | time=0ms
[INFO ] [Report about progress of Java AST analyzer] 0/0 source files have been analyzed
[INFO ] [main] Collecting File committer
[WARN ] [main] null
[INFO ] [main] Updating revision.: FINISHED
[INFO ] [main] Uploading project source file.
[INFO ] [main] Creating defect file for upload.
[INFO ] [main] Uploading defects.
[INFO ] [main] Creating metric file for upload.
[INFO ] [main] Uploading metrics.
[INFO ] [main] Uploading analysis log.
[INFO ] [main] Finish Analysis.
