c:\users\psh\desktop\퀵 스타트 자료\vs\static_c_cpp_example\static_c_cpp_example\x64\debug\vc140.pdb
c:\users\psh\desktop\퀵 스타트 자료\vs\static_c_cpp_example\static_c_cpp_example\x64\debug\vc140.idb
c:\users\psh\desktop\퀵 스타트 자료\vs\static_c_cpp_example\static_c_cpp_example\x64\debug\main.obj
c:\users\psh\appdata\local\microsoft\applicationinsights\vstelaif-312cbd79-9dbb-4c48-a7da-3cc2a931cb70\20191030060114_de119a0ba91342c8bfd86a2e8b61e5a8.trn
c:\users\psh\appdata\local\microsoft\clr_v4.0_32\usagelogs\vctip.exe.log
c:\users\psh\desktop\퀵 스타트 자료\vs\static_c_cpp_example\x64\debug\static_c_cpp_example.ilk
c:\users\psh\desktop\퀵 스타트 자료\vs\static_c_cpp_example\x64\debug\static_c_cpp_example.exe
c:\users\psh\desktop\퀵 스타트 자료\vs\static_c_cpp_example\x64\debug\static_c_cpp_example.pdb
c:\users\psh\desktop\퀵 스타트 자료\vs\static_c_cpp_example\static_c_cpp_example\x64\debug\vcpkg.applocal.log
d:\vpes_mini\nari\visual_studio_c_cpp\static_c_cpp_example\x64\debug\main.obj
d:\vpes_mini\nari\visual_studio_c_cpp\static_c_cpp_example\x64\debug\vc140.idb
d:\vpes_mini\nari\visual_studio_c_cpp\static_c_cpp_example\x64\debug\vc140.pdb
d:\vpes_mini\nari\visual_studio_c_cpp\x64\debug\static_c_cpp_example.pdb
d:\vpes_mini\nari\visual_studio_c_cpp\x64\debug\static_c_cpp_example.exe
d:\vpes_mini\nari\visual_studio_c_cpp\x64\debug\static_c_cpp_example.ilk
d:\vpes_mini\nari\visual_studio_c_cpp\static_c_cpp_example\x64\debug\static_c.642536c9.tlog\cl.command.1.tlog
d:\vpes_mini\nari\visual_studio_c_cpp\static_c_cpp_example\x64\debug\static_c.642536c9.tlog\cl.read.1.tlog
d:\vpes_mini\nari\visual_studio_c_cpp\static_c_cpp_example\x64\debug\static_c.642536c9.tlog\cl.write.1.tlog
d:\vpes_mini\nari\visual_studio_c_cpp\static_c_cpp_example\x64\debug\static_c.642536c9.tlog\link-vctip.delete.1.tlog
d:\vpes_mini\nari\visual_studio_c_cpp\static_c_cpp_example\x64\debug\static_c.642536c9.tlog\link-vctip.delete.37.tlog
d:\vpes_mini\nari\visual_studio_c_cpp\static_c_cpp_example\x64\debug\static_c.642536c9.tlog\link-vctip.delete.54.tlog
d:\vpes_mini\nari\visual_studio_c_cpp\static_c_cpp_example\x64\debug\static_c.642536c9.tlog\link-vctip.delete.66.tlog
d:\vpes_mini\nari\visual_studio_c_cpp\static_c_cpp_example\x64\debug\static_c.642536c9.tlog\link-vctip.delete.82.tlog
d:\vpes_mini\nari\visual_studio_c_cpp\static_c_cpp_example\x64\debug\static_c.642536c9.tlog\link-vctip.read.1.tlog
d:\vpes_mini\nari\visual_studio_c_cpp\static_c_cpp_example\x64\debug\static_c.642536c9.tlog\link-vctip.read.11.tlog
d:\vpes_mini\nari\visual_studio_c_cpp\static_c_cpp_example\x64\debug\static_c.642536c9.tlog\link-vctip.read.13.tlog
d:\vpes_mini\nari\visual_studio_c_cpp\static_c_cpp_example\x64\debug\static_c.642536c9.tlog\link-vctip.read.17.tlog
d:\vpes_mini\nari\visual_studio_c_cpp\static_c_cpp_example\x64\debug\static_c.642536c9.tlog\link-vctip.read.18.tlog
d:\vpes_mini\nari\visual_studio_c_cpp\static_c_cpp_example\x64\debug\static_c.642536c9.tlog\link-vctip.read.21.tlog
d:\vpes_mini\nari\visual_studio_c_cpp\static_c_cpp_example\x64\debug\static_c.642536c9.tlog\link-vctip.read.23.tlog
d:\vpes_mini\nari\visual_studio_c_cpp\static_c_cpp_example\x64\debug\static_c.642536c9.tlog\link-vctip.read.27.tlog
d:\vpes_mini\nari\visual_studio_c_cpp\static_c_cpp_example\x64\debug\static_c.642536c9.tlog\link-vctip.read.29.tlog
d:\vpes_mini\nari\visual_studio_c_cpp\static_c_cpp_example\x64\debug\static_c.642536c9.tlog\link-vctip.read.30.tlog
d:\vpes_mini\nari\visual_studio_c_cpp\static_c_cpp_example\x64\debug\static_c.642536c9.tlog\link-vctip.read.31.tlog
d:\vpes_mini\nari\visual_studio_c_cpp\static_c_cpp_example\x64\debug\static_c.642536c9.tlog\link-vctip.read.37.tlog
d:\vpes_mini\nari\visual_studio_c_cpp\static_c_cpp_example\x64\debug\static_c.642536c9.tlog\link-vctip.read.41.tlog
d:\vpes_mini\nari\visual_studio_c_cpp\static_c_cpp_example\x64\debug\static_c.642536c9.tlog\link-vctip.read.44.tlog
d:\vpes_mini\nari\visual_studio_c_cpp\static_c_cpp_example\x64\debug\static_c.642536c9.tlog\link-vctip.read.47.tlog
d:\vpes_mini\nari\visual_studio_c_cpp\static_c_cpp_example\x64\debug\static_c.642536c9.tlog\link-vctip.read.54.tlog
d:\vpes_mini\nari\visual_studio_c_cpp\static_c_cpp_example\x64\debug\static_c.642536c9.tlog\link-vctip.read.64.tlog
d:\vpes_mini\nari\visual_studio_c_cpp\static_c_cpp_example\x64\debug\static_c.642536c9.tlog\link-vctip.read.66.tlog
d:\vpes_mini\nari\visual_studio_c_cpp\static_c_cpp_example\x64\debug\static_c.642536c9.tlog\link-vctip.read.7.tlog
d:\vpes_mini\nari\visual_studio_c_cpp\static_c_cpp_example\x64\debug\static_c.642536c9.tlog\link-vctip.read.76.tlog
d:\vpes_mini\nari\visual_studio_c_cpp\static_c_cpp_example\x64\debug\static_c.642536c9.tlog\link-vctip.read.80.tlog
d:\vpes_mini\nari\visual_studio_c_cpp\static_c_cpp_example\x64\debug\static_c.642536c9.tlog\link-vctip.read.82.tlog
d:\vpes_mini\nari\visual_studio_c_cpp\static_c_cpp_example\x64\debug\static_c.642536c9.tlog\link-vctip.read.9.tlog
d:\vpes_mini\nari\visual_studio_c_cpp\static_c_cpp_example\x64\debug\static_c.642536c9.tlog\link-vctip.write.1.tlog
d:\vpes_mini\nari\visual_studio_c_cpp\static_c_cpp_example\x64\debug\static_c.642536c9.tlog\link-vctip.write.29.tlog
d:\vpes_mini\nari\visual_studio_c_cpp\static_c_cpp_example\x64\debug\static_c.642536c9.tlog\link-vctip.write.37.tlog
d:\vpes_mini\nari\visual_studio_c_cpp\static_c_cpp_example\x64\debug\static_c.642536c9.tlog\link-vctip.write.41.tlog
d:\vpes_mini\nari\visual_studio_c_cpp\static_c_cpp_example\x64\debug\static_c.642536c9.tlog\link-vctip.write.54.tlog
d:\vpes_mini\nari\visual_studio_c_cpp\static_c_cpp_example\x64\debug\static_c.642536c9.tlog\link-vctip.write.66.tlog
d:\vpes_mini\nari\visual_studio_c_cpp\static_c_cpp_example\x64\debug\static_c.642536c9.tlog\link-vctip.write.82.tlog
d:\vpes_mini\nari\visual_studio_c_cpp\static_c_cpp_example\x64\debug\static_c.642536c9.tlog\link.command.1.tlog
d:\vpes_mini\nari\visual_studio_c_cpp\static_c_cpp_example\x64\debug\static_c.642536c9.tlog\link.read.1.tlog
d:\vpes_mini\nari\visual_studio_c_cpp\static_c_cpp_example\x64\debug\static_c.642536c9.tlog\link.write.1.tlog
d:\vpes_mini\nari\visual_studio_c_cpp\static_c_cpp_example\x64\debug\static_c.642536c9.tlog\static_c_cpp_example.write.1u.tlog
