==================================================================
2023/06/19_16:26:29:405
processName:VCTIP
PID:  21808
PPID: 30056
csID: 1
==================================================================
==================================================================
2023/06/19_16:26:30:428
processName:mspdbsrv
PID:  18396
PPID: 3592
csID: 2
==================================================================
==================================================================
2023/06/19_16:27:21:758
processName:conhost
PID:  5976
PPID: 7900
csID: 3
==================================================================
==================================================================
2023/06/19_16:27:21:782
processName:cmd
PID:  7900
PPID: 21244
csID: 4
==================================================================
==================================================================
2023/06/19_16:27:21:809
processName:chcp
PID:  24520
PPID: 7900
csID: 5
==================================================================
==================================================================
2023/06/19_16:27:21:880
processName:MSBuild
PID:  31840
PPID: 7900
csID: 6
==================================================================
==================================================================
2023/06/19_16:27:22:400
processName:csc
PID:  32748
PPID: 31840
csID: 7
==================================================================
==================================================================
2023/06/19_16:27:22:455
processName:cvtres
PID:  27984
PPID: 32748
csID: 8
==================================================================
==================================================================
2023/06/19_16:27:22:539
processName:conhost
PID:  4336
PPID: 16376
csID: 9
==================================================================
==================================================================
2023/06/19_16:27:22:567
processName:Tracker
PID:  16376
PPID: 31840
csID: 10
==================================================================
==================================================================
2023/06/19_16:27:22:596
processName:CL
PID:  23368
PPID: 16376
csID: 11
==================================================================
==================================================================
2023/06/19_16:27:22:830
processName:conhost
PID:  24932
PPID: 26072
csID: 12
==================================================================
==================================================================
2023/06/19_16:27:22:856
processName:Tracker
PID:  26072
PPID: 31840
csID: 13
==================================================================
==================================================================
2023/06/19_16:27:22:884
processName:link
PID:  33320
PPID: 26072
csID: 14
==================================================================
==================================================================
2023/06/19_16:27:22:931
processName:rc
PID:  28384
PPID: 33320
csID: 15
==================================================================
==================================================================
2023/06/19_16:27:22:964
processName:cvtres
PID:  14548
PPID: 33320
csID: 16
==================================================================
==================================================================
2023/06/19_16:27:23:144
processName:chcp
PID:  30396
PPID: 7900
csID: 17
==================================================================
