c:\static_example\static_c_cpp_example\static_c_cpp_example\debug\vc140.pdb
c:\static_example\static_c_cpp_example\static_c_cpp_example\debug\vc140.idb
c:\static_example\static_c_cpp_example\static_c_cpp_example\debug\main.obj
c:\static_example\static_c_cpp_example\debug\static_c_cpp_example.ilk
c:\static_example\static_c_cpp_example\debug\static_c_cpp_example.exe
c:\static_example\static_c_cpp_example\debug\static_c_cpp_example.pdb
c:\static_example\static_c_cpp_example\static_c_cpp_example\debug\vcpkg.applocal.log
c:\static_example\static_c_cpp_example\static_c_cpp_example\debug\static_c_cpp_example.ilk
c:\static_example\static_c_cpp_example\static_c_cpp_example\debug\static_c_cpp_example.pdb
c:\static_example\static_c_cpp_example\static_c_cpp_example\debug\static_c.642536c9.tlog\cl.command.1.tlog
c:\static_example\static_c_cpp_example\static_c_cpp_example\debug\static_c.642536c9.tlog\cl.read.1.tlog
c:\static_example\static_c_cpp_example\static_c_cpp_example\debug\static_c.642536c9.tlog\cl.write.1.tlog
c:\static_example\static_c_cpp_example\static_c_cpp_example\debug\static_c.642536c9.tlog\link-vctip.delete.1.tlog
c:\static_example\static_c_cpp_example\static_c_cpp_example\debug\static_c.642536c9.tlog\link-vctip.delete.103.tlog
c:\static_example\static_c_cpp_example\static_c_cpp_example\debug\static_c.642536c9.tlog\link-vctip.delete.112.tlog
c:\static_example\static_c_cpp_example\static_c_cpp_example\debug\static_c.642536c9.tlog\link-vctip.delete.36.tlog
c:\static_example\static_c_cpp_example\static_c_cpp_example\debug\static_c.642536c9.tlog\link-vctip.delete.51.tlog
c:\static_example\static_c_cpp_example\static_c_cpp_example\debug\static_c.642536c9.tlog\link-vctip.delete.61.tlog
c:\static_example\static_c_cpp_example\static_c_cpp_example\debug\static_c.642536c9.tlog\link-vctip.delete.77.tlog
c:\static_example\static_c_cpp_example\static_c_cpp_example\debug\static_c.642536c9.tlog\link-vctip.delete.89.tlog
c:\static_example\static_c_cpp_example\static_c_cpp_example\debug\static_c.642536c9.tlog\link.command.1.tlog
c:\static_example\static_c_cpp_example\static_c_cpp_example\debug\static_c.642536c9.tlog\link.read.1.tlog
c:\static_example\static_c_cpp_example\static_c_cpp_example\debug\static_c.642536c9.tlog\link.write.1.tlog
c:\static_example\static_c_cpp_example\static_c_cpp_example\debug\static_c.642536c9.tlog\static_c_cpp_example.write.1u.tlog
