( 3604)(    2)ME: C:\WINDOWS\system32\conhost.exe
( 3604)(    2) + HOME: C:\Users\ysgo\AppData\Local\Suresofttech\STATIC Toolbox\apps\STATIC Client for C, C++ v1.1.4\
( 3604)(    2) + WORKING: C:\Users\ysgo\Desktop\Selenium\STATIC_Automation\src\ccpp\Compatibility\English\2015_C_x86_address\.staticdata
( 3604) + IGNORE: msbuild xxxxx // INTEREST: cl gcc cc g++ ar link ld xxx xc8 cpp cpstm8 castm8 clnk tricore-gcc tricore-g++ ctoa etoa ecomppc elxr
( 3604)(    2) + Ignored EXENAME: conhost
(51052)(    3)ME: C:\Program Files (x86)\MSBuild\14.0\bin\msbuild.exe
(51052)(    3) + HOME: C:\Users\ysgo\AppData\Local\Suresofttech\STATIC Toolbox\apps\STATIC Client for C, C++ v1.1.4\
(51052)(    3) + WORKING: C:\Users\ysgo\Desktop\Selenium\STATIC_Automation\src\ccpp\Compatibility\English\2015_C_x86_address\.staticdata
(51052) + IGNORE: msbuild xxxxx // INTEREST: cl gcc cc g++ ar link ld xxx xc8 cpp cpstm8 castm8 clnk tricore-gcc tricore-g++ ctoa etoa ecomppc elxr
(51052)(    3)ME: C:\Program Files (x86)\MSBuild\14.0\bin\msbuild.exe
(51052)(    3) + HOME: C:\Users\ysgo\AppData\Local\Suresofttech\STATIC Toolbox\apps\STATIC Client for C, C++ v1.1.4\
(51052)(    3) + WORKING: C:\Users\ysgo\Desktop\Selenium\STATIC_Automation\src\ccpp\Compatibility\English\2015_C_x86_address\.staticdata
(51052) + IGNORE: msbuild xxxxx // INTEREST: cl gcc cc g++ ar link ld xxx xc8 cpp cpstm8 castm8 clnk tricore-gcc tricore-g++ ctoa etoa ecomppc elxr
(18736)(    4)ME: C:\Windows\Microsoft.NET\Framework\v4.0.30319\csc.exe
(18736)(    4) + HOME: C:\Users\ysgo\AppData\Local\Suresofttech\STATIC Toolbox\apps\STATIC Client for C, C++ v1.1.4\
(18736)(    4) + WORKING: C:\Users\ysgo\Desktop\Selenium\STATIC_Automation\src\ccpp\Compatibility\English\2015_C_x86_address\.staticdata
(18736) + IGNORE: msbuild xxxxx // INTEREST: cl gcc cc g++ ar link ld xxx xc8 cpp cpstm8 castm8 clnk tricore-gcc tricore-g++ ctoa etoa ecomppc elxr
(18736)(    4) + Ignored EXENAME: csc
( 9300)(    5)ME: C:\Windows\Microsoft.NET\Framework\v4.0.30319\cvtres.exe
( 9300)(    5) + HOME: C:\Users\ysgo\AppData\Local\Suresofttech\STATIC Toolbox\apps\STATIC Client for C, C++ v1.1.4\
( 9300)(    5) + WORKING: C:\Users\ysgo\Desktop\Selenium\STATIC_Automation\src\ccpp\Compatibility\English\2015_C_x86_address\.staticdata
( 9300) + IGNORE: msbuild xxxxx // INTEREST: cl gcc cc g++ ar link ld xxx xc8 cpp cpstm8 castm8 clnk tricore-gcc tricore-g++ ctoa etoa ecomppc elxr
( 9300)(    5) + Ignored EXENAME: cvtres
(50940)(    6)ME: C:\WINDOWS\system32\conhost.exe
(50940)(    6) + HOME: C:\Users\ysgo\AppData\Local\Suresofttech\STATIC Toolbox\apps\STATIC Client for C, C++ v1.1.4\
(50940)(    6) + WORKING: C:\Users\ysgo\Desktop\Selenium\STATIC_Automation\src\ccpp\Compatibility\English\2015_C_x86_address\.staticdata
(50940) + IGNORE: msbuild xxxxx // INTEREST: cl gcc cc g++ ar link ld xxx xc8 cpp cpstm8 castm8 clnk tricore-gcc tricore-g++ ctoa etoa ecomppc elxr
(50940)(    6) + Ignored EXENAME: conhost
(10616)(    7)ME: C:\Program Files (x86)\MSBuild\14.0\bin\Tracker.exe
(10616)(    7) + HOME: C:\Users\ysgo\AppData\Local\Suresofttech\STATIC Toolbox\apps\STATIC Client for C, C++ v1.1.4\
(10616)(    7) + WORKING: C:\Users\ysgo\Desktop\Selenium\STATIC_Automation\src\ccpp\Compatibility\English\2015_C_x86_address\.staticdata
(10616) + IGNORE: msbuild xxxxx // INTEREST: cl gcc cc g++ ar link ld xxx xc8 cpp cpstm8 castm8 clnk tricore-gcc tricore-g++ ctoa etoa ecomppc elxr
(10616)(    7) + Ignored EXENAME: tracker
(34756)(    8)ME: C:\Program Files (x86)\Microsoft Visual Studio 14.0\VC\bin\CL.exe
(34756)(    8) + HOME: C:\Users\ysgo\AppData\Local\Suresofttech\STATIC Toolbox\apps\STATIC Client for C, C++ v1.1.4\
(34756)(    8) + WORKING: C:\Users\ysgo\Desktop\Selenium\STATIC_Automation\src\ccpp\Compatibility\English\2015_C_x86_address\.staticdata
(34756) + IGNORE: msbuild xxxxx // INTEREST: cl gcc cc g++ ar link ld xxx xc8 cpp cpstm8 castm8 clnk tricore-gcc tricore-g++ ctoa etoa ecomppc elxr
(34756)(    8)ME: C:\Program Files (x86)\Microsoft Visual Studio 14.0\VC\bin\CL.exe
(34756)(    8) + HOME: C:\Users\ysgo\AppData\Local\Suresofttech\STATIC Toolbox\apps\STATIC Client for C, C++ v1.1.4\
(34756)(    8) + WORKING: C:\Users\ysgo\Desktop\Selenium\STATIC_Automation\src\ccpp\Compatibility\English\2015_C_x86_address\.staticdata
(34756) + IGNORE: msbuild xxxxx // INTEREST: cl gcc cc g++ ar link ld xxx xc8 cpp cpstm8 castm8 clnk tricore-gcc tricore-g++ ctoa etoa ecomppc elxr
(45736)(    9)ME: C:\WINDOWS\system32\conhost.exe
(45736)(    9) + HOME: C:\Users\ysgo\AppData\Local\Suresofttech\STATIC Toolbox\apps\STATIC Client for C, C++ v1.1.4\
(45736)(    9) + WORKING: C:\Users\ysgo\Desktop\Selenium\STATIC_Automation\src\ccpp\Compatibility\English\2015_C_x86_address\.staticdata
(45736) + IGNORE: msbuild xxxxx // INTEREST: cl gcc cc g++ ar link ld xxx xc8 cpp cpstm8 castm8 clnk tricore-gcc tricore-g++ ctoa etoa ecomppc elxr
(45736)(    9) + Ignored EXENAME: conhost
(48400)(   10)ME: C:\Program Files (x86)\MSBuild\14.0\bin\Tracker.exe
(48400)(   10) + HOME: C:\Users\ysgo\AppData\Local\Suresofttech\STATIC Toolbox\apps\STATIC Client for C, C++ v1.1.4\
(48400)(   10) + WORKING: C:\Users\ysgo\Desktop\Selenium\STATIC_Automation\src\ccpp\Compatibility\English\2015_C_x86_address\.staticdata
(48400) + IGNORE: msbuild xxxxx // INTEREST: cl gcc cc g++ ar link ld xxx xc8 cpp cpstm8 castm8 clnk tricore-gcc tricore-g++ ctoa etoa ecomppc elxr
(48400)(   10) + Ignored EXENAME: tracker
(45500)(   12)ME: C:\Program Files (x86)\Windows Kits\8.1\bin\x86\rc.exe
(45500)(   12) + HOME: C:\Users\ysgo\AppData\Local\Suresofttech\STATIC Toolbox\apps\STATIC Client for C, C++ v1.1.4\
(45500)(   12) + WORKING: C:\Users\ysgo\Desktop\Selenium\STATIC_Automation\src\ccpp\Compatibility\English\2015_C_x86_address\.staticdata
(45500) + IGNORE: msbuild xxxxx // INTEREST: cl gcc cc g++ ar link ld xxx xc8 cpp cpstm8 castm8 clnk tricore-gcc tricore-g++ ctoa etoa ecomppc elxr
(45500)(   12) + Ignored EXENAME: rc
(33612)(   13)ME: C:\Program Files (x86)\Microsoft Visual Studio 14.0\VC\bin\cvtres.exe
(33612)(   13) + HOME: C:\Users\ysgo\AppData\Local\Suresofttech\STATIC Toolbox\apps\STATIC Client for C, C++ v1.1.4\
(33612)(   13) + WORKING: C:\Users\ysgo\Desktop\Selenium\STATIC_Automation\src\ccpp\Compatibility\English\2015_C_x86_address\.staticdata
(33612) + IGNORE: msbuild xxxxx // INTEREST: cl gcc cc g++ ar link ld xxx xc8 cpp cpstm8 castm8 clnk tricore-gcc tricore-g++ ctoa etoa ecomppc elxr
(33612)(   13) + Ignored EXENAME: cvtres
(18688)(   14)ME: C:\Program Files (x86)\Microsoft Visual Studio 14.0\VC\bin\mspdbsrv.exe
(18688)(   14) + HOME: C:\Users\ysgo\AppData\Local\Suresofttech\STATIC Toolbox\apps\STATIC Client for C, C++ v1.1.4\
(18688)(   14) + WORKING: C:\Users\ysgo\Desktop\Selenium\STATIC_Automation\src\ccpp\Compatibility\English\2015_C_x86_address\.staticdata
(18688) + IGNORE: msbuild xxxxx // INTEREST: cl gcc cc g++ ar link ld xxx xc8 cpp cpstm8 castm8 clnk tricore-gcc tricore-g++ ctoa etoa ecomppc elxr
(18688)(   14) + Ignored EXENAME: mspdbsrv
(18616)(   15)ME: C:\Program Files (x86)\Microsoft Visual Studio 14.0\VC\bin\VCTIP.EXE
(18616)(   15) + HOME: C:\Users\ysgo\AppData\Local\Suresofttech\STATIC Toolbox\apps\STATIC Client for C, C++ v1.1.4\
(18616)(   15) + WORKING: C:\Users\ysgo\Desktop\Selenium\STATIC_Automation\src\ccpp\Compatibility\English\2015_C_x86_address\.staticdata
(18616) + IGNORE: msbuild xxxxx // INTEREST: cl gcc cc g++ ar link ld xxx xc8 cpp cpstm8 castm8 clnk tricore-gcc tricore-g++ ctoa etoa ecomppc elxr
(18616)(   15) + Ignored EXENAME: vctip
( 9408)(   11)ME: C:\Program Files (x86)\Microsoft Visual Studio 14.0\VC\bin\link.exe
( 9408)(   11) + HOME: C:\Users\ysgo\AppData\Local\Suresofttech\STATIC Toolbox\apps\STATIC Client for C, C++ v1.1.4\
( 9408)(   11) + WORKING: C:\Users\ysgo\Desktop\Selenium\STATIC_Automation\src\ccpp\Compatibility\English\2015_C_x86_address\.staticdata
( 9408) + IGNORE: msbuild xxxxx // INTEREST: cl gcc cc g++ ar link ld xxx xc8 cpp cpstm8 castm8 clnk tricore-gcc tricore-g++ ctoa etoa ecomppc elxr
( 9408)(   11)ME: C:\Program Files (x86)\Microsoft Visual Studio 14.0\VC\bin\link.exe
( 9408)(   11) + HOME: C:\Users\ysgo\AppData\Local\Suresofttech\STATIC Toolbox\apps\STATIC Client for C, C++ v1.1.4\
( 9408)(   11) + WORKING: C:\Users\ysgo\Desktop\Selenium\STATIC_Automation\src\ccpp\Compatibility\English\2015_C_x86_address\.staticdata
( 9408) + IGNORE: msbuild xxxxx // INTEREST: cl gcc cc g++ ar link ld xxx xc8 cpp cpstm8 castm8 clnk tricore-gcc tricore-g++ ctoa etoa ecomppc elxr
(18616)(   15)ME: C:\Program Files (x86)\Microsoft Visual Studio 14.0\VC\bin\VCTIP.EXE
(18616)(   15) + HOME: C:\Users\ysgo\AppData\Local\Suresofttech\STATIC Toolbox\apps\STATIC Client for C, C++ v1.1.4\
(18616)(   15) + WORKING: C:\Users\ysgo\Desktop\Selenium\STATIC_Automation\src\ccpp\Compatibility\English\2015_C_x86_address\.staticdata
(18616) + IGNORE: msbuild xxxxx // INTEREST: cl gcc cc g++ ar link ld xxx xc8 cpp cpstm8 castm8 clnk tricore-gcc tricore-g++ ctoa etoa ecomppc elxr
(18688)(   14)ME: C:\Program Files (x86)\Microsoft Visual Studio 14.0\VC\bin\mspdbsrv.exe
(18688)(   14) + HOME: C:\Users\ysgo\AppData\Local\Suresofttech\STATIC Toolbox\apps\STATIC Client for C, C++ v1.1.4\
(18688)(   14) + WORKING: C:\Users\ysgo\Desktop\Selenium\STATIC_Automation\src\ccpp\Compatibility\English\2015_C_x86_address\.staticdata
(18688) + IGNORE: msbuild xxxxx // INTEREST: cl gcc cc g++ ar link ld xxx xc8 cpp cpstm8 castm8 clnk tricore-gcc tricore-g++ ctoa etoa ecomppc elxr
