==================================================================
2020/12/03_21:02:43:121
processName:conhost
PID:  3604
PPID: 51052
csID: 2
==================================================================
==================================================================
2020/12/03_21:02:43:167
processName:msbuild
PID:  51052
PPID: 38448
csID: 3
==================================================================
==================================================================
2020/12/03_21:02:43:744
processName:csc
PID:  18736
PPID: 51052
csID: 4
==================================================================
==================================================================
2020/12/03_21:02:43:886
processName:cvtres
PID:  9300
PPID: 18736
csID: 5
==================================================================
==================================================================
2020/12/03_21:02:44:23
processName:conhost
PID:  50940
PPID: 10616
csID: 6
==================================================================
==================================================================
2020/12/03_21:02:44:74
processName:Tracker
PID:  10616
PPID: 51052
csID: 7
==================================================================
==================================================================
2020/12/03_21:02:44:157
processName:CL
PID:  34756
PPID: 10616
csID: 8
==================================================================
==================================================================
2020/12/03_21:02:44:523
processName:conhost
PID:  45736
PPID: 48400
csID: 9
==================================================================
==================================================================
2020/12/03_21:02:44:569
processName:Tracker
PID:  48400
PPID: 51052
csID: 10
==================================================================
==================================================================
2020/12/03_21:02:44:632
processName:link
PID:  9408
PPID: 48400
csID: 11
==================================================================
==================================================================
2020/12/03_21:02:44:818
processName:rc
PID:  45500
PPID: 9408
csID: 12
==================================================================
==================================================================
2020/12/03_21:02:44:900
processName:cvtres
PID:  33612
PPID: 9408
csID: 13
==================================================================
==================================================================
2020/12/03_21:02:44:982
processName:mspdbsrv
PID:  18688
PPID: 9408
csID: 14
==================================================================
==================================================================
2020/12/03_21:02:45:397
processName:VCTIP
PID:  18616
PPID: 9408
csID: 15
==================================================================
