==================================================================
2022/03/29_11:59:08:399
processName:conhost
PID:  16792
PPID: 8560
csID: 1
==================================================================
==================================================================
2022/03/29_11:59:08:417
processName:cmd
PID:  8560
PPID: 9224
csID: 2
==================================================================
==================================================================
2022/03/29_11:59:08:438
processName:chcp
PID:  8292
PPID: 8560
csID: 3
==================================================================
==================================================================
2022/03/29_11:59:08:498
processName:MSBuild
PID:  6892
PPID: 8560
csID: 4
==================================================================
==================================================================
2022/03/29_11:59:08:727
processName:conhost
PID:  17576
PPID: 15432
csID: 5
==================================================================
==================================================================
2022/03/29_11:59:08:743
processName:Tracker
PID:  15432
PPID: 6892
csID: 6
==================================================================
==================================================================
2022/03/29_11:59:08:763
processName:CL
PID:  12068
PPID: 15432
csID: 7
==================================================================
==================================================================
2022/03/29_11:59:08:794
processName:mspdbsrv
PID:  7668
PPID: 12068
csID: 8
==================================================================
==================================================================
2022/03/29_11:59:09:164
processName:conhost
PID:  14644
PPID: 17532
csID: 9
==================================================================
==================================================================
2022/03/29_11:59:09:180
processName:Tracker
PID:  17532
PPID: 6892
csID: 10
==================================================================
==================================================================
2022/03/29_11:59:09:198
processName:rc
PID:  17772
PPID: 17532
csID: 11
==================================================================
==================================================================
2022/03/29_11:59:09:238
processName:conhost
PID:  16788
PPID: 10068
csID: 12
==================================================================
==================================================================
2022/03/29_11:59:09:255
processName:Tracker
PID:  10068
PPID: 6892
csID: 13
==================================================================
==================================================================
2022/03/29_11:59:09:272
processName:link
PID:  3788
PPID: 10068
csID: 14
==================================================================
==================================================================
2022/03/29_11:59:09:303
processName:cvtres
PID:  18096
PPID: 3788
csID: 15
==================================================================
==================================================================
2022/03/29_11:59:09:452
processName:conhost
PID:  4872
PPID: 8320
csID: 16
==================================================================
==================================================================
2022/03/29_11:59:09:467
processName:Tracker
PID:  8320
PPID: 6892
csID: 17
==================================================================
==================================================================
2022/03/29_11:59:09:487
processName:mt
PID:  13636
PPID: 8320
csID: 18
==================================================================
==================================================================
2022/03/29_11:59:09:518
processName:conhost
PID:  18304
PPID: 17388
csID: 19
==================================================================
==================================================================
2022/03/29_11:59:09:533
processName:Tracker
PID:  17388
PPID: 6892
csID: 20
==================================================================
==================================================================
2022/03/29_11:59:09:549
processName:rc
PID:  14176
PPID: 17388
csID: 21
==================================================================
==================================================================
2022/03/29_11:59:09:583
processName:conhost
PID:  10344
PPID: 9560
csID: 22
==================================================================
==================================================================
2022/03/29_11:59:09:600
processName:Tracker
PID:  9560
PPID: 6892
csID: 23
==================================================================
==================================================================
2022/03/29_11:59:09:616
processName:link
PID:  13864
PPID: 9560
csID: 24
==================================================================
==================================================================
2022/03/29_11:59:09:643
processName:cvtres
PID:  6488
PPID: 13864
csID: 25
==================================================================
==================================================================
2022/03/29_11:59:09:670
processName:link
PID:  16900
PPID: 13864
csID: 26
==================================================================
==================================================================
2022/03/29_11:59:09:698
processName:cvtres
PID:  4216
PPID: 16900
csID: 27
==================================================================
==================================================================
2022/03/29_11:59:09:851
processName:chcp
PID:  16988
PPID: 8560
csID: 28
==================================================================
