==================================================================
2022/03/10_16:08:54:685
processName:conhost
PID:  2028
PPID: 10936
csID: 1
==================================================================
==================================================================
2022/03/10_16:08:54:701
processName:cmd
PID:  10936
PPID: 15316
csID: 2
==================================================================
==================================================================
2022/03/10_16:08:54:722
processName:chcp
PID:  708
PPID: 10936
csID: 3
==================================================================
==================================================================
2022/03/10_16:08:54:783
processName:MSBuild
PID:  2384
PPID: 10936
csID: 4
==================================================================
==================================================================
2022/03/10_16:08:55:211
processName:csc
PID:  1724
PPID: 2384
csID: 5
==================================================================
==================================================================
2022/03/10_16:08:55:259
processName:cvtres
PID:  15280
PPID: 1724
csID: 6
==================================================================
==================================================================
2022/03/10_16:08:55:335
processName:conhost
PID:  14624
PPID: 9900
csID: 7
==================================================================
==================================================================
2022/03/10_16:08:55:352
processName:Tracker
PID:  9900
PPID: 2384
csID: 8
==================================================================
==================================================================
2022/03/10_16:08:55:372
processName:CL
PID:  15308
PPID: 9900
csID: 9
==================================================================
==================================================================
2022/03/10_16:08:55:411
processName:mspdbsrv
PID:  8944
PPID: 15308
csID: 10
==================================================================
==================================================================
2022/03/10_16:08:56:173
processName:conhost
PID:  1508
PPID: 6168
csID: 11
==================================================================
==================================================================
2022/03/10_16:08:56:193
processName:Tracker
PID:  6168
PPID: 2384
csID: 12
==================================================================
==================================================================
2022/03/10_16:08:56:213
processName:link
PID:  3980
PPID: 6168
csID: 13
==================================================================
==================================================================
2022/03/10_16:08:56:272
processName:rc
PID:  1216
PPID: 3980
csID: 14
==================================================================
==================================================================
2022/03/10_16:08:56:296
processName:cvtres
PID:  11552
PPID: 3980
csID: 15
==================================================================
==================================================================
2022/03/10_16:08:56:493
processName:chcp
PID:  8296
PPID: 10936
csID: 16
==================================================================
