==================================================================
2023/06/07_12:11:43:980
processName:cmd
PID:  17328
PPID: 28476
csID: 1
==================================================================
==================================================================
2023/06/07_12:11:44:9
processName:chcp
PID:  6944
PPID: 17328
csID: 2
==================================================================
==================================================================
2023/06/07_12:11:44:78
processName:MSBuild
PID:  1884
PPID: 17328
csID: 3
==================================================================
==================================================================
2023/06/07_12:11:44:327
processName:csc
PID:  12804
PPID: 1884
csID: 4
==================================================================
==================================================================
2023/06/07_12:11:44:381
processName:cvtres
PID:  28508
PPID: 12804
csID: 5
==================================================================
==================================================================
2023/06/07_12:11:44:457
processName:conhost
PID:  14592
PPID: 21612
csID: 6
==================================================================
==================================================================
2023/06/07_12:11:44:481
processName:Tracker
PID:  21612
PPID: 1884
csID: 7
==================================================================
==================================================================
2023/06/07_12:11:44:509
processName:CL
PID:  21400
PPID: 21612
csID: 8
==================================================================
==================================================================
2023/06/07_12:11:44:547
processName:mspdbsrv
PID:  17316
PPID: 21400
csID: 9
==================================================================
==================================================================
2023/06/07_12:11:45:685
processName:conhost
PID:  8484
PPID: 10912
csID: 10
==================================================================
==================================================================
2023/06/07_12:11:45:710
processName:Tracker
PID:  10912
PPID: 1884
csID: 11
==================================================================
==================================================================
2023/06/07_12:11:45:735
processName:rc
PID:  4064
PPID: 10912
csID: 12
==================================================================
==================================================================
2023/06/07_12:11:45:802
processName:conhost
PID:  26216
PPID: 7212
csID: 13
==================================================================
==================================================================
2023/06/07_12:11:45:823
processName:Tracker
PID:  7212
PPID: 1884
csID: 14
==================================================================
==================================================================
2023/06/07_12:11:45:845
processName:link
PID:  2104
PPID: 7212
csID: 15
==================================================================
==================================================================
2023/06/07_12:11:45:891
processName:rc
PID:  17880
PPID: 2104
csID: 16
==================================================================
==================================================================
2023/06/07_12:11:45:924
processName:cvtres
PID:  27844
PPID: 2104
csID: 17
==================================================================
==================================================================
2023/06/07_12:11:46:87
processName:VCTIP
PID:  27560
PPID: 2104
csID: 18
==================================================================
==================================================================
2023/06/07_12:11:46:139
processName:chcp
PID:  29144
PPID: 17328
csID: 19
==================================================================
