==================================================================
2022/11/08_15:09:13:579
processName:VCTIP
PID:  26564
PPID: 4560
csID: 1
==================================================================
==================================================================
2022/11/08_15:09:14:608
processName:mspdbsrv
PID:  25000
PPID: 15584
csID: 2
==================================================================
==================================================================
2022/11/08_15:10:05:18
processName:conhost
PID:  24572
PPID: 25584
csID: 3
==================================================================
==================================================================
2022/11/08_15:10:05:40
processName:cmd
PID:  25584
PPID: 27008
csID: 4
==================================================================
==================================================================
2022/11/08_15:10:05:66
processName:chcp
PID:  20040
PPID: 25584
csID: 5
==================================================================
==================================================================
2022/11/08_15:10:05:135
processName:MSBuild
PID:  6604
PPID: 25584
csID: 6
==================================================================
==================================================================
2022/11/08_15:10:05:466
processName:csc
PID:  24956
PPID: 6604
csID: 7
==================================================================
==================================================================
2022/11/08_15:10:05:516
processName:cvtres
PID:  27332
PPID: 24956
csID: 8
==================================================================
==================================================================
2022/11/08_15:10:05:672
processName:conhost
PID:  7020
PPID: 11476
csID: 9
==================================================================
==================================================================
2022/11/08_15:10:05:691
processName:Tracker
PID:  11476
PPID: 6604
csID: 10
==================================================================
==================================================================
2022/11/08_15:10:05:718
processName:CL
PID:  27300
PPID: 11476
csID: 11
==================================================================
==================================================================
2022/11/08_15:10:05:936
processName:conhost
PID:  26408
PPID: 26596
csID: 12
==================================================================
==================================================================
2022/11/08_15:10:05:955
processName:Tracker
PID:  26596
PPID: 6604
csID: 13
==================================================================
==================================================================
2022/11/08_15:10:05:979
processName:link
PID:  25404
PPID: 26596
csID: 14
==================================================================
==================================================================
2022/11/08_15:10:06:23
processName:rc
PID:  27200
PPID: 25404
csID: 15
==================================================================
==================================================================
2022/11/08_15:10:06:53
processName:cvtres
PID:  22036
PPID: 25404
csID: 16
==================================================================
==================================================================
2022/11/08_15:10:06:231
processName:chcp
PID:  23876
PPID: 25584
csID: 17
==================================================================
