빌드 시작: 2020-12-17 오후 1:39:58
     1>2 노드의 "C:\Temp\poppad\PopPad3.vcxproj" 프로젝트(Build 대상)입니다.
     1>ClCompile:
         C:\Program Files (x86)\Microsoft Visual Studio 12.0\VC\bin\CL.exe /c /ZI /nologo /W3 /WX /Od /Oy- /D WIN32 /D _DEBUG /D _WINDOWS /D UNICODE /D _VC80_UPGRADE=0x0600 /D _UNICODE /D UNICODE /Gm /EHsc /MTd /GS /fp:precise /Zc:wchar_t /Zc:forScope /Fo".\Debug/" /Fd".\Debug/vc120.pdb" /Gd /TC /analyze- /errorReport:prompt /cov PopFile.c PopFind.c PopFont.c PopPad.c PopPrnt0.c
     1>cl : 명령줄 warning D9002: 알 수 없는 '/cov' 옵션을 무시합니다.
         PopPrnt0.c
         PopPad.c
         PopFont.c
         PopFind.c
         PopFile.c
         코드를 생성하고 있습니다...
       ResourceCompile:
         C:\Program Files (x86)\Windows Kits\8.1\bin\x86\rc.exe /D _DEBUG /D _VC80_UPGRADE=0x0600 /D _UNICODE /D UNICODE /l"0x0409" /nologo /fo".\Debug\poppad.res" poppad.rc 
       Link:
         C:\Program Files (x86)\Microsoft Visual Studio 12.0\VC\bin\link.exe /ERRORREPORT:PROMPT /OUT:".\Debug/PopPad3.exe" /INCREMENTAL:NO /NOLOGO kernel32.lib user32.lib gdi32.lib winspool.lib comdlg32.lib advapi32.lib shell32.lib ole32.lib oleaut32.lib uuid.lib odbc32.lib odbccp32.lib /MANIFEST:NO /DEBUG /PDB:".\Debug/PopPad3.pdb" /SUBSYSTEM:WINDOWS /TLBID:1 /DYNAMICBASE:NO /IMPLIB:".\Debug\PopPad3.lib" /MACHINE:X86 /SAFESEH /cov .\Debug\poppad.res
         .\Debug/PopFile.obj
         .\Debug/PopFind.obj
         .\Debug/PopFont.obj
         .\Debug/PopPad.obj
         .\Debug/PopPrnt0.obj
     1>LINK : warning LNK4044: '/cov' 옵션을 인식할 수 없습니다. 무시됩니다.
     1>PopFile.obj : warning LNK4075: '/EDITANDCONTINUE'이(가) '/OPT:LBR' 사양으로 인해 무시됩니다.
         PopPad3.vcxproj -> C:\Temp\poppad\.\Debug\PopPad3.exe
     1>"C:\Temp\poppad\PopPad3.vcxproj" 프로젝트를 빌드했습니다(Build 대상).

빌드했습니다.

경과 시간: 00:00:02.44
