c:\temp\poppad\.staticdata\wtrace.csid.log
c:\temp\poppad\.staticdata\wtrace.log
c:\temp\poppad\.staticdata\wtrace.cl.8
c:\temp\poppad\debug\vc120.pdb
c:\temp\poppad\debug\vc120.idb
c:\temp\poppad\debug\popfile.obj
c:\temp\poppad\debug\popfind.obj
c:\temp\poppad\debug\popfont.obj
c:\temp\poppad\debug\poppad.obj
c:\temp\poppad\debug\popprnt0.obj
c:\temp\poppad\.staticdata\wtrace.link.15
c:\temp\poppad\debug\poppad3.exe
c:\temp\poppad\debug\poppad3.pdb
c:\temp\poppad\debug\poppad.res
c:\temp\poppad\.\debug\poppad3.exe
c:\temp\poppad\debug\poppad3.tlog\cl.command.1.tlog
c:\temp\poppad\debug\poppad3.tlog\cl.read.1.tlog
c:\temp\poppad\debug\poppad3.tlog\cl.write.1.tlog
c:\temp\poppad\debug\poppad3.tlog\link.command.1.tlog
c:\temp\poppad\debug\poppad3.tlog\link.read.1.tlog
c:\temp\poppad\debug\poppad3.tlog\link.write.1.tlog
c:\temp\poppad\debug\poppad3.tlog\rc.command.1.tlog
c:\temp\poppad\debug\poppad3.tlog\rc.read.1.tlog
c:\temp\poppad\debug\poppad3.tlog\rc.write.1.tlog
