c:\users\ysgo\desktop\vpes\repository\dir\cube\release\cube.pch
c:\users\ysgo\desktop\vpes\repository\dir\cube\release\vc140.pdb
c:\users\ysgo\desktop\vpes\repository\dir\cube\release\stdafx.obj
c:\users\ysgo\desktop\vpes\repository\dir\cube\release\mainfrm.obj
c:\users\ysgo\desktop\vpes\repository\dir\cube\release\cubeview.obj
c:\users\ysgo\desktop\vpes\repository\dir\cube\release\cubedoc.obj
c:\users\ysgo\desktop\vpes\repository\dir\cube\release\cube.obj
c:\users\ysgo\desktop\vpes\repository\dir\cube\release\cube.exe
c:\users\ysgo\desktop\vpes\repository\dir\cube\release\cube.pdb
c:\users\ysgo\desktop\vpes\repository\dir\cube\release\cube.res
c:\users\ysgo\desktop\vpes\repository\dir\cube\.\release\cube.exe
c:\users\ysgo\desktop\vpes\repository\dir\cube\release\cube.tlog\cl.command.1.tlog
c:\users\ysgo\desktop\vpes\repository\dir\cube\release\cube.tlog\cl.read.1.tlog
c:\users\ysgo\desktop\vpes\repository\dir\cube\release\cube.tlog\cl.write.1.tlog
c:\users\ysgo\desktop\vpes\repository\dir\cube\release\cube.tlog\link.command.1.tlog
c:\users\ysgo\desktop\vpes\repository\dir\cube\release\cube.tlog\link.read.1.tlog
c:\users\ysgo\desktop\vpes\repository\dir\cube\release\cube.tlog\link.write.1.tlog
c:\users\ysgo\desktop\vpes\repository\dir\cube\release\cube.tlog\rc.command.1.tlog
c:\users\ysgo\desktop\vpes\repository\dir\cube\release\cube.tlog\rc.read.1.tlog
c:\users\ysgo\desktop\vpes\repository\dir\cube\release\cube.tlog\rc.write.1.tlog
