==================================================================
2022/11/08_15:03:05:843
processName:VCTIP
PID:  26564
PPID: 4560
csID: 1
==================================================================
==================================================================
2022/11/08_15:03:06:866
processName:mspdbsrv
PID:  25000
PPID: 15584
csID: 2
==================================================================
==================================================================
2022/11/08_15:03:59:359
processName:conhost
PID:  27088
PPID: 27076
csID: 3
==================================================================
==================================================================
2022/11/08_15:03:59:377
processName:cmd
PID:  27076
PPID: 9016
csID: 4
==================================================================
==================================================================
2022/11/08_15:03:59:403
processName:chcp
PID:  27104
PPID: 27076
csID: 5
==================================================================
==================================================================
2022/11/08_15:03:59:466
processName:MSBuild
PID:  27112
PPID: 27076
csID: 6
==================================================================
==================================================================
2022/11/08_15:03:59:783
processName:csc
PID:  27176
PPID: 27112
csID: 7
==================================================================
==================================================================
2022/11/08_15:03:59:831
processName:cvtres
PID:  27184
PPID: 27176
csID: 8
==================================================================
==================================================================
2022/11/08_15:03:59:977
processName:conhost
PID:  27208
PPID: 27192
csID: 9
==================================================================
==================================================================
2022/11/08_15:03:59:996
processName:Tracker
PID:  27192
PPID: 27112
csID: 10
==================================================================
==================================================================
2022/11/08_15:04:00:19
processName:CL
PID:  27224
PPID: 27192
csID: 11
==================================================================
==================================================================
2022/11/08_15:04:00:216
processName:conhost
PID:  27268
PPID: 27260
csID: 12
==================================================================
==================================================================
2022/11/08_15:04:00:240
processName:Tracker
PID:  27260
PPID: 27112
csID: 13
==================================================================
==================================================================
2022/11/08_15:04:00:260
processName:link
PID:  27284
PPID: 27260
csID: 14
==================================================================
==================================================================
2022/11/08_15:04:00:303
processName:rc
PID:  27292
PPID: 27284
csID: 15
==================================================================
==================================================================
2022/11/08_15:04:00:334
processName:cvtres
PID:  27300
PPID: 27284
csID: 16
==================================================================
==================================================================
2022/11/08_15:04:00:544
processName:chcp
PID:  27312
PPID: 27076
csID: 17
==================================================================
