c:\qualityscroll-cover-se\logs\build\coverbuilder.log
c:\users\ysgo\desktop\vpes\repository\dir\cube\release\cube.pch
c:\users\ysgo\desktop\vpes\repository\dir\cube\release\vc140.pdb
c:\users\ysgo\desktop\vpes\repository\dir\cube\release\stdafx.obj
c:\qualityscroll-cover-se\works\.tmpa\workspace\ca4db0c18834f97341650245d3c5f537\src\instrumented\codescroll_config.h
c:\qualityscroll-cover-se\works\.tmpa\workspace\ca4db0c18834f97341650245d3c5f537\src\instrumented\cube_1.h
c:\qualityscroll-cover-se\works\.tmpa\workspace\ca4db0c18834f97341650245d3c5f537\src\instrumented\codescroll_probe_macro.h
c:\qualityscroll-cover-se\works\.tmpa\workspace\ca4db0c18834f97341650245d3c5f537\src\instrumented\cube_1.cpp
c:\qualityscroll-cover-se\works\.tmpa\workspace\ca4db0c18834f97341650245d3c5f537\src\instrumented\7575a3ce-4e11-4de0-9cf4-b5eb53cf28f6.cpp
c:\qualityscroll-cover-se\works\.tmpa\workspace\84466b1fb25e3eb3435d038cf7867601\src\instrumented\codescroll_config.h
c:\qualityscroll-cover-se\works\.tmpa\workspace\84466b1fb25e3eb3435d038cf7867601\src\instrumented\cubedoc_1.h
c:\qualityscroll-cover-se\works\.tmpa\workspace\84466b1fb25e3eb3435d038cf7867601\src\instrumented\codescroll_probe_macro.h
c:\qualityscroll-cover-se\works\.tmpa\workspace\84466b1fb25e3eb3435d038cf7867601\src\instrumented\cubedoc_1.cpp
c:\qualityscroll-cover-se\works\.tmpa\workspace\84466b1fb25e3eb3435d038cf7867601\src\instrumented\99905353-7888-413a-9e46-9f8b2bb8266a.cpp
c:\qualityscroll-cover-se\works\.tmpa\workspace\3d3f0b6100db3eaff17ce9a4bbfd983e\src\instrumented\codescroll_config.h
c:\qualityscroll-cover-se\works\.tmpa\workspace\3d3f0b6100db3eaff17ce9a4bbfd983e\src\instrumented\cubeview_1.h
c:\qualityscroll-cover-se\works\.tmpa\workspace\3d3f0b6100db3eaff17ce9a4bbfd983e\src\instrumented\codescroll_probe_macro.h
c:\qualityscroll-cover-se\works\.tmpa\workspace\3d3f0b6100db3eaff17ce9a4bbfd983e\src\instrumented\cubeview_1.cpp
c:\qualityscroll-cover-se\works\.tmpa\workspace\3d3f0b6100db3eaff17ce9a4bbfd983e\src\instrumented\1d2d771b-399f-4a6c-b838-b5dd3d9d5da7.cpp
c:\qualityscroll-cover-se\works\.tmpa\workspace\dcdd21177098bc3ce3dbf46c9007912a\src\instrumented\codescroll_config.h
c:\qualityscroll-cover-se\works\.tmpa\workspace\dcdd21177098bc3ce3dbf46c9007912a\src\instrumented\mainfrm_1.h
c:\qualityscroll-cover-se\works\.tmpa\workspace\dcdd21177098bc3ce3dbf46c9007912a\src\instrumented\codescroll_probe_macro.h
c:\qualityscroll-cover-se\works\.tmpa\workspace\dcdd21177098bc3ce3dbf46c9007912a\src\instrumented\mainfrm_1.cpp
c:\qualityscroll-cover-se\works\.tmpa\workspace\dcdd21177098bc3ce3dbf46c9007912a\src\instrumented\4c845e49-7aa7-4c30-a499-1462e7d8e6c8.cpp
c:\qualityscroll-cover-se\works\.tmpa\workspace\84466b1fb25e3eb3435d038cf7867601\pa.ini
c:\qualityscroll-cover-se\works\.tmpa\workspace\84466b1fb25e3eb3435d038cf7867601\src\preprocessed\cubedoc_1.i.cpp
c:\qualityscroll-cover-se\works\.tmpa\workspace\84466b1fb25e3eb3435d038cf7867601\project.db
c:\qualityscroll-cover-se\works\.tmpa\workspace\84466b1fb25e3eb3435d038cf7867601\global.db
c:\qualityscroll-cover-se\works\.tmpa\workspace\84466b1fb25e3eb3435d038cf7867601\visualstudio_2017_cl_x86_win_c_cpp.conf
c:\qualityscroll-cover-se\works\.tmpa\workspace\ca4db0c18834f97341650245d3c5f537\pa.ini
c:\qualityscroll-cover-se\works\.tmpa\workspace\ca4db0c18834f97341650245d3c5f537\src\preprocessed\cube_1.i.cpp
c:\qualityscroll-cover-se\works\.tmpa\workspace\ca4db0c18834f97341650245d3c5f537\project.db
c:\qualityscroll-cover-se\works\.tmpa\workspace\ca4db0c18834f97341650245d3c5f537\global.db
c:\qualityscroll-cover-se\works\.tmpa\workspace\ca4db0c18834f97341650245d3c5f537\visualstudio_2017_cl_x86_win_c_cpp.conf
c:\qualityscroll-cover-se\works\.tmpa\workspace\84466b1fb25e3eb3435d038cf7867601\obj\cubedoc.obj
c:\qualityscroll-cover-se\works\.tmpa\workspace\dcdd21177098bc3ce3dbf46c9007912a\pa.ini
c:\qualityscroll-cover-se\works\.tmpa\workspace\dcdd21177098bc3ce3dbf46c9007912a\src\preprocessed\mainfrm_1.i.cpp
c:\qualityscroll-cover-se\works\.tmpa\workspace\dcdd21177098bc3ce3dbf46c9007912a\project.db
c:\qualityscroll-cover-se\works\.tmpa\workspace\dcdd21177098bc3ce3dbf46c9007912a\global.db
c:\qualityscroll-cover-se\works\.tmpa\workspace\dcdd21177098bc3ce3dbf46c9007912a\visualstudio_2017_cl_x86_win_c_cpp.conf
c:\qualityscroll-cover-se\works\.tmpa\workspace\3d3f0b6100db3eaff17ce9a4bbfd983e\pa.ini
c:\qualityscroll-cover-se\works\.tmpa\workspace\3d3f0b6100db3eaff17ce9a4bbfd983e\src\preprocessed\cubeview_1.i.cpp
c:\qualityscroll-cover-se\works\.tmpa\workspace\3d3f0b6100db3eaff17ce9a4bbfd983e\project.db
c:\qualityscroll-cover-se\works\.tmpa\workspace\3d3f0b6100db3eaff17ce9a4bbfd983e\global.db
c:\qualityscroll-cover-se\works\.tmpa\workspace\3d3f0b6100db3eaff17ce9a4bbfd983e\visualstudio_2017_cl_x86_win_c_cpp.conf
c:\users\ysgo\desktop\vpes\repository\dir\cube\release\cubedoc.obj
c:\qualityscroll-cover-se\works\.tmpa\workspace\ca4db0c18834f97341650245d3c5f537\log\project_full.log
c:\qualityscroll-cover-se\works\.tmpa\workspace\ca4db0c18834f97341650245d3c5f537\recent_preinclude.h
c:\qualityscroll-cover-se\works\.tmpa\workspace\84466b1fb25e3eb3435d038cf7867601\log\project_full.log
c:\qualityscroll-cover-se\works\.tmpa\workspace\84466b1fb25e3eb3435d038cf7867601\recent_preinclude.h
c:\qualityscroll-cover-se\works\.tmpa\workspace\dcdd21177098bc3ce3dbf46c9007912a\log\project_full.log
c:\qualityscroll-cover-se\works\.tmpa\workspace\dcdd21177098bc3ce3dbf46c9007912a\recent_preinclude.h
c:\qualityscroll-cover-se\works\.tmpa\workspace\3d3f0b6100db3eaff17ce9a4bbfd983e\log\project_full.log
c:\qualityscroll-cover-se\works\.tmpa\workspace\3d3f0b6100db3eaff17ce9a4bbfd983e\recent_preinclude.h
d:\vpes_mini\nari\cube\release\cube.pch
d:\vpes_mini\nari\cube\release\vc140.pdb
d:\vpes_mini\nari\cube\release\stdafx.obj
c:\qualityscroll-cover-se\works\.tmpa\error\7af21640f0f29e5246a5905d342c6e5a_4.zip
c:\qualityscroll-cover-se\works\.tmpa\error\1974177d453ab8390487b5bf1ce14a45_4.zip
c:\qualityscroll-cover-se\works\.tmpa\error\e39bdfc431b51c454e23c006e6de228d_1.zip
c:\qualityscroll-cover-se\works\.tmpa\error\d5d0500b972590ac2dc2cad0633afa19_4.zip
d:\vpes_mini\nari\cube\release\cubedoc.obj
d:\vpes_mini\nari\cube\release\cube.tlog\cl.command.1.tlog
d:\vpes_mini\nari\cube\release\cube.tlog\cl.delete.1.tlog
d:\vpes_mini\nari\cube\release\cube.tlog\cl.delete.14.tlog
d:\vpes_mini\nari\cube\release\cube.tlog\cl.delete.15.tlog
d:\vpes_mini\nari\cube\release\cube.tlog\cl.delete.16.tlog
d:\vpes_mini\nari\cube\release\cube.tlog\cl.delete.17.tlog
d:\vpes_mini\nari\cube\release\cube.tlog\cl.delete.21.tlog
d:\vpes_mini\nari\cube\release\cube.tlog\cl.delete.26.tlog
d:\vpes_mini\nari\cube\release\cube.tlog\cl.read.1.tlog
d:\vpes_mini\nari\cube\release\cube.tlog\cl.write.1.tlog
