  Cubeview.cpp
  Cube.cpp
  Cubedoc.cpp
  Mainfrm.cpp
  [COVER] Creating translation hash...
  [COVER] Analyzing source files...
CL : error : CVERR_2009: Failed to execute program analyzer. Check the log file.
  
  * Program Analyzer Result
  [Command Execute: #8464] "C:\QualityScroll-Cover-SE\external\bin\tmpa.exe C:\QualityScroll-Cover-SE\works\.tmpa\workspace\D5D0500B972590AC2DC2CAD0633AFA19\project.db C:\QualityScroll-Cover-SE\works\.tmpa\workspace\D5D0500B972590AC2DC2CAD0633AFA19\global.db win C:\QualityScroll-Cover-SE\works\.tmpa\workspace\D5D0500B972590AC2DC2CAD0633AFA19\pa.ini"
  [#8464: Message] Suresoft  (R) Program Analyzer (internal use only)
  Copyright (C) Suresoft Technologies Inc. All rights reserved.
  
  Build   : Oct 27 2021 13:40:40
  REV     : ENT 6.2 Windows(Release) {3bacd3f 2021-10-26 11:12:52 +0900}
            LIBANALYSIS 6.2 Windows(Release) {e97a353a 2021-10-21 15:43:08 +0900}
            LIBSST 6.2 Windows(Release) {1805d40 2021-07-12 13:55:09 +0900}
  
  
  VALUE1
  PHASE21001|<cs#delim>|[1/1] Cubeview.cpp
  PHASE21001|<cs#delim>|[1/1] Cubeview.cpp(Parsing)
  ERROR2008|<cs#delim>|D:\VPES_mini\nari\cube\Cubeview.cpp
  VALUE34
  PHASE21002
  VALUE67
  VALUE101
  VALUE100
  
  [#8464: Exit Code] -1
  
  
  * Error zip file
  C:\QualityScroll-Cover-SE\works\.tmpa\error\D5D0500B972590AC2DC2CAD0633AFA19_2.zip
