  Stdafx.cpp
  Cubedoc.cpp
  Cube.cpp
  Mainfrm.cpp
  Cubeview.cpp
  [COVER] Creating translation hash...
  [COVER] Analyzing source files...
CL : error : CVERR_2009: Failed to execute program analyzer. Check the log file.
  
  * Program Analyzer Result
  [Command Execute: #13564] "C:\QualityScroll-Cover-SE\external\bin\tmpa.exe C:\QualityScroll-Cover-SE\works\.tmpa\workspace\7AF21640F0F29E5246A5905D342C6E5A\project.db C:\QualityScroll-Cover-SE\works\.tmpa\workspace\7AF21640F0F29E5246A5905D342C6E5A\global.db win C:\QualityScroll-Cover-SE\works\.tmpa\workspace\7AF21640F0F29E5246A5905D342C6E5A\pa.ini"
  [#13564: Message] Suresoft  (R) Program Analyzer (internal use only)
  Copyright (C) Suresoft Technologies Inc. All rights reserved.
  
  Build   : Oct 27 2021 13:40:40
  REV     : ENT 6.2 Windows(Release) {3bacd3f 2021-10-26 11:12:52 +0900}
            LIBANALYSIS 6.2 Windows(Release) {e97a353a 2021-10-21 15:43:08 +0900}
            LIBSST 6.2 Windows(Release) {1805d40 2021-07-12 13:55:09 +0900}
  
  
  VALUE1
  PHASE21001|<cs#delim>|[1/1] Cube.cpp
  PHASE21001|<cs#delim>|[1/1] Cube.cpp(Parsing)
  ERROR2008|<cs#delim>|D:\VPES_mini\nari\cube\Cube.cpp
  VALUE34
  PHASE21002
  VALUE67
  VALUE101
  VALUE100
  
  [#13564: Exit Code] -1
  
  
  * Error zip file
  C:\QualityScroll-Cover-SE\works\.tmpa\error\7AF21640F0F29E5246A5905D342C6E5A_3.zip
