==================================================================
2022/09/02_11:34:50:672
processName:cmd
PID:  19808
PPID: 49240
csID: 1
==================================================================
==================================================================
2022/09/02_11:34:50:740
processName:chcp
PID:  13252
PPID: 19808
csID: 2
==================================================================
==================================================================
2022/09/02_11:34:50:884
processName:MSBuild
PID:  25076
PPID: 19808
csID: 3
==================================================================
==================================================================
2022/09/02_11:34:51:346
processName:csc
PID:  59112
PPID: 25076
csID: 4
==================================================================
==================================================================
2022/09/02_11:34:51:479
processName:cvtres
PID:  36896
PPID: 59112
csID: 5
==================================================================
==================================================================
2022/09/02_11:34:51:648
processName:conhost
PID:  52556
PPID: 29604
csID: 6
==================================================================
==================================================================
2022/09/02_11:34:51:701
processName:Tracker
PID:  29604
PPID: 25076
csID: 7
==================================================================
==================================================================
2022/09/02_11:34:51:788
processName:CL
PID:  56444
PPID: 29604
csID: 8
==================================================================
==================================================================
2022/09/02_11:34:51:889
processName:mspdbsrv
PID:  10840
PPID: 56444
csID: 9
==================================================================
==================================================================
2022/09/02_11:34:53:864
processName:conhost
PID:  57252
PPID: 42836
csID: 10
==================================================================
==================================================================
2022/09/02_11:34:53:912
processName:Tracker
PID:  42836
PPID: 25076
csID: 11
==================================================================
==================================================================
2022/09/02_11:34:53:978
processName:rc
PID:  55668
PPID: 42836
csID: 12
==================================================================
==================================================================
2022/09/02_11:34:54:144
processName:conhost
PID:  42392
PPID: 46116
csID: 13
==================================================================
==================================================================
2022/09/02_11:34:54:201
processName:Tracker
PID:  46116
PPID: 25076
csID: 14
==================================================================
==================================================================
2022/09/02_11:34:54:270
processName:link
PID:  39308
PPID: 46116
csID: 15
==================================================================
==================================================================
2022/09/02_11:34:54:389
processName:cvtres
PID:  51012
PPID: 39308
csID: 16
==================================================================
==================================================================
2022/09/02_11:34:54:795
processName:chcp
PID:  53216
PPID: 19808
csID: 17
==================================================================
