==================================================================
2022/11/24_09:22:30:929
processName:conhost
PID:  10920
PPID: 11304
csID: 1
==================================================================
==================================================================
2022/11/24_09:22:30:950
processName:cmd
PID:  11304
PPID: 23860
csID: 2
==================================================================
==================================================================
2022/11/24_09:22:30:978
processName:chcp
PID:  15700
PPID: 11304
csID: 3
==================================================================
==================================================================
2022/11/24_09:22:31:45
processName:MSBuild
PID:  18636
PPID: 11304
csID: 4
==================================================================
==================================================================
2022/11/24_09:22:31:459
processName:csc
PID:  2984
PPID: 18636
csID: 5
==================================================================
==================================================================
2022/11/24_09:22:31:511
processName:cvtres
PID:  2412
PPID: 2984
csID: 6
==================================================================
==================================================================
2022/11/24_09:22:31:715
processName:conhost
PID:  21488
PPID: 9768
csID: 7
==================================================================
==================================================================
2022/11/24_09:22:31:737
processName:Tracker
PID:  9768
PPID: 18636
csID: 8
==================================================================
==================================================================
2022/11/24_09:22:31:763
processName:CL
PID:  11852
PPID: 9768
csID: 9
==================================================================
==================================================================
2022/11/24_09:22:31:800
processName:mspdbsrv
PID:  17484
PPID: 11852
csID: 10
==================================================================
==================================================================
2022/11/24_09:22:32:280
processName:conhost
PID:  11168
PPID: 13376
csID: 11
==================================================================
==================================================================
2022/11/24_09:22:32:299
processName:Tracker
PID:  13376
PPID: 18636
csID: 12
==================================================================
==================================================================
2022/11/24_09:22:32:322
processName:link
PID:  24032
PPID: 13376
csID: 13
==================================================================
==================================================================
2022/11/24_09:22:32:384
processName:rc
PID:  23704
PPID: 24032
csID: 14
==================================================================
==================================================================
2022/11/24_09:22:32:412
processName:cvtres
PID:  5844
PPID: 24032
csID: 15
==================================================================
==================================================================
2022/11/24_09:22:32:564
processName:VCTIP
PID:  23760
PPID: 24032
csID: 16
==================================================================
==================================================================
2022/11/24_09:22:32:611
processName:chcp
PID:  17784
PPID: 11304
csID: 17
==================================================================
