(10920)(    1)ME: C:\Windows\system32\conhost.exe
(10920)(    1) + HOME: C:\Users\nryun\AppData\Local\Suresofttech\STATIC Toolbox\apps\STATIC Client for C, C++ v1.2.0\
(10920)(    1) + WORKING: D:\VPES_GIT\vpes_git\miro_vs2015\.staticdata
(10920) + IGNORE: msbuild xxxxx // INTEREST: cl gcc cc g++ ar link ld xxx xc8 cpp cpstm8 castm8 clnk tricore-gcc tricore-g++ ctoa etoa ecomppc elxr
(10920)(    1) + Ignored EXENAME: conhost
(11304)(    2)ME: C:\Windows\system32\cmd.exe
(11304)(    2) + HOME: C:\Users\nryun\AppData\Local\Suresofttech\STATIC Toolbox\apps\STATIC Client for C, C++ v1.2.0\
(11304)(    2) + WORKING: D:\VPES_GIT\vpes_git\miro_vs2015\.staticdata
(11304) + IGNORE: msbuild xxxxx // INTEREST: cl gcc cc g++ ar link ld xxx xc8 cpp cpstm8 castm8 clnk tricore-gcc tricore-g++ ctoa etoa ecomppc elxr
(11304)(    2) + Ignored EXENAME: cmd
(15700)(    3)ME: C:\Windows\system32\chcp.com
(15700)(    3) + HOME: C:\Users\nryun\AppData\Local\Suresofttech\STATIC Toolbox\apps\STATIC Client for C, C++ v1.2.0\
(15700)(    3) + WORKING: D:\VPES_GIT\vpes_git\miro_vs2015\.staticdata
(15700) + IGNORE: msbuild xxxxx // INTEREST: cl gcc cc g++ ar link ld xxx xc8 cpp cpstm8 castm8 clnk tricore-gcc tricore-g++ ctoa etoa ecomppc elxr
(15700)(    3) + Ignored EXENAME: chcp
(18636)(    4)ME: C:\Program Files (x86)\MSBuild\14.0\bin\MSBuild.exe
(18636)(    4) + HOME: C:\Users\nryun\AppData\Local\Suresofttech\STATIC Toolbox\apps\STATIC Client for C, C++ v1.2.0\
(18636)(    4) + WORKING: D:\VPES_GIT\vpes_git\miro_vs2015\.staticdata
(18636) + IGNORE: msbuild xxxxx // INTEREST: cl gcc cc g++ ar link ld xxx xc8 cpp cpstm8 castm8 clnk tricore-gcc tricore-g++ ctoa etoa ecomppc elxr
(18636)(    4)ME: C:\Program Files (x86)\MSBuild\14.0\bin\MSBuild.exe
(18636)(    4) + HOME: C:\Users\nryun\AppData\Local\Suresofttech\STATIC Toolbox\apps\STATIC Client for C, C++ v1.2.0\
(18636)(    4) + WORKING: D:\VPES_GIT\vpes_git\miro_vs2015\.staticdata
(18636) + IGNORE: msbuild xxxxx // INTEREST: cl gcc cc g++ ar link ld xxx xc8 cpp cpstm8 castm8 clnk tricore-gcc tricore-g++ ctoa etoa ecomppc elxr
( 2984)(    5)ME: C:\Windows\Microsoft.NET\Framework\v4.0.30319\csc.exe
( 2984)(    5) + HOME: C:\Users\nryun\AppData\Local\Suresofttech\STATIC Toolbox\apps\STATIC Client for C, C++ v1.2.0\
( 2984)(    5) + WORKING: D:\VPES_GIT\vpes_git\miro_vs2015\.staticdata
( 2984) + IGNORE: msbuild xxxxx // INTEREST: cl gcc cc g++ ar link ld xxx xc8 cpp cpstm8 castm8 clnk tricore-gcc tricore-g++ ctoa etoa ecomppc elxr
( 2984)(    5) + Ignored EXENAME: csc
( 2412)(    6)ME: C:\Windows\Microsoft.NET\Framework\v4.0.30319\cvtres.exe
( 2412)(    6) + HOME: C:\Users\nryun\AppData\Local\Suresofttech\STATIC Toolbox\apps\STATIC Client for C, C++ v1.2.0\
( 2412)(    6) + WORKING: D:\VPES_GIT\vpes_git\miro_vs2015\.staticdata
( 2412) + IGNORE: msbuild xxxxx // INTEREST: cl gcc cc g++ ar link ld xxx xc8 cpp cpstm8 castm8 clnk tricore-gcc tricore-g++ ctoa etoa ecomppc elxr
( 2412)(    6) + Ignored EXENAME: cvtres
( 2412)(    6)ME: C:\Windows\Microsoft.NET\Framework\v4.0.30319\cvtres.exe
( 2412)(    6) + HOME: C:\Users\nryun\AppData\Local\Suresofttech\STATIC Toolbox\apps\STATIC Client for C, C++ v1.2.0\
( 2412)(    6) + WORKING: D:\VPES_GIT\vpes_git\miro_vs2015\.staticdata
( 2412) + IGNORE: msbuild xxxxx // INTEREST: cl gcc cc g++ ar link ld xxx xc8 cpp cpstm8 castm8 clnk tricore-gcc tricore-g++ ctoa etoa ecomppc elxr
( 2984)(    5)ME: C:\Windows\Microsoft.NET\Framework\v4.0.30319\csc.exe
( 2984)(    5) + HOME: C:\Users\nryun\AppData\Local\Suresofttech\STATIC Toolbox\apps\STATIC Client for C, C++ v1.2.0\
( 2984)(    5) + WORKING: D:\VPES_GIT\vpes_git\miro_vs2015\.staticdata
( 2984) + IGNORE: msbuild xxxxx // INTEREST: cl gcc cc g++ ar link ld xxx xc8 cpp cpstm8 castm8 clnk tricore-gcc tricore-g++ ctoa etoa ecomppc elxr
(21488)(    7)ME: C:\Windows\system32\conhost.exe
(21488)(    7) + HOME: C:\Users\nryun\AppData\Local\Suresofttech\STATIC Toolbox\apps\STATIC Client for C, C++ v1.2.0\
(21488)(    7) + WORKING: D:\VPES_GIT\vpes_git\miro_vs2015\.staticdata
(21488) + IGNORE: msbuild xxxxx // INTEREST: cl gcc cc g++ ar link ld xxx xc8 cpp cpstm8 castm8 clnk tricore-gcc tricore-g++ ctoa etoa ecomppc elxr
(21488)(    7) + Ignored EXENAME: conhost
( 9768)(    8)ME: C:\Program Files (x86)\MSBuild\14.0\bin\Tracker.exe
( 9768)(    8) + HOME: C:\Users\nryun\AppData\Local\Suresofttech\STATIC Toolbox\apps\STATIC Client for C, C++ v1.2.0\
( 9768)(    8) + WORKING: D:\VPES_GIT\vpes_git\miro_vs2015\.staticdata
( 9768) + IGNORE: msbuild xxxxx // INTEREST: cl gcc cc g++ ar link ld xxx xc8 cpp cpstm8 castm8 clnk tricore-gcc tricore-g++ ctoa etoa ecomppc elxr
( 9768)(    8) + Ignored EXENAME: tracker
(17484)(   10)ME: C:\Program Files (x86)\Microsoft Visual Studio 14.0\VC\bin\mspdbsrv.exe
(17484)(   10) + HOME: C:\Users\nryun\AppData\Local\Suresofttech\STATIC Toolbox\apps\STATIC Client for C, C++ v1.2.0\
(17484)(   10) + WORKING: D:\VPES_GIT\vpes_git\miro_vs2015\.staticdata
(17484) + IGNORE: msbuild xxxxx // INTEREST: cl gcc cc g++ ar link ld xxx xc8 cpp cpstm8 castm8 clnk tricore-gcc tricore-g++ ctoa etoa ecomppc elxr
(17484)(   10) + Ignored EXENAME: mspdbsrv
(11852)(    9)ME: C:\Program Files (x86)\Microsoft Visual Studio 14.0\VC\bin\x86_amd64\CL.exe
(11852)(    9) + HOME: C:\Users\nryun\AppData\Local\Suresofttech\STATIC Toolbox\apps\STATIC Client for C, C++ v1.2.0\
(11852)(    9) + WORKING: D:\VPES_GIT\vpes_git\miro_vs2015\.staticdata
(11852) + IGNORE: msbuild xxxxx // INTEREST: cl gcc cc g++ ar link ld xxx xc8 cpp cpstm8 castm8 clnk tricore-gcc tricore-g++ ctoa etoa ecomppc elxr
(11852)(    9)ME: C:\Program Files (x86)\Microsoft Visual Studio 14.0\VC\bin\x86_amd64\CL.exe
(11852)(    9) + HOME: C:\Users\nryun\AppData\Local\Suresofttech\STATIC Toolbox\apps\STATIC Client for C, C++ v1.2.0\
(11852)(    9) + WORKING: D:\VPES_GIT\vpes_git\miro_vs2015\.staticdata
(11852) + IGNORE: msbuild xxxxx // INTEREST: cl gcc cc g++ ar link ld xxx xc8 cpp cpstm8 castm8 clnk tricore-gcc tricore-g++ ctoa etoa ecomppc elxr
( 9768)(    8)ME: C:\Program Files (x86)\MSBuild\14.0\bin\Tracker.exe
( 9768)(    8) + HOME: C:\Users\nryun\AppData\Local\Suresofttech\STATIC Toolbox\apps\STATIC Client for C, C++ v1.2.0\
( 9768)(    8) + WORKING: D:\VPES_GIT\vpes_git\miro_vs2015\.staticdata
( 9768) + IGNORE: msbuild xxxxx // INTEREST: cl gcc cc g++ ar link ld xxx xc8 cpp cpstm8 castm8 clnk tricore-gcc tricore-g++ ctoa etoa ecomppc elxr
(11168)(   11)ME: C:\Windows\system32\conhost.exe
(11168)(   11) + HOME: C:\Users\nryun\AppData\Local\Suresofttech\STATIC Toolbox\apps\STATIC Client for C, C++ v1.2.0\
(11168)(   11) + WORKING: D:\VPES_GIT\vpes_git\miro_vs2015\.staticdata
(11168) + IGNORE: msbuild xxxxx // INTEREST: cl gcc cc g++ ar link ld xxx xc8 cpp cpstm8 castm8 clnk tricore-gcc tricore-g++ ctoa etoa ecomppc elxr
(11168)(   11) + Ignored EXENAME: conhost
(13376)(   12)ME: C:\Program Files (x86)\MSBuild\14.0\bin\Tracker.exe
(13376)(   12) + HOME: C:\Users\nryun\AppData\Local\Suresofttech\STATIC Toolbox\apps\STATIC Client for C, C++ v1.2.0\
(13376)(   12) + WORKING: D:\VPES_GIT\vpes_git\miro_vs2015\.staticdata
(13376) + IGNORE: msbuild xxxxx // INTEREST: cl gcc cc g++ ar link ld xxx xc8 cpp cpstm8 castm8 clnk tricore-gcc tricore-g++ ctoa etoa ecomppc elxr
(13376)(   12) + Ignored EXENAME: tracker
(23704)(   14)ME: C:\Program Files (x86)\Windows Kits\8.1\bin\x86\rc.exe
(23704)(   14) + HOME: C:\Users\nryun\AppData\Local\Suresofttech\STATIC Toolbox\apps\STATIC Client for C, C++ v1.2.0\
(23704)(   14) + WORKING: D:\VPES_GIT\vpes_git\miro_vs2015\.staticdata
(23704) + IGNORE: msbuild xxxxx // INTEREST: cl gcc cc g++ ar link ld xxx xc8 cpp cpstm8 castm8 clnk tricore-gcc tricore-g++ ctoa etoa ecomppc elxr
(23704)(   14) + Ignored EXENAME: rc
(23704)(   14)ME: C:\Program Files (x86)\Windows Kits\8.1\bin\x86\rc.exe
(23704)(   14) + HOME: C:\Users\nryun\AppData\Local\Suresofttech\STATIC Toolbox\apps\STATIC Client for C, C++ v1.2.0\
(23704)(   14) + WORKING: D:\VPES_GIT\vpes_git\miro_vs2015\.staticdata
(23704) + IGNORE: msbuild xxxxx // INTEREST: cl gcc cc g++ ar link ld xxx xc8 cpp cpstm8 castm8 clnk tricore-gcc tricore-g++ ctoa etoa ecomppc elxr
( 5844)(   15)ME: C:\Program Files (x86)\Microsoft Visual Studio 14.0\VC\bin\cvtres.exe
( 5844)(   15) + HOME: C:\Users\nryun\AppData\Local\Suresofttech\STATIC Toolbox\apps\STATIC Client for C, C++ v1.2.0\
( 5844)(   15) + WORKING: D:\VPES_GIT\vpes_git\miro_vs2015\.staticdata
( 5844) + IGNORE: msbuild xxxxx // INTEREST: cl gcc cc g++ ar link ld xxx xc8 cpp cpstm8 castm8 clnk tricore-gcc tricore-g++ ctoa etoa ecomppc elxr
( 5844)(   15) + Ignored EXENAME: cvtres
( 5844)(   15)ME: C:\Program Files (x86)\Microsoft Visual Studio 14.0\VC\bin\cvtres.exe
( 5844)(   15) + HOME: C:\Users\nryun\AppData\Local\Suresofttech\STATIC Toolbox\apps\STATIC Client for C, C++ v1.2.0\
( 5844)(   15) + WORKING: D:\VPES_GIT\vpes_git\miro_vs2015\.staticdata
( 5844) + IGNORE: msbuild xxxxx // INTEREST: cl gcc cc g++ ar link ld xxx xc8 cpp cpstm8 castm8 clnk tricore-gcc tricore-g++ ctoa etoa ecomppc elxr
(24032)(   13)ME: C:\Program Files (x86)\Microsoft Visual Studio 14.0\VC\bin\x86_amd64\link.exe
(24032)(   13) + HOME: C:\Users\nryun\AppData\Local\Suresofttech\STATIC Toolbox\apps\STATIC Client for C, C++ v1.2.0\
(24032)(   13) + WORKING: D:\VPES_GIT\vpes_git\miro_vs2015\.staticdata
(24032) + IGNORE: msbuild xxxxx // INTEREST: cl gcc cc g++ ar link ld xxx xc8 cpp cpstm8 castm8 clnk tricore-gcc tricore-g++ ctoa etoa ecomppc elxr
(24032)(   13)ME: C:\Program Files (x86)\Microsoft Visual Studio 14.0\VC\bin\x86_amd64\link.exe
(24032)(   13) + HOME: C:\Users\nryun\AppData\Local\Suresofttech\STATIC Toolbox\apps\STATIC Client for C, C++ v1.2.0\
(24032)(   13) + WORKING: D:\VPES_GIT\vpes_git\miro_vs2015\.staticdata
(24032) + IGNORE: msbuild xxxxx // INTEREST: cl gcc cc g++ ar link ld xxx xc8 cpp cpstm8 castm8 clnk tricore-gcc tricore-g++ ctoa etoa ecomppc elxr
(23760)(   16)ME: C:\Program Files (x86)\Microsoft Visual Studio 14.0\VC\bin\x86_amd64\VCTIP.EXE
(23760)(   16) + HOME: C:\Users\nryun\AppData\Local\Suresofttech\STATIC Toolbox\apps\STATIC Client for C, C++ v1.2.0\
(23760)(   16) + WORKING: D:\VPES_GIT\vpes_git\miro_vs2015\.staticdata
(23760) + IGNORE: msbuild xxxxx // INTEREST: cl gcc cc g++ ar link ld xxx xc8 cpp cpstm8 castm8 clnk tricore-gcc tricore-g++ ctoa etoa ecomppc elxr
(23760)(   16) + Ignored EXENAME: vctip
(13376)(   12)ME: C:\Program Files (x86)\MSBuild\14.0\bin\Tracker.exe
(13376)(   12) + HOME: C:\Users\nryun\AppData\Local\Suresofttech\STATIC Toolbox\apps\STATIC Client for C, C++ v1.2.0\
(13376)(   12) + WORKING: D:\VPES_GIT\vpes_git\miro_vs2015\.staticdata
(13376) + IGNORE: msbuild xxxxx // INTEREST: cl gcc cc g++ ar link ld xxx xc8 cpp cpstm8 castm8 clnk tricore-gcc tricore-g++ ctoa etoa ecomppc elxr
(17784)(   17)ME: C:\Windows\system32\chcp.com
(17784)(   17) + HOME: C:\Users\nryun\AppData\Local\Suresofttech\STATIC Toolbox\apps\STATIC Client for C, C++ v1.2.0\
(17784)(   17) + WORKING: D:\VPES_GIT\vpes_git\miro_vs2015\.staticdata
(17784) + IGNORE: msbuild xxxxx // INTEREST: cl gcc cc g++ ar link ld xxx xc8 cpp cpstm8 castm8 clnk tricore-gcc tricore-g++ ctoa etoa ecomppc elxr
(17784)(   17) + Ignored EXENAME: chcp
(23760)(   16)ME: C:\Program Files (x86)\Microsoft Visual Studio 14.0\VC\bin\x86_amd64\VCTIP.EXE
(23760)(   16) + HOME: C:\Users\nryun\AppData\Local\Suresofttech\STATIC Toolbox\apps\STATIC Client for C, C++ v1.2.0\
(23760)(   16) + WORKING: D:\VPES_GIT\vpes_git\miro_vs2015\.staticdata
(23760) + IGNORE: msbuild xxxxx // INTEREST: cl gcc cc g++ ar link ld xxx xc8 cpp cpstm8 castm8 clnk tricore-gcc tricore-g++ ctoa etoa ecomppc elxr
(17484)(   10)ME: C:\Program Files (x86)\Microsoft Visual Studio 14.0\VC\bin\mspdbsrv.exe
(17484)(   10) + HOME: C:\Users\nryun\AppData\Local\Suresofttech\STATIC Toolbox\apps\STATIC Client for C, C++ v1.2.0\
(17484)(   10) + WORKING: D:\VPES_GIT\vpes_git\miro_vs2015\.staticdata
(17484) + IGNORE: msbuild xxxxx // INTEREST: cl gcc cc g++ ar link ld xxx xc8 cpp cpstm8 castm8 clnk tricore-gcc tricore-g++ ctoa etoa ecomppc elxr
