==================================================================
2022/09/02_10:34:58:364
processName:cmd
PID:  39980
PPID: 41548
csID: 1
==================================================================
==================================================================
2022/09/02_10:34:58:440
processName:chcp
PID:  7828
PPID: 39980
csID: 2
==================================================================
==================================================================
2022/09/02_10:34:58:575
processName:MSBuild
PID:  37484
PPID: 39980
csID: 3
==================================================================
==================================================================
2022/09/02_10:34:59:427
processName:csc
PID:  21188
PPID: 37484
csID: 4
==================================================================
==================================================================
2022/09/02_10:34:59:695
processName:cvtres
PID:  5108
PPID: 21188
csID: 5
==================================================================
==================================================================
2022/09/02_10:34:59:871
processName:conhost
PID:  40868
PPID: 39124
csID: 6
==================================================================
==================================================================
2022/09/02_10:34:59:946
processName:Tracker
PID:  39124
PPID: 37484
csID: 7
==================================================================
==================================================================
2022/09/02_10:35:00:55
processName:CL
PID:  52844
PPID: 39124
csID: 8
==================================================================
==================================================================
2022/09/02_10:35:00:232
processName:mspdbsrv
PID:  30540
PPID: 52844
csID: 9
==================================================================
==================================================================
2022/09/02_10:35:02:387
processName:conhost
PID:  38472
PPID: 51332
csID: 10
==================================================================
==================================================================
2022/09/02_10:35:02:442
processName:Tracker
PID:  51332
PPID: 37484
csID: 11
==================================================================
==================================================================
2022/09/02_10:35:02:510
processName:rc
PID:  29752
PPID: 51332
csID: 12
==================================================================
==================================================================
2022/09/02_10:35:02:690
processName:conhost
PID:  26488
PPID: 20412
csID: 13
==================================================================
==================================================================
2022/09/02_10:35:02:743
processName:Tracker
PID:  20412
PPID: 37484
csID: 14
==================================================================
==================================================================
2022/09/02_10:35:02:811
processName:link
PID:  50164
PPID: 20412
csID: 15
==================================================================
==================================================================
2022/09/02_10:35:03:19
processName:cvtres
PID:  50732
PPID: 50164
csID: 16
==================================================================
==================================================================
2022/09/02_10:35:03:526
processName:chcp
PID:  34700
PPID: 39980
csID: 17
==================================================================
