d:\vpes_git\vpes_git\miro_vs2015\.staticdata\wtrace.csid.log
d:\vpes_git\vpes_git\miro_vs2015\.staticdata\wtrace.log
d:\vpes_git\vpes_git\miro_vs2015\.staticdata\wtrace.cl.9
d:\vpes_git\vpes_git\miro_vs2015\x64\debug\vc140.pdb
d:\vpes_git\vpes_git\miro_vs2015\x64\debug\vc140.idb
d:\vpes_git\vpes_git\miro_vs2015\x64\debug\miro_fun.obj
d:\vpes_git\vpes_git\miro_vs2015\x64\debug\miro_fun2.obj
d:\vpes_git\vpes_git\miro_vs2015\x64\debug\qs_fun.obj
d:\vpes_git\vpes_git\miro_vs2015\x64\debug\q_s.obj
d:\vpes_git\vpes_git\miro_vs2015\.staticdata\wtrace.error.log
c:\users\nryun\appdata\local\microsoft\applicationinsights\vstelaif-312cbd79-9dbb-4c48-a7da-3cc2a931cb70\20221128002224_22e06222e4ff462fb5a298c35e2f7e76.trn
c:\users\nryun\appdata\local\microsoft\clr_v4.0_32\usagelogs\vctip.exe.log
d:\vpes_git\vpes_git\miro_vs2015\.staticdata\wtrace.link.13
d:\vpes_git\vpes_git\miro_vs2015\x64\debug\vs2015_miro.ilk
d:\vpes_git\vpes_git\miro_vs2015\x64\debug\vs2015_miro.exe
d:\vpes_git\vpes_git\miro_vs2015\x64\debug\vs2015_miro.pdb
d:\vpes_git\vpes_git\miro_vs2015\x64\debug\vs2015_miro.tlog\cl.command.1.tlog
d:\vpes_git\vpes_git\miro_vs2015\x64\debug\vs2015_miro.tlog\cl.read.1.tlog
d:\vpes_git\vpes_git\miro_vs2015\x64\debug\vs2015_miro.tlog\cl.write.1.tlog
d:\vpes_git\vpes_git\miro_vs2015\x64\debug\vs2015_miro.tlog\link-vctip.delete.1.tlog
d:\vpes_git\vpes_git\miro_vs2015\x64\debug\vs2015_miro.tlog\link-vctip.delete.33.tlog
d:\vpes_git\vpes_git\miro_vs2015\x64\debug\vs2015_miro.tlog\link-vctip.delete.51.tlog
d:\vpes_git\vpes_git\miro_vs2015\x64\debug\vs2015_miro.tlog\link-vctip.delete.64.tlog
d:\vpes_git\vpes_git\miro_vs2015\x64\debug\vs2015_miro.tlog\link-vctip.delete.72.tlog
d:\vpes_git\vpes_git\miro_vs2015\x64\debug\vs2015_miro.tlog\link-vctip.read.1.tlog
d:\vpes_git\vpes_git\miro_vs2015\x64\debug\vs2015_miro.tlog\link-vctip.read.13.tlog
d:\vpes_git\vpes_git\miro_vs2015\x64\debug\vs2015_miro.tlog\link-vctip.read.15.tlog
d:\vpes_git\vpes_git\miro_vs2015\x64\debug\vs2015_miro.tlog\link-vctip.read.19.tlog
d:\vpes_git\vpes_git\miro_vs2015\x64\debug\vs2015_miro.tlog\link-vctip.read.21.tlog
d:\vpes_git\vpes_git\miro_vs2015\x64\debug\vs2015_miro.tlog\link-vctip.read.25.tlog
d:\vpes_git\vpes_git\miro_vs2015\x64\debug\vs2015_miro.tlog\link-vctip.read.26.tlog
d:\vpes_git\vpes_git\miro_vs2015\x64\debug\vs2015_miro.tlog\link-vctip.read.29.tlog
d:\vpes_git\vpes_git\miro_vs2015\x64\debug\vs2015_miro.tlog\link-vctip.read.33.tlog
d:\vpes_git\vpes_git\miro_vs2015\x64\debug\vs2015_miro.tlog\link-vctip.read.34.tlog
d:\vpes_git\vpes_git\miro_vs2015\x64\debug\vs2015_miro.tlog\link-vctip.read.35.tlog
d:\vpes_git\vpes_git\miro_vs2015\x64\debug\vs2015_miro.tlog\link-vctip.read.36.tlog
d:\vpes_git\vpes_git\miro_vs2015\x64\debug\vs2015_miro.tlog\link-vctip.read.5.tlog
d:\vpes_git\vpes_git\miro_vs2015\x64\debug\vs2015_miro.tlog\link-vctip.read.51.tlog
d:\vpes_git\vpes_git\miro_vs2015\x64\debug\vs2015_miro.tlog\link-vctip.read.64.tlog
d:\vpes_git\vpes_git\miro_vs2015\x64\debug\vs2015_miro.tlog\link-vctip.read.72.tlog
d:\vpes_git\vpes_git\miro_vs2015\x64\debug\vs2015_miro.tlog\link-vctip.write.1.tlog
d:\vpes_git\vpes_git\miro_vs2015\x64\debug\vs2015_miro.tlog\link-vctip.write.13.tlog
d:\vpes_git\vpes_git\miro_vs2015\x64\debug\vs2015_miro.tlog\link-vctip.write.15.tlog
d:\vpes_git\vpes_git\miro_vs2015\x64\debug\vs2015_miro.tlog\link-vctip.write.33.tlog
d:\vpes_git\vpes_git\miro_vs2015\x64\debug\vs2015_miro.tlog\link-vctip.write.5.tlog
d:\vpes_git\vpes_git\miro_vs2015\x64\debug\vs2015_miro.tlog\link-vctip.write.51.tlog
d:\vpes_git\vpes_git\miro_vs2015\x64\debug\vs2015_miro.tlog\link-vctip.write.64.tlog
d:\vpes_git\vpes_git\miro_vs2015\x64\debug\vs2015_miro.tlog\link-vctip.write.72.tlog
d:\vpes_git\vpes_git\miro_vs2015\x64\debug\vs2015_miro.tlog\link.command.1.tlog
d:\vpes_git\vpes_git\miro_vs2015\x64\debug\vs2015_miro.tlog\link.read.1.tlog
d:\vpes_git\vpes_git\miro_vs2015\x64\debug\vs2015_miro.tlog\link.write.1.tlog
