(21036)(    1)ME: C:\Windows\system32\conhost.exe
(21036)(    1) + HOME: C:\Users\nryun\AppData\Local\Suresofttech\STATIC Toolbox\apps\STATIC Client for C, C++ v1.2.0\
(21036)(    1) + WORKING: D:\VPES_GIT\vpes_git\miro_vs2015\.staticdata
(21036) + IGNORE: msbuild xxxxx // INTEREST: cl gcc cc g++ ar link ld xxx xc8 cpp cpstm8 castm8 clnk tricore-gcc tricore-g++ ctoa etoa ecomppc elxr
(21036)(    1) + Ignored EXENAME: conhost
(23984)(    2)ME: C:\Windows\system32\cmd.exe
(23984)(    2) + HOME: C:\Users\nryun\AppData\Local\Suresofttech\STATIC Toolbox\apps\STATIC Client for C, C++ v1.2.0\
(23984)(    2) + WORKING: D:\VPES_GIT\vpes_git\miro_vs2015\.staticdata
(23984) + IGNORE: msbuild xxxxx // INTEREST: cl gcc cc g++ ar link ld xxx xc8 cpp cpstm8 castm8 clnk tricore-gcc tricore-g++ ctoa etoa ecomppc elxr
(23984)(    2) + Ignored EXENAME: cmd
(19376)(    3)ME: C:\Windows\system32\chcp.com
(19376)(    3) + HOME: C:\Users\nryun\AppData\Local\Suresofttech\STATIC Toolbox\apps\STATIC Client for C, C++ v1.2.0\
(19376)(    3) + WORKING: D:\VPES_GIT\vpes_git\miro_vs2015\.staticdata
(19376) + IGNORE: msbuild xxxxx // INTEREST: cl gcc cc g++ ar link ld xxx xc8 cpp cpstm8 castm8 clnk tricore-gcc tricore-g++ ctoa etoa ecomppc elxr
(19376)(    3) + Ignored EXENAME: chcp
(11912)(    4)ME: C:\Program Files (x86)\MSBuild\14.0\bin\MSBuild.exe
(11912)(    4) + HOME: C:\Users\nryun\AppData\Local\Suresofttech\STATIC Toolbox\apps\STATIC Client for C, C++ v1.2.0\
(11912)(    4) + WORKING: D:\VPES_GIT\vpes_git\miro_vs2015\.staticdata
(11912) + IGNORE: msbuild xxxxx // INTEREST: cl gcc cc g++ ar link ld xxx xc8 cpp cpstm8 castm8 clnk tricore-gcc tricore-g++ ctoa etoa ecomppc elxr
(11912)(    4)ME: C:\Program Files (x86)\MSBuild\14.0\bin\MSBuild.exe
(11912)(    4) + HOME: C:\Users\nryun\AppData\Local\Suresofttech\STATIC Toolbox\apps\STATIC Client for C, C++ v1.2.0\
(11912)(    4) + WORKING: D:\VPES_GIT\vpes_git\miro_vs2015\.staticdata
(11912) + IGNORE: msbuild xxxxx // INTEREST: cl gcc cc g++ ar link ld xxx xc8 cpp cpstm8 castm8 clnk tricore-gcc tricore-g++ ctoa etoa ecomppc elxr
(22000)(    5)ME: C:\Windows\Microsoft.NET\Framework\v4.0.30319\csc.exe
(22000)(    5) + HOME: C:\Users\nryun\AppData\Local\Suresofttech\STATIC Toolbox\apps\STATIC Client for C, C++ v1.2.0\
(22000)(    5) + WORKING: D:\VPES_GIT\vpes_git\miro_vs2015\.staticdata
(22000) + IGNORE: msbuild xxxxx // INTEREST: cl gcc cc g++ ar link ld xxx xc8 cpp cpstm8 castm8 clnk tricore-gcc tricore-g++ ctoa etoa ecomppc elxr
(22000)(    5) + Ignored EXENAME: csc
(24436)(    6)ME: C:\Windows\Microsoft.NET\Framework\v4.0.30319\cvtres.exe
(24436)(    6) + HOME: C:\Users\nryun\AppData\Local\Suresofttech\STATIC Toolbox\apps\STATIC Client for C, C++ v1.2.0\
(24436)(    6) + WORKING: D:\VPES_GIT\vpes_git\miro_vs2015\.staticdata
(24436) + IGNORE: msbuild xxxxx // INTEREST: cl gcc cc g++ ar link ld xxx xc8 cpp cpstm8 castm8 clnk tricore-gcc tricore-g++ ctoa etoa ecomppc elxr
(24436)(    6) + Ignored EXENAME: cvtres
(24436)(    6)ME: C:\Windows\Microsoft.NET\Framework\v4.0.30319\cvtres.exe
(24436)(    6) + HOME: C:\Users\nryun\AppData\Local\Suresofttech\STATIC Toolbox\apps\STATIC Client for C, C++ v1.2.0\
(24436)(    6) + WORKING: D:\VPES_GIT\vpes_git\miro_vs2015\.staticdata
(24436) + IGNORE: msbuild xxxxx // INTEREST: cl gcc cc g++ ar link ld xxx xc8 cpp cpstm8 castm8 clnk tricore-gcc tricore-g++ ctoa etoa ecomppc elxr
(22000)(    5)ME: C:\Windows\Microsoft.NET\Framework\v4.0.30319\csc.exe
(22000)(    5) + HOME: C:\Users\nryun\AppData\Local\Suresofttech\STATIC Toolbox\apps\STATIC Client for C, C++ v1.2.0\
(22000)(    5) + WORKING: D:\VPES_GIT\vpes_git\miro_vs2015\.staticdata
(22000) + IGNORE: msbuild xxxxx // INTEREST: cl gcc cc g++ ar link ld xxx xc8 cpp cpstm8 castm8 clnk tricore-gcc tricore-g++ ctoa etoa ecomppc elxr
(12144)(    7)ME: C:\Windows\system32\conhost.exe
(12144)(    7) + HOME: C:\Users\nryun\AppData\Local\Suresofttech\STATIC Toolbox\apps\STATIC Client for C, C++ v1.2.0\
(12144)(    7) + WORKING: D:\VPES_GIT\vpes_git\miro_vs2015\.staticdata
(12144) + IGNORE: msbuild xxxxx // INTEREST: cl gcc cc g++ ar link ld xxx xc8 cpp cpstm8 castm8 clnk tricore-gcc tricore-g++ ctoa etoa ecomppc elxr
(12144)(    7) + Ignored EXENAME: conhost
(21156)(    8)ME: C:\Program Files (x86)\MSBuild\14.0\bin\Tracker.exe
(21156)(    8) + HOME: C:\Users\nryun\AppData\Local\Suresofttech\STATIC Toolbox\apps\STATIC Client for C, C++ v1.2.0\
(21156)(    8) + WORKING: D:\VPES_GIT\vpes_git\miro_vs2015\.staticdata
(21156) + IGNORE: msbuild xxxxx // INTEREST: cl gcc cc g++ ar link ld xxx xc8 cpp cpstm8 castm8 clnk tricore-gcc tricore-g++ ctoa etoa ecomppc elxr
(21156)(    8) + Ignored EXENAME: tracker
(11532)(   10)ME: C:\Program Files (x86)\Microsoft Visual Studio 14.0\VC\bin\mspdbsrv.exe
(11532)(   10) + HOME: C:\Users\nryun\AppData\Local\Suresofttech\STATIC Toolbox\apps\STATIC Client for C, C++ v1.2.0\
(11532)(   10) + WORKING: D:\VPES_GIT\vpes_git\miro_vs2015\.staticdata
(11532) + IGNORE: msbuild xxxxx // INTEREST: cl gcc cc g++ ar link ld xxx xc8 cpp cpstm8 castm8 clnk tricore-gcc tricore-g++ ctoa etoa ecomppc elxr
(11532)(   10) + Ignored EXENAME: mspdbsrv
(19488)(    9)ME: C:\Program Files (x86)\Microsoft Visual Studio 14.0\VC\bin\x86_amd64\CL.exe
(19488)(    9) + HOME: C:\Users\nryun\AppData\Local\Suresofttech\STATIC Toolbox\apps\STATIC Client for C, C++ v1.2.0\
(19488)(    9) + WORKING: D:\VPES_GIT\vpes_git\miro_vs2015\.staticdata
(19488) + IGNORE: msbuild xxxxx // INTEREST: cl gcc cc g++ ar link ld xxx xc8 cpp cpstm8 castm8 clnk tricore-gcc tricore-g++ ctoa etoa ecomppc elxr
(19488)(    9)ME: C:\Program Files (x86)\Microsoft Visual Studio 14.0\VC\bin\x86_amd64\CL.exe
(19488)(    9) + HOME: C:\Users\nryun\AppData\Local\Suresofttech\STATIC Toolbox\apps\STATIC Client for C, C++ v1.2.0\
(19488)(    9) + WORKING: D:\VPES_GIT\vpes_git\miro_vs2015\.staticdata
(19488) + IGNORE: msbuild xxxxx // INTEREST: cl gcc cc g++ ar link ld xxx xc8 cpp cpstm8 castm8 clnk tricore-gcc tricore-g++ ctoa etoa ecomppc elxr
(21156)(    8)ME: C:\Program Files (x86)\MSBuild\14.0\bin\Tracker.exe
(21156)(    8) + HOME: C:\Users\nryun\AppData\Local\Suresofttech\STATIC Toolbox\apps\STATIC Client for C, C++ v1.2.0\
(21156)(    8) + WORKING: D:\VPES_GIT\vpes_git\miro_vs2015\.staticdata
(21156) + IGNORE: msbuild xxxxx // INTEREST: cl gcc cc g++ ar link ld xxx xc8 cpp cpstm8 castm8 clnk tricore-gcc tricore-g++ ctoa etoa ecomppc elxr
( 2428)(   11)ME: C:\Windows\system32\conhost.exe
( 2428)(   11) + HOME: C:\Users\nryun\AppData\Local\Suresofttech\STATIC Toolbox\apps\STATIC Client for C, C++ v1.2.0\
( 2428)(   11) + WORKING: D:\VPES_GIT\vpes_git\miro_vs2015\.staticdata
( 2428) + IGNORE: msbuild xxxxx // INTEREST: cl gcc cc g++ ar link ld xxx xc8 cpp cpstm8 castm8 clnk tricore-gcc tricore-g++ ctoa etoa ecomppc elxr
( 2428)(   11) + Ignored EXENAME: conhost
(20096)(   12)ME: C:\Program Files (x86)\MSBuild\14.0\bin\Tracker.exe
(20096)(   12) + HOME: C:\Users\nryun\AppData\Local\Suresofttech\STATIC Toolbox\apps\STATIC Client for C, C++ v1.2.0\
(20096)(   12) + WORKING: D:\VPES_GIT\vpes_git\miro_vs2015\.staticdata
(20096) + IGNORE: msbuild xxxxx // INTEREST: cl gcc cc g++ ar link ld xxx xc8 cpp cpstm8 castm8 clnk tricore-gcc tricore-g++ ctoa etoa ecomppc elxr
(20096)(   12) + Ignored EXENAME: tracker
(23492)(   14)ME: C:\Program Files (x86)\Windows Kits\8.1\bin\x86\rc.exe
(23492)(   14) + HOME: C:\Users\nryun\AppData\Local\Suresofttech\STATIC Toolbox\apps\STATIC Client for C, C++ v1.2.0\
(23492)(   14) + WORKING: D:\VPES_GIT\vpes_git\miro_vs2015\.staticdata
(23492) + IGNORE: msbuild xxxxx // INTEREST: cl gcc cc g++ ar link ld xxx xc8 cpp cpstm8 castm8 clnk tricore-gcc tricore-g++ ctoa etoa ecomppc elxr
(23492)(   14) + Ignored EXENAME: rc
(23492)(   14)ME: C:\Program Files (x86)\Windows Kits\8.1\bin\x86\rc.exe
(23492)(   14) + HOME: C:\Users\nryun\AppData\Local\Suresofttech\STATIC Toolbox\apps\STATIC Client for C, C++ v1.2.0\
(23492)(   14) + WORKING: D:\VPES_GIT\vpes_git\miro_vs2015\.staticdata
(23492) + IGNORE: msbuild xxxxx // INTEREST: cl gcc cc g++ ar link ld xxx xc8 cpp cpstm8 castm8 clnk tricore-gcc tricore-g++ ctoa etoa ecomppc elxr
(16260)(   15)ME: C:\Program Files (x86)\Microsoft Visual Studio 14.0\VC\bin\cvtres.exe
(16260)(   15) + HOME: C:\Users\nryun\AppData\Local\Suresofttech\STATIC Toolbox\apps\STATIC Client for C, C++ v1.2.0\
(16260)(   15) + WORKING: D:\VPES_GIT\vpes_git\miro_vs2015\.staticdata
(16260) + IGNORE: msbuild xxxxx // INTEREST: cl gcc cc g++ ar link ld xxx xc8 cpp cpstm8 castm8 clnk tricore-gcc tricore-g++ ctoa etoa ecomppc elxr
(16260)(   15) + Ignored EXENAME: cvtres
(16260)(   15)ME: C:\Program Files (x86)\Microsoft Visual Studio 14.0\VC\bin\cvtres.exe
(16260)(   15) + HOME: C:\Users\nryun\AppData\Local\Suresofttech\STATIC Toolbox\apps\STATIC Client for C, C++ v1.2.0\
(16260)(   15) + WORKING: D:\VPES_GIT\vpes_git\miro_vs2015\.staticdata
(16260) + IGNORE: msbuild xxxxx // INTEREST: cl gcc cc g++ ar link ld xxx xc8 cpp cpstm8 castm8 clnk tricore-gcc tricore-g++ ctoa etoa ecomppc elxr
(14180)(   16)ME: C:\Program Files (x86)\Microsoft Visual Studio 14.0\VC\bin\x86_amd64\VCTIP.EXE
(14180)(   16) + HOME: C:\Users\nryun\AppData\Local\Suresofttech\STATIC Toolbox\apps\STATIC Client for C, C++ v1.2.0\
(14180)(   16) + WORKING: D:\VPES_GIT\vpes_git\miro_vs2015\.staticdata
(14180) + IGNORE: msbuild xxxxx // INTEREST: cl gcc cc g++ ar link ld xxx xc8 cpp cpstm8 castm8 clnk tricore-gcc tricore-g++ ctoa etoa ecomppc elxr
(14180)(   16) + Ignored EXENAME: vctip
(24244)(   13)ME: C:\Program Files (x86)\Microsoft Visual Studio 14.0\VC\bin\x86_amd64\link.exe
(24244)(   13) + HOME: C:\Users\nryun\AppData\Local\Suresofttech\STATIC Toolbox\apps\STATIC Client for C, C++ v1.2.0\
(24244)(   13) + WORKING: D:\VPES_GIT\vpes_git\miro_vs2015\.staticdata
(24244) + IGNORE: msbuild xxxxx // INTEREST: cl gcc cc g++ ar link ld xxx xc8 cpp cpstm8 castm8 clnk tricore-gcc tricore-g++ ctoa etoa ecomppc elxr
(24244)(   13)ME: C:\Program Files (x86)\Microsoft Visual Studio 14.0\VC\bin\x86_amd64\link.exe
(24244)(   13) + HOME: C:\Users\nryun\AppData\Local\Suresofttech\STATIC Toolbox\apps\STATIC Client for C, C++ v1.2.0\
(24244)(   13) + WORKING: D:\VPES_GIT\vpes_git\miro_vs2015\.staticdata
(24244) + IGNORE: msbuild xxxxx // INTEREST: cl gcc cc g++ ar link ld xxx xc8 cpp cpstm8 castm8 clnk tricore-gcc tricore-g++ ctoa etoa ecomppc elxr
(20096)(   12)ME: C:\Program Files (x86)\MSBuild\14.0\bin\Tracker.exe
(20096)(   12) + HOME: C:\Users\nryun\AppData\Local\Suresofttech\STATIC Toolbox\apps\STATIC Client for C, C++ v1.2.0\
(20096)(   12) + WORKING: D:\VPES_GIT\vpes_git\miro_vs2015\.staticdata
(20096) + IGNORE: msbuild xxxxx // INTEREST: cl gcc cc g++ ar link ld xxx xc8 cpp cpstm8 castm8 clnk tricore-gcc tricore-g++ ctoa etoa ecomppc elxr
(21836)(   17)ME: C:\Windows\system32\chcp.com
(21836)(   17) + HOME: C:\Users\nryun\AppData\Local\Suresofttech\STATIC Toolbox\apps\STATIC Client for C, C++ v1.2.0\
(21836)(   17) + WORKING: D:\VPES_GIT\vpes_git\miro_vs2015\.staticdata
(21836) + IGNORE: msbuild xxxxx // INTEREST: cl gcc cc g++ ar link ld xxx xc8 cpp cpstm8 castm8 clnk tricore-gcc tricore-g++ ctoa etoa ecomppc elxr
(21836)(   17) + Ignored EXENAME: chcp
(14180)(   16)ME: C:\Program Files (x86)\Microsoft Visual Studio 14.0\VC\bin\x86_amd64\VCTIP.EXE
(14180)(   16) + HOME: C:\Users\nryun\AppData\Local\Suresofttech\STATIC Toolbox\apps\STATIC Client for C, C++ v1.2.0\
(14180)(   16) + WORKING: D:\VPES_GIT\vpes_git\miro_vs2015\.staticdata
(14180) + IGNORE: msbuild xxxxx // INTEREST: cl gcc cc g++ ar link ld xxx xc8 cpp cpstm8 castm8 clnk tricore-gcc tricore-g++ ctoa etoa ecomppc elxr
(11532)(   10)ME: C:\Program Files (x86)\Microsoft Visual Studio 14.0\VC\bin\mspdbsrv.exe
(11532)(   10) + HOME: C:\Users\nryun\AppData\Local\Suresofttech\STATIC Toolbox\apps\STATIC Client for C, C++ v1.2.0\
(11532)(   10) + WORKING: D:\VPES_GIT\vpes_git\miro_vs2015\.staticdata
(11532) + IGNORE: msbuild xxxxx // INTEREST: cl gcc cc g++ ar link ld xxx xc8 cpp cpstm8 castm8 clnk tricore-gcc tricore-g++ ctoa etoa ecomppc elxr
