==================================================================
2022/11/24_10:13:13:672
processName:conhost
PID:  21036
PPID: 23984
csID: 1
==================================================================
==================================================================
2022/11/24_10:13:13:693
processName:cmd
PID:  23984
PPID: 9120
csID: 2
==================================================================
==================================================================
2022/11/24_10:13:13:719
processName:chcp
PID:  19376
PPID: 23984
csID: 3
==================================================================
==================================================================
2022/11/24_10:13:13:790
processName:MSBuild
PID:  11912
PPID: 23984
csID: 4
==================================================================
==================================================================
2022/11/24_10:13:14:437
processName:csc
PID:  22000
PPID: 11912
csID: 5
==================================================================
==================================================================
2022/11/24_10:13:14:492
processName:cvtres
PID:  24436
PPID: 22000
csID: 6
==================================================================
==================================================================
2022/11/24_10:13:14:694
processName:conhost
PID:  12144
PPID: 21156
csID: 7
==================================================================
==================================================================
2022/11/24_10:13:14:712
processName:Tracker
PID:  21156
PPID: 11912
csID: 8
==================================================================
==================================================================
2022/11/24_10:13:14:739
processName:CL
PID:  19488
PPID: 21156
csID: 9
==================================================================
==================================================================
2022/11/24_10:13:14:776
processName:mspdbsrv
PID:  11532
PPID: 19488
csID: 10
==================================================================
==================================================================
2022/11/24_10:13:15:221
processName:conhost
PID:  2428
PPID: 20096
csID: 11
==================================================================
==================================================================
2022/11/24_10:13:15:241
processName:Tracker
PID:  20096
PPID: 11912
csID: 12
==================================================================
==================================================================
2022/11/24_10:13:15:265
processName:link
PID:  24244
PPID: 20096
csID: 13
==================================================================
==================================================================
2022/11/24_10:13:15:313
processName:rc
PID:  23492
PPID: 24244
csID: 14
==================================================================
==================================================================
2022/11/24_10:13:15:344
processName:cvtres
PID:  16260
PPID: 24244
csID: 15
==================================================================
==================================================================
2022/11/24_10:13:15:511
processName:VCTIP
PID:  14180
PPID: 24244
csID: 16
==================================================================
==================================================================
2022/11/24_10:13:15:558
processName:chcp
PID:  21836
PPID: 23984
csID: 17
==================================================================
