==================================================================
2022/03/16_11:57:34:600
processName:conhost
PID:  16376
PPID: 14708
csID: 1
==================================================================
==================================================================
2022/03/16_11:57:34:616
processName:cmd
PID:  14708
PPID: 13184
csID: 2
==================================================================
==================================================================
2022/03/16_11:57:34:637
processName:chcp
PID:  2348
PPID: 14708
csID: 3
==================================================================
==================================================================
2022/03/16_11:57:34:740
processName:MSBuild
PID:  7216
PPID: 14708
csID: 4
==================================================================
==================================================================
2022/03/16_11:57:35:769
processName:csc
PID:  6608
PPID: 7216
csID: 5
==================================================================
==================================================================
2022/03/16_11:57:35:983
processName:cvtres
PID:  12380
PPID: 6608
csID: 6
==================================================================
==================================================================
2022/03/16_11:57:36:83
processName:conhost
PID:  1696
PPID: 12516
csID: 7
==================================================================
==================================================================
2022/03/16_11:57:36:100
processName:Tracker
PID:  12516
PPID: 7216
csID: 8
==================================================================
==================================================================
2022/03/16_11:57:36:159
processName:CL
PID:  1740
PPID: 12516
csID: 9
==================================================================
==================================================================
2022/03/16_11:57:36:234
processName:mspdbsrv
PID:  16044
PPID: 1740
csID: 10
==================================================================
==================================================================
2022/03/16_11:57:36:933
processName:conhost
PID:  9240
PPID: 1608
csID: 11
==================================================================
==================================================================
2022/03/16_11:57:36:949
processName:Tracker
PID:  1608
PPID: 7216
csID: 12
==================================================================
==================================================================
2022/03/16_11:57:36:968
processName:link
PID:  14640
PPID: 1608
csID: 13
==================================================================
==================================================================
2022/03/16_11:57:37:59
processName:rc
PID:  3120
PPID: 14640
csID: 14
==================================================================
==================================================================
2022/03/16_11:57:37:96
processName:cvtres
PID:  15464
PPID: 14640
csID: 15
==================================================================
==================================================================
2022/03/16_11:57:37:328
processName:VCTIP
PID:  628
PPID: 14640
csID: 16
==================================================================
==================================================================
2022/03/16_11:57:37:364
processName:chcp
PID:  7728
PPID: 14708
csID: 17
==================================================================
