d:\ct_rcptt\rt_samplecode\c\visualstudio\miro_vs2015\debug\vc140.pdb
d:\ct_rcptt\rt_samplecode\c\visualstudio\miro_vs2015\debug\vc140.idb
d:\ct_rcptt\rt_samplecode\c\visualstudio\miro_vs2015\debug\miro_fun.obj
d:\ct_rcptt\rt_samplecode\c\visualstudio\miro_vs2015\debug\miro_fun2.obj
d:\ct_rcptt\rt_samplecode\c\visualstudio\miro_vs2015\debug\qs_fun.obj
d:\ct_rcptt\rt_samplecode\c\visualstudio\miro_vs2015\debug\q_s.obj
d:\vpes_git\vpes_git\miro_vs2015\debug\vc140.pdb
d:\vpes_git\vpes_git\miro_vs2015\debug\vc140.idb
d:\vpes_git\vpes_git\miro_vs2015\debug\miro_fun.obj
d:\vpes_git\vpes_git\miro_vs2015\debug\miro_fun2.obj
d:\vpes_git\vpes_git\miro_vs2015\debug\qs_fun.obj
d:\vpes_git\vpes_git\miro_vs2015\debug\q_s.obj
d:\ct_rcptt\rt_samplecode\c\visualstudio\miro_vs2015\debug\vs2015_miro.ilk
d:\ct_rcptt\rt_samplecode\c\visualstudio\miro_vs2015\debug\vs2015_miro.exe
d:\ct_rcptt\rt_samplecode\c\visualstudio\miro_vs2015\debug\vs2015_miro.pdb
d:\vpes_git\vpes_git\miro_vs2015\debug\vs2015_miro.ilk
d:\vpes_git\vpes_git\miro_vs2015\debug\vs2015_miro.exe
d:\vpes_git\vpes_git\miro_vs2015\debug\vs2015_miro.pdb
d:\vpes_git\vpes_git\miro_vs2015\debug\vs2015_miro.tlog\cl.command.1.tlog
d:\vpes_git\vpes_git\miro_vs2015\debug\vs2015_miro.tlog\cl.read.1.tlog
d:\vpes_git\vpes_git\miro_vs2015\debug\vs2015_miro.tlog\cl.write.1.tlog
d:\vpes_git\vpes_git\miro_vs2015\debug\vs2015_miro.tlog\link.command.1.tlog
d:\vpes_git\vpes_git\miro_vs2015\debug\vs2015_miro.tlog\link.read.1.tlog
d:\vpes_git\vpes_git\miro_vs2015\debug\vs2015_miro.tlog\link.write.1.tlog
