==================================================================
2023/06/20_08:46:31:690
processName:VCTIP
PID:  21356
PPID: 9884
csID: 1
==================================================================
==================================================================
2023/06/20_08:47:12:843
processName:cmd
PID:  19984
PPID: 20972
csID: 2
==================================================================
==================================================================
2023/06/20_08:47:12:870
processName:chcp
PID:  19600
PPID: 19984
csID: 3
==================================================================
==================================================================
2023/06/20_08:47:12:938
processName:MSBuild
PID:  22972
PPID: 19984
csID: 4
==================================================================
==================================================================
2023/06/20_08:47:13:197
processName:csc
PID:  1536
PPID: 22972
csID: 5
==================================================================
==================================================================
2023/06/20_08:47:13:248
processName:cvtres
PID:  23036
PPID: 1536
csID: 6
==================================================================
==================================================================
2023/06/20_08:47:13:329
processName:conhost
PID:  21780
PPID: 22552
csID: 7
==================================================================
==================================================================
2023/06/20_08:47:13:351
processName:Tracker
PID:  22552
PPID: 22972
csID: 8
==================================================================
==================================================================
2023/06/20_08:47:13:378
processName:CL
PID:  1112
PPID: 22552
csID: 9
==================================================================
==================================================================
2023/06/20_08:47:13:416
processName:mspdbsrv
PID:  21764
PPID: 1112
csID: 10
==================================================================
==================================================================
2023/06/20_08:47:13:852
processName:conhost
PID:  9860
PPID: 2268
csID: 11
==================================================================
==================================================================
2023/06/20_08:47:13:875
processName:Tracker
PID:  2268
PPID: 22972
csID: 12
==================================================================
==================================================================
2023/06/20_08:47:13:899
processName:link
PID:  9980
PPID: 2268
csID: 13
==================================================================
==================================================================
2023/06/20_08:47:13:941
processName:rc
PID:  4404
PPID: 9980
csID: 14
==================================================================
==================================================================
2023/06/20_08:47:13:970
processName:cvtres
PID:  21936
PPID: 9980
csID: 15
==================================================================
==================================================================
2023/06/20_08:47:14:175
processName:chcp
PID:  8076
PPID: 19984
csID: 16
==================================================================
