(21356)(    1)ME: C:\Program Files (x86)\Microsoft Visual Studio 14.0\VC\bin\x86_amd64\VCTIP.EXE
(21356)(    1) + HOME: C:\Users\nryun\AppData\Local\Suresofttech\STATIC Toolbox\apps\STATIC Client for C, C++ v1.2.0\
(21356)(    1) + WORKING: D:\VPES_GIT\vpes_git\miro_vs2015\.staticdata
(21356) + IGNORE: msbuild xxxxx // INTEREST: cl gcc cc g++ ar link ld xxx xc8 cpp cpstm8 castm8 clnk tricore-gcc tricore-g++ ctoa etoa ecomppc elxr
(21356)(    1) + Ignored EXENAME: vctip
(19984)(    2)ME: C:\Windows\system32\cmd.exe
(19984)(    2) + HOME: C:\Users\nryun\AppData\Local\Suresofttech\STATIC Toolbox\apps\STATIC Client for C, C++ v1.2.0\
(19984)(    2) + WORKING: D:\VPES_GIT\vpes_git\miro_vs2015\.staticdata
(19984) + IGNORE: msbuild xxxxx // INTEREST: cl gcc cc g++ ar link ld xxx xc8 cpp cpstm8 castm8 clnk tricore-gcc tricore-g++ ctoa etoa ecomppc elxr
(19984)(    2) + Ignored EXENAME: cmd
(19600)(    3)ME: C:\Windows\system32\chcp.com
(19600)(    3) + HOME: C:\Users\nryun\AppData\Local\Suresofttech\STATIC Toolbox\apps\STATIC Client for C, C++ v1.2.0\
(19600)(    3) + WORKING: D:\VPES_GIT\vpes_git\miro_vs2015\.staticdata
(19600) + IGNORE: msbuild xxxxx // INTEREST: cl gcc cc g++ ar link ld xxx xc8 cpp cpstm8 castm8 clnk tricore-gcc tricore-g++ ctoa etoa ecomppc elxr
(19600)(    3) + Ignored EXENAME: chcp
(22972)(    4)ME: C:\Program Files (x86)\MSBuild\14.0\bin\MSBuild.exe
(22972)(    4) + HOME: C:\Users\nryun\AppData\Local\Suresofttech\STATIC Toolbox\apps\STATIC Client for C, C++ v1.2.0\
(22972)(    4) + WORKING: D:\VPES_GIT\vpes_git\miro_vs2015\.staticdata
(22972) + IGNORE: msbuild xxxxx // INTEREST: cl gcc cc g++ ar link ld xxx xc8 cpp cpstm8 castm8 clnk tricore-gcc tricore-g++ ctoa etoa ecomppc elxr
(22972)(    4)ME: C:\Program Files (x86)\MSBuild\14.0\bin\MSBuild.exe
(22972)(    4) + HOME: C:\Users\nryun\AppData\Local\Suresofttech\STATIC Toolbox\apps\STATIC Client for C, C++ v1.2.0\
(22972)(    4) + WORKING: D:\VPES_GIT\vpes_git\miro_vs2015\.staticdata
(22972) + IGNORE: msbuild xxxxx // INTEREST: cl gcc cc g++ ar link ld xxx xc8 cpp cpstm8 castm8 clnk tricore-gcc tricore-g++ ctoa etoa ecomppc elxr
( 1536)(    5)ME: C:\Windows\Microsoft.NET\Framework\v4.0.30319\csc.exe
( 1536)(    5) + HOME: C:\Users\nryun\AppData\Local\Suresofttech\STATIC Toolbox\apps\STATIC Client for C, C++ v1.2.0\
( 1536)(    5) + WORKING: D:\VPES_GIT\vpes_git\miro_vs2015\.staticdata
( 1536) + IGNORE: msbuild xxxxx // INTEREST: cl gcc cc g++ ar link ld xxx xc8 cpp cpstm8 castm8 clnk tricore-gcc tricore-g++ ctoa etoa ecomppc elxr
( 1536)(    5) + Ignored EXENAME: csc
(23036)(    6)ME: C:\Windows\Microsoft.NET\Framework\v4.0.30319\cvtres.exe
(23036)(    6) + HOME: C:\Users\nryun\AppData\Local\Suresofttech\STATIC Toolbox\apps\STATIC Client for C, C++ v1.2.0\
(23036)(    6) + WORKING: D:\VPES_GIT\vpes_git\miro_vs2015\.staticdata
(23036) + IGNORE: msbuild xxxxx // INTEREST: cl gcc cc g++ ar link ld xxx xc8 cpp cpstm8 castm8 clnk tricore-gcc tricore-g++ ctoa etoa ecomppc elxr
(23036)(    6) + Ignored EXENAME: cvtres
(23036)(    6)ME: C:\Windows\Microsoft.NET\Framework\v4.0.30319\cvtres.exe
(23036)(    6) + HOME: C:\Users\nryun\AppData\Local\Suresofttech\STATIC Toolbox\apps\STATIC Client for C, C++ v1.2.0\
(23036)(    6) + WORKING: D:\VPES_GIT\vpes_git\miro_vs2015\.staticdata
(23036) + IGNORE: msbuild xxxxx // INTEREST: cl gcc cc g++ ar link ld xxx xc8 cpp cpstm8 castm8 clnk tricore-gcc tricore-g++ ctoa etoa ecomppc elxr
( 1536)(    5)ME: C:\Windows\Microsoft.NET\Framework\v4.0.30319\csc.exe
( 1536)(    5) + HOME: C:\Users\nryun\AppData\Local\Suresofttech\STATIC Toolbox\apps\STATIC Client for C, C++ v1.2.0\
( 1536)(    5) + WORKING: D:\VPES_GIT\vpes_git\miro_vs2015\.staticdata
( 1536) + IGNORE: msbuild xxxxx // INTEREST: cl gcc cc g++ ar link ld xxx xc8 cpp cpstm8 castm8 clnk tricore-gcc tricore-g++ ctoa etoa ecomppc elxr
(21780)(    7)ME: C:\Windows\system32\conhost.exe
(21780)(    7) + HOME: C:\Users\nryun\AppData\Local\Suresofttech\STATIC Toolbox\apps\STATIC Client for C, C++ v1.2.0\
(21780)(    7) + WORKING: D:\VPES_GIT\vpes_git\miro_vs2015\.staticdata
(21780) + IGNORE: msbuild xxxxx // INTEREST: cl gcc cc g++ ar link ld xxx xc8 cpp cpstm8 castm8 clnk tricore-gcc tricore-g++ ctoa etoa ecomppc elxr
(21780)(    7) + Ignored EXENAME: conhost
(22552)(    8)ME: C:\Program Files (x86)\MSBuild\14.0\bin\Tracker.exe
(22552)(    8) + HOME: C:\Users\nryun\AppData\Local\Suresofttech\STATIC Toolbox\apps\STATIC Client for C, C++ v1.2.0\
(22552)(    8) + WORKING: D:\VPES_GIT\vpes_git\miro_vs2015\.staticdata
(22552) + IGNORE: msbuild xxxxx // INTEREST: cl gcc cc g++ ar link ld xxx xc8 cpp cpstm8 castm8 clnk tricore-gcc tricore-g++ ctoa etoa ecomppc elxr
(22552)(    8) + Ignored EXENAME: tracker
(21764)(   10)ME: C:\Program Files (x86)\Microsoft Visual Studio 14.0\VC\bin\mspdbsrv.exe
(21764)(   10) + HOME: C:\Users\nryun\AppData\Local\Suresofttech\STATIC Toolbox\apps\STATIC Client for C, C++ v1.2.0\
(21764)(   10) + WORKING: D:\VPES_GIT\vpes_git\miro_vs2015\.staticdata
(21764) + IGNORE: msbuild xxxxx // INTEREST: cl gcc cc g++ ar link ld xxx xc8 cpp cpstm8 castm8 clnk tricore-gcc tricore-g++ ctoa etoa ecomppc elxr
(21764)(   10) + Ignored EXENAME: mspdbsrv
( 1112)(    9)ME: C:\Program Files (x86)\Microsoft Visual Studio 14.0\VC\bin\x86_amd64\CL.exe
( 1112)(    9) + HOME: C:\Users\nryun\AppData\Local\Suresofttech\STATIC Toolbox\apps\STATIC Client for C, C++ v1.2.0\
( 1112)(    9) + WORKING: D:\VPES_GIT\vpes_git\miro_vs2015\.staticdata
( 1112) + IGNORE: msbuild xxxxx // INTEREST: cl gcc cc g++ ar link ld xxx xc8 cpp cpstm8 castm8 clnk tricore-gcc tricore-g++ ctoa etoa ecomppc elxr
( 1112)(    9)ME: C:\Program Files (x86)\Microsoft Visual Studio 14.0\VC\bin\x86_amd64\CL.exe
( 1112)(    9) + HOME: C:\Users\nryun\AppData\Local\Suresofttech\STATIC Toolbox\apps\STATIC Client for C, C++ v1.2.0\
( 1112)(    9) + WORKING: D:\VPES_GIT\vpes_git\miro_vs2015\.staticdata
( 1112) + IGNORE: msbuild xxxxx // INTEREST: cl gcc cc g++ ar link ld xxx xc8 cpp cpstm8 castm8 clnk tricore-gcc tricore-g++ ctoa etoa ecomppc elxr
(22552)(    8)ME: C:\Program Files (x86)\MSBuild\14.0\bin\Tracker.exe
(22552)(    8) + HOME: C:\Users\nryun\AppData\Local\Suresofttech\STATIC Toolbox\apps\STATIC Client for C, C++ v1.2.0\
(22552)(    8) + WORKING: D:\VPES_GIT\vpes_git\miro_vs2015\.staticdata
(22552) + IGNORE: msbuild xxxxx // INTEREST: cl gcc cc g++ ar link ld xxx xc8 cpp cpstm8 castm8 clnk tricore-gcc tricore-g++ ctoa etoa ecomppc elxr
( 9860)(   11)ME: C:\Windows\system32\conhost.exe
( 9860)(   11) + HOME: C:\Users\nryun\AppData\Local\Suresofttech\STATIC Toolbox\apps\STATIC Client for C, C++ v1.2.0\
( 9860)(   11) + WORKING: D:\VPES_GIT\vpes_git\miro_vs2015\.staticdata
( 9860) + IGNORE: msbuild xxxxx // INTEREST: cl gcc cc g++ ar link ld xxx xc8 cpp cpstm8 castm8 clnk tricore-gcc tricore-g++ ctoa etoa ecomppc elxr
( 9860)(   11) + Ignored EXENAME: conhost
( 2268)(   12)ME: C:\Program Files (x86)\MSBuild\14.0\bin\Tracker.exe
( 2268)(   12) + HOME: C:\Users\nryun\AppData\Local\Suresofttech\STATIC Toolbox\apps\STATIC Client for C, C++ v1.2.0\
( 2268)(   12) + WORKING: D:\VPES_GIT\vpes_git\miro_vs2015\.staticdata
( 2268) + IGNORE: msbuild xxxxx // INTEREST: cl gcc cc g++ ar link ld xxx xc8 cpp cpstm8 castm8 clnk tricore-gcc tricore-g++ ctoa etoa ecomppc elxr
( 2268)(   12) + Ignored EXENAME: tracker
( 4404)(   14)ME: C:\Program Files (x86)\Windows Kits\8.1\bin\x86\rc.exe
( 4404)(   14) + HOME: C:\Users\nryun\AppData\Local\Suresofttech\STATIC Toolbox\apps\STATIC Client for C, C++ v1.2.0\
( 4404)(   14) + WORKING: D:\VPES_GIT\vpes_git\miro_vs2015\.staticdata
( 4404) + IGNORE: msbuild xxxxx // INTEREST: cl gcc cc g++ ar link ld xxx xc8 cpp cpstm8 castm8 clnk tricore-gcc tricore-g++ ctoa etoa ecomppc elxr
( 4404)(   14) + Ignored EXENAME: rc
( 4404)(   14)ME: C:\Program Files (x86)\Windows Kits\8.1\bin\x86\rc.exe
( 4404)(   14) + HOME: C:\Users\nryun\AppData\Local\Suresofttech\STATIC Toolbox\apps\STATIC Client for C, C++ v1.2.0\
( 4404)(   14) + WORKING: D:\VPES_GIT\vpes_git\miro_vs2015\.staticdata
( 4404) + IGNORE: msbuild xxxxx // INTEREST: cl gcc cc g++ ar link ld xxx xc8 cpp cpstm8 castm8 clnk tricore-gcc tricore-g++ ctoa etoa ecomppc elxr
(21936)(   15)ME: C:\Program Files (x86)\Microsoft Visual Studio 14.0\VC\bin\cvtres.exe
(21936)(   15) + HOME: C:\Users\nryun\AppData\Local\Suresofttech\STATIC Toolbox\apps\STATIC Client for C, C++ v1.2.0\
(21936)(   15) + WORKING: D:\VPES_GIT\vpes_git\miro_vs2015\.staticdata
(21936) + IGNORE: msbuild xxxxx // INTEREST: cl gcc cc g++ ar link ld xxx xc8 cpp cpstm8 castm8 clnk tricore-gcc tricore-g++ ctoa etoa ecomppc elxr
(21936)(   15) + Ignored EXENAME: cvtres
(21936)(   15)ME: C:\Program Files (x86)\Microsoft Visual Studio 14.0\VC\bin\cvtres.exe
(21936)(   15) + HOME: C:\Users\nryun\AppData\Local\Suresofttech\STATIC Toolbox\apps\STATIC Client for C, C++ v1.2.0\
(21936)(   15) + WORKING: D:\VPES_GIT\vpes_git\miro_vs2015\.staticdata
(21936) + IGNORE: msbuild xxxxx // INTEREST: cl gcc cc g++ ar link ld xxx xc8 cpp cpstm8 castm8 clnk tricore-gcc tricore-g++ ctoa etoa ecomppc elxr
( 9980)(   13)ME: C:\Program Files (x86)\Microsoft Visual Studio 14.0\VC\bin\x86_amd64\link.exe
( 9980)(   13) + HOME: C:\Users\nryun\AppData\Local\Suresofttech\STATIC Toolbox\apps\STATIC Client for C, C++ v1.2.0\
( 9980)(   13) + WORKING: D:\VPES_GIT\vpes_git\miro_vs2015\.staticdata
( 9980) + IGNORE: msbuild xxxxx // INTEREST: cl gcc cc g++ ar link ld xxx xc8 cpp cpstm8 castm8 clnk tricore-gcc tricore-g++ ctoa etoa ecomppc elxr
( 9980)(   13)ME: C:\Program Files (x86)\Microsoft Visual Studio 14.0\VC\bin\x86_amd64\link.exe
( 9980)(   13) + HOME: C:\Users\nryun\AppData\Local\Suresofttech\STATIC Toolbox\apps\STATIC Client for C, C++ v1.2.0\
( 9980)(   13) + WORKING: D:\VPES_GIT\vpes_git\miro_vs2015\.staticdata
( 9980) + IGNORE: msbuild xxxxx // INTEREST: cl gcc cc g++ ar link ld xxx xc8 cpp cpstm8 castm8 clnk tricore-gcc tricore-g++ ctoa etoa ecomppc elxr
( 2268)(   12)ME: C:\Program Files (x86)\MSBuild\14.0\bin\Tracker.exe
( 2268)(   12) + HOME: C:\Users\nryun\AppData\Local\Suresofttech\STATIC Toolbox\apps\STATIC Client for C, C++ v1.2.0\
( 2268)(   12) + WORKING: D:\VPES_GIT\vpes_git\miro_vs2015\.staticdata
( 2268) + IGNORE: msbuild xxxxx // INTEREST: cl gcc cc g++ ar link ld xxx xc8 cpp cpstm8 castm8 clnk tricore-gcc tricore-g++ ctoa etoa ecomppc elxr
( 8076)(   16)ME: C:\Windows\system32\chcp.com
( 8076)(   16) + HOME: C:\Users\nryun\AppData\Local\Suresofttech\STATIC Toolbox\apps\STATIC Client for C, C++ v1.2.0\
( 8076)(   16) + WORKING: D:\VPES_GIT\vpes_git\miro_vs2015\.staticdata
( 8076) + IGNORE: msbuild xxxxx // INTEREST: cl gcc cc g++ ar link ld xxx xc8 cpp cpstm8 castm8 clnk tricore-gcc tricore-g++ ctoa etoa ecomppc elxr
( 8076)(   16) + Ignored EXENAME: chcp
(21764)(   10)ME: C:\Program Files (x86)\Microsoft Visual Studio 14.0\VC\bin\mspdbsrv.exe
(21764)(   10) + HOME: C:\Users\nryun\AppData\Local\Suresofttech\STATIC Toolbox\apps\STATIC Client for C, C++ v1.2.0\
(21764)(   10) + WORKING: D:\VPES_GIT\vpes_git\miro_vs2015\.staticdata
(21764) + IGNORE: msbuild xxxxx // INTEREST: cl gcc cc g++ ar link ld xxx xc8 cpp cpstm8 castm8 clnk tricore-gcc tricore-g++ ctoa etoa ecomppc elxr
(21356)(    1)ME: C:\Program Files (x86)\Microsoft Visual Studio 14.0\VC\bin\x86_amd64\VCTIP.EXE
(21356)(    1) + HOME: C:\Users\nryun\AppData\Local\Suresofttech\STATIC Toolbox\apps\STATIC Client for C, C++ v1.2.0\
(21356)(    1) + WORKING: D:\VPES_GIT\vpes_git\miro_vs2015\.staticdata
(21356) + IGNORE: msbuild xxxxx // INTEREST: cl gcc cc g++ ar link ld xxx xc8 cpp cpstm8 castm8 clnk tricore-gcc tricore-g++ ctoa etoa ecomppc elxr
