==================================================================
2020/11/27_02:11:11:894
processName:conhost
PID:  50696
PPID: 21484
csID: 1
==================================================================
==================================================================
2020/11/27_02:11:11:943
processName:msbuild
PID:  21484
PPID: 27536
csID: 2
==================================================================
==================================================================
2020/11/27_02:11:12:619
processName:csc
PID:  44060
PPID: 21484
csID: 3
==================================================================
==================================================================
2020/11/27_02:11:12:748
processName:cvtres
PID:  33924
PPID: 44060
csID: 4
==================================================================
==================================================================
2020/11/27_02:11:12:948
processName:conhost
PID:  41512
PPID: 65836
csID: 5
==================================================================
==================================================================
2020/11/27_02:11:12:996
processName:Tracker
PID:  65836
PPID: 21484
csID: 6
==================================================================
==================================================================
2020/11/27_02:11:13:60
processName:CL
PID:  42300
PPID: 65836
csID: 7
==================================================================
==================================================================
2020/11/27_02:11:13:377
processName:conhost
PID:  23224
PPID: 10224
csID: 8
==================================================================
==================================================================
2020/11/27_02:11:13:426
processName:Tracker
PID:  10224
PPID: 21484
csID: 9
==================================================================
==================================================================
2020/11/27_02:11:13:483
processName:link
PID:  56396
PPID: 10224
csID: 10
==================================================================
==================================================================
2020/11/27_02:11:13:678
processName:rc
PID:  17040
PPID: 56396
csID: 11
==================================================================
==================================================================
2020/11/27_02:11:13:764
processName:cvtres
PID:  27700
PPID: 56396
csID: 12
==================================================================
==================================================================
2020/11/27_02:11:13:846
processName:mspdbsrv
PID:  33952
PPID: 56396
csID: 13
==================================================================
==================================================================
2020/11/27_02:11:14:263
processName:VCTIP
PID:  43180
PPID: 56396
csID: 14
==================================================================
