(50696)(    1)ME: C:\WINDOWS\system32\conhost.exe
(50696)(    1) + HOME: C:\Users\ysgo\AppData\Local\Suresofttech\STATIC Toolbox\apps\STATIC Client for C, C++ v1.1.4\
(50696)(    1) + WORKING: C:\Users\ysgo\Desktop\Selenium\STATIC_Automation\src\ccpp\Compatibility\English\2015_C_x86_address\.staticdata
(50696) + IGNORE: msbuild xxxxx // INTEREST: cl gcc cc g++ ar link ld xxx xc8 cpp cpstm8 castm8 clnk tricore-gcc tricore-g++ ctoa etoa ecomppc elxr
(50696)(    1) + Ignored EXENAME: conhost
(21484)(    2)ME: C:\Program Files (x86)\MSBuild\14.0\bin\msbuild.exe
(21484)(    2) + HOME: C:\Users\ysgo\AppData\Local\Suresofttech\STATIC Toolbox\apps\STATIC Client for C, C++ v1.1.4\
(21484)(    2) + WORKING: C:\Users\ysgo\Desktop\Selenium\STATIC_Automation\src\ccpp\Compatibility\English\2015_C_x86_address\.staticdata
(21484) + IGNORE: msbuild xxxxx // INTEREST: cl gcc cc g++ ar link ld xxx xc8 cpp cpstm8 castm8 clnk tricore-gcc tricore-g++ ctoa etoa ecomppc elxr
(21484)(    2)ME: C:\Program Files (x86)\MSBuild\14.0\bin\msbuild.exe
(21484)(    2) + HOME: C:\Users\ysgo\AppData\Local\Suresofttech\STATIC Toolbox\apps\STATIC Client for C, C++ v1.1.4\
(21484)(    2) + WORKING: C:\Users\ysgo\Desktop\Selenium\STATIC_Automation\src\ccpp\Compatibility\English\2015_C_x86_address\.staticdata
(21484) + IGNORE: msbuild xxxxx // INTEREST: cl gcc cc g++ ar link ld xxx xc8 cpp cpstm8 castm8 clnk tricore-gcc tricore-g++ ctoa etoa ecomppc elxr
(44060)(    3)ME: C:\Windows\Microsoft.NET\Framework\v4.0.30319\csc.exe
(44060)(    3) + HOME: C:\Users\ysgo\AppData\Local\Suresofttech\STATIC Toolbox\apps\STATIC Client for C, C++ v1.1.4\
(44060)(    3) + WORKING: C:\Users\ysgo\Desktop\Selenium\STATIC_Automation\src\ccpp\Compatibility\English\2015_C_x86_address\.staticdata
(44060) + IGNORE: msbuild xxxxx // INTEREST: cl gcc cc g++ ar link ld xxx xc8 cpp cpstm8 castm8 clnk tricore-gcc tricore-g++ ctoa etoa ecomppc elxr
(44060)(    3) + Ignored EXENAME: csc
(33924)(    4)ME: C:\Windows\Microsoft.NET\Framework\v4.0.30319\cvtres.exe
(33924)(    4) + HOME: C:\Users\ysgo\AppData\Local\Suresofttech\STATIC Toolbox\apps\STATIC Client for C, C++ v1.1.4\
(33924)(    4) + WORKING: C:\Users\ysgo\Desktop\Selenium\STATIC_Automation\src\ccpp\Compatibility\English\2015_C_x86_address\.staticdata
(33924) + IGNORE: msbuild xxxxx // INTEREST: cl gcc cc g++ ar link ld xxx xc8 cpp cpstm8 castm8 clnk tricore-gcc tricore-g++ ctoa etoa ecomppc elxr
(33924)(    4) + Ignored EXENAME: cvtres
(41512)(    5)ME: C:\WINDOWS\system32\conhost.exe
(41512)(    5) + HOME: C:\Users\ysgo\AppData\Local\Suresofttech\STATIC Toolbox\apps\STATIC Client for C, C++ v1.1.4\
(41512)(    5) + WORKING: C:\Users\ysgo\Desktop\Selenium\STATIC_Automation\src\ccpp\Compatibility\English\2015_C_x86_address\.staticdata
(41512) + IGNORE: msbuild xxxxx // INTEREST: cl gcc cc g++ ar link ld xxx xc8 cpp cpstm8 castm8 clnk tricore-gcc tricore-g++ ctoa etoa ecomppc elxr
(41512)(    5) + Ignored EXENAME: conhost
(65836)(    6)ME: C:\Program Files (x86)\MSBuild\14.0\bin\Tracker.exe
(65836)(    6) + HOME: C:\Users\ysgo\AppData\Local\Suresofttech\STATIC Toolbox\apps\STATIC Client for C, C++ v1.1.4\
(65836)(    6) + WORKING: C:\Users\ysgo\Desktop\Selenium\STATIC_Automation\src\ccpp\Compatibility\English\2015_C_x86_address\.staticdata
(65836) + IGNORE: msbuild xxxxx // INTEREST: cl gcc cc g++ ar link ld xxx xc8 cpp cpstm8 castm8 clnk tricore-gcc tricore-g++ ctoa etoa ecomppc elxr
(65836)(    6) + Ignored EXENAME: tracker
(42300)(    7)ME: C:\Program Files (x86)\Microsoft Visual Studio 14.0\VC\bin\CL.exe
(42300)(    7) + HOME: C:\Users\ysgo\AppData\Local\Suresofttech\STATIC Toolbox\apps\STATIC Client for C, C++ v1.1.4\
(42300)(    7) + WORKING: C:\Users\ysgo\Desktop\Selenium\STATIC_Automation\src\ccpp\Compatibility\English\2015_C_x86_address\.staticdata
(42300) + IGNORE: msbuild xxxxx // INTEREST: cl gcc cc g++ ar link ld xxx xc8 cpp cpstm8 castm8 clnk tricore-gcc tricore-g++ ctoa etoa ecomppc elxr
(42300)(    7)ME: C:\Program Files (x86)\Microsoft Visual Studio 14.0\VC\bin\CL.exe
(42300)(    7) + HOME: C:\Users\ysgo\AppData\Local\Suresofttech\STATIC Toolbox\apps\STATIC Client for C, C++ v1.1.4\
(42300)(    7) + WORKING: C:\Users\ysgo\Desktop\Selenium\STATIC_Automation\src\ccpp\Compatibility\English\2015_C_x86_address\.staticdata
(42300) + IGNORE: msbuild xxxxx // INTEREST: cl gcc cc g++ ar link ld xxx xc8 cpp cpstm8 castm8 clnk tricore-gcc tricore-g++ ctoa etoa ecomppc elxr
(23224)(    8)ME: C:\WINDOWS\system32\conhost.exe
(23224)(    8) + HOME: C:\Users\ysgo\AppData\Local\Suresofttech\STATIC Toolbox\apps\STATIC Client for C, C++ v1.1.4\
(23224)(    8) + WORKING: C:\Users\ysgo\Desktop\Selenium\STATIC_Automation\src\ccpp\Compatibility\English\2015_C_x86_address\.staticdata
(23224) + IGNORE: msbuild xxxxx // INTEREST: cl gcc cc g++ ar link ld xxx xc8 cpp cpstm8 castm8 clnk tricore-gcc tricore-g++ ctoa etoa ecomppc elxr
(23224)(    8) + Ignored EXENAME: conhost
(10224)(    9)ME: C:\Program Files (x86)\MSBuild\14.0\bin\Tracker.exe
(10224)(    9) + HOME: C:\Users\ysgo\AppData\Local\Suresofttech\STATIC Toolbox\apps\STATIC Client for C, C++ v1.1.4\
(10224)(    9) + WORKING: C:\Users\ysgo\Desktop\Selenium\STATIC_Automation\src\ccpp\Compatibility\English\2015_C_x86_address\.staticdata
(10224) + IGNORE: msbuild xxxxx // INTEREST: cl gcc cc g++ ar link ld xxx xc8 cpp cpstm8 castm8 clnk tricore-gcc tricore-g++ ctoa etoa ecomppc elxr
(10224)(    9) + Ignored EXENAME: tracker
(17040)(   11)ME: C:\Program Files (x86)\Windows Kits\8.1\bin\x86\rc.exe
(17040)(   11) + HOME: C:\Users\ysgo\AppData\Local\Suresofttech\STATIC Toolbox\apps\STATIC Client for C, C++ v1.1.4\
(17040)(   11) + WORKING: C:\Users\ysgo\Desktop\Selenium\STATIC_Automation\src\ccpp\Compatibility\English\2015_C_x86_address\.staticdata
(17040) + IGNORE: msbuild xxxxx // INTEREST: cl gcc cc g++ ar link ld xxx xc8 cpp cpstm8 castm8 clnk tricore-gcc tricore-g++ ctoa etoa ecomppc elxr
(17040)(   11) + Ignored EXENAME: rc
(27700)(   12)ME: C:\Program Files (x86)\Microsoft Visual Studio 14.0\VC\bin\cvtres.exe
(27700)(   12) + HOME: C:\Users\ysgo\AppData\Local\Suresofttech\STATIC Toolbox\apps\STATIC Client for C, C++ v1.1.4\
(27700)(   12) + WORKING: C:\Users\ysgo\Desktop\Selenium\STATIC_Automation\src\ccpp\Compatibility\English\2015_C_x86_address\.staticdata
(27700) + IGNORE: msbuild xxxxx // INTEREST: cl gcc cc g++ ar link ld xxx xc8 cpp cpstm8 castm8 clnk tricore-gcc tricore-g++ ctoa etoa ecomppc elxr
(27700)(   12) + Ignored EXENAME: cvtres
(33952)(   13)ME: C:\Program Files (x86)\Microsoft Visual Studio 14.0\VC\bin\mspdbsrv.exe
(33952)(   13) + HOME: C:\Users\ysgo\AppData\Local\Suresofttech\STATIC Toolbox\apps\STATIC Client for C, C++ v1.1.4\
(33952)(   13) + WORKING: C:\Users\ysgo\Desktop\Selenium\STATIC_Automation\src\ccpp\Compatibility\English\2015_C_x86_address\.staticdata
(33952) + IGNORE: msbuild xxxxx // INTEREST: cl gcc cc g++ ar link ld xxx xc8 cpp cpstm8 castm8 clnk tricore-gcc tricore-g++ ctoa etoa ecomppc elxr
(33952)(   13) + Ignored EXENAME: mspdbsrv
(43180)(   14)ME: C:\Program Files (x86)\Microsoft Visual Studio 14.0\VC\bin\VCTIP.EXE
(43180)(   14) + HOME: C:\Users\ysgo\AppData\Local\Suresofttech\STATIC Toolbox\apps\STATIC Client for C, C++ v1.1.4\
(43180)(   14) + WORKING: C:\Users\ysgo\Desktop\Selenium\STATIC_Automation\src\ccpp\Compatibility\English\2015_C_x86_address\.staticdata
(43180) + IGNORE: msbuild xxxxx // INTEREST: cl gcc cc g++ ar link ld xxx xc8 cpp cpstm8 castm8 clnk tricore-gcc tricore-g++ ctoa etoa ecomppc elxr
(43180)(   14) + Ignored EXENAME: vctip
(56396)(   10)ME: C:\Program Files (x86)\Microsoft Visual Studio 14.0\VC\bin\link.exe
(56396)(   10) + HOME: C:\Users\ysgo\AppData\Local\Suresofttech\STATIC Toolbox\apps\STATIC Client for C, C++ v1.1.4\
(56396)(   10) + WORKING: C:\Users\ysgo\Desktop\Selenium\STATIC_Automation\src\ccpp\Compatibility\English\2015_C_x86_address\.staticdata
(56396) + IGNORE: msbuild xxxxx // INTEREST: cl gcc cc g++ ar link ld xxx xc8 cpp cpstm8 castm8 clnk tricore-gcc tricore-g++ ctoa etoa ecomppc elxr
(56396)(   10)ME: C:\Program Files (x86)\Microsoft Visual Studio 14.0\VC\bin\link.exe
(56396)(   10) + HOME: C:\Users\ysgo\AppData\Local\Suresofttech\STATIC Toolbox\apps\STATIC Client for C, C++ v1.1.4\
(56396)(   10) + WORKING: C:\Users\ysgo\Desktop\Selenium\STATIC_Automation\src\ccpp\Compatibility\English\2015_C_x86_address\.staticdata
(56396) + IGNORE: msbuild xxxxx // INTEREST: cl gcc cc g++ ar link ld xxx xc8 cpp cpstm8 castm8 clnk tricore-gcc tricore-g++ ctoa etoa ecomppc elxr
(43180)(   14)ME: C:\Program Files (x86)\Microsoft Visual Studio 14.0\VC\bin\VCTIP.EXE
(43180)(   14) + HOME: C:\Users\ysgo\AppData\Local\Suresofttech\STATIC Toolbox\apps\STATIC Client for C, C++ v1.1.4\
(43180)(   14) + WORKING: C:\Users\ysgo\Desktop\Selenium\STATIC_Automation\src\ccpp\Compatibility\English\2015_C_x86_address\.staticdata
(43180) + IGNORE: msbuild xxxxx // INTEREST: cl gcc cc g++ ar link ld xxx xc8 cpp cpstm8 castm8 clnk tricore-gcc tricore-g++ ctoa etoa ecomppc elxr
(33952)(   13)ME: C:\Program Files (x86)\Microsoft Visual Studio 14.0\VC\bin\mspdbsrv.exe
(33952)(   13) + HOME: C:\Users\ysgo\AppData\Local\Suresofttech\STATIC Toolbox\apps\STATIC Client for C, C++ v1.1.4\
(33952)(   13) + WORKING: C:\Users\ysgo\Desktop\Selenium\STATIC_Automation\src\ccpp\Compatibility\English\2015_C_x86_address\.staticdata
(33952) + IGNORE: msbuild xxxxx // INTEREST: cl gcc cc g++ ar link ld xxx xc8 cpp cpstm8 castm8 clnk tricore-gcc tricore-g++ ctoa etoa ecomppc elxr
